Baseline method: in_distribution: cifar10==========
out_distribution: svhn
 TNR95  TNR99  AUROC  DTACC  AUIN   AUOUT 
 51.81  21.74  93.39  87.66  89.99  96.53

ODIN method: in_distribution: cifar10==========
out_distribution: svhn
 TNR95  TNR99  AUROC  DTACC  AUIN   AUOUT 
 81.47  61.15  95.04  89.48  78.35  98.18
temperature: 1
magnitude: 0.01


Baseline method: in_distribution: fm07==========
out_distribution: fm89
 TNR95  TNR99  AUROC  DTACC  AUIN   AUOUT 
 40.00  12.70  89.18  82.16  98.27  51.93

ODIN method: in_distribution: fm07==========
out_distribution: fm89
 TNR95  TNR99  AUROC  DTACC  AUIN   AUOUT 
 68.60  40.40  93.27  85.51  98.88  73.06
temperature: 10
magnitude: 0.001


Baseline method: in_distribution: mnist==========
out_distribution: fm
 TNR95  TNR99  AUROC  DTACC  AUIN   AUOUT 
 96.33  71.00  98.53  95.71  98.04  98.31

ODIN method: in_distribution: mnist==========
out_distribution: fm
 TNR95  TNR99  AUROC  DTACC  AUIN   AUOUT 
 94.68  66.61  98.05  94.89  97.26  97.82
temperature: 1
magnitude: 0.0005

Out-distribution: mnist17
Baseline method: in_distribution: mnist23689==========
out_distribution: mnist17
 TNR95  TNR99  AUROC  DTACC  AUIN   AUOUT 
 98.54  93.12  99.49  97.81  99.84  97.73

ODIN method: in_distribution: mnist23689==========
out_distribution: mnist17
 TNR95  TNR99  AUROC  DTACC  AUIN   AUOUT 
 98.88  90.63  99.48  97.71  99.84  97.73
temperature: 100
magnitude: 0.001




