Namespace(batch_size=200, dataset='imagenet10', dataroot='./data', ckpt='imagenet10-32-0-o1', nf=32, outf='./output/', num_classes=10, net_type='densenet', gpu=0)
load model: densenet
load target data:  imagenet10
Training dataset size:  13000
Dataset size:  10400 2600 500
3100
get sample mean and covariance

 Training Accuracy:(98.05%)

get Mahalanobis scores
Noise: 0.0
######################################
Testing on DTD Texture
Out-distribution: DTD
(3100, 4)
(5640, 4)
######################################
Testing on LSUN-C
Out-distribution: LSUN-C
(3100, 4)
(10000, 4)
######################################
Testing on LSUN-R
Out-distribution: LSUN-R
(3100, 4)
(10000, 4)
######################################
Testing on Places365
Out-distribution: Places365-small
(3100, 4)
(36500, 4)
######################################
Testing on iSUN
Out-distribution: iSUN
(3100, 4)
(8925, 4)
Using downloaded and verified file: ./data/svhn-data/train_32x32.mat
Using downloaded and verified file: ./data/svhn-data/test_32x32.mat
Out-distribution: svhn
(3100, 4)
(26032, 4)
Noise: 0.01
######################################
Testing on DTD Texture
Out-distribution: DTD
(3100, 4)
(5640, 4)
######################################
Testing on LSUN-C
Out-distribution: LSUN-C
(3100, 4)
(10000, 4)
######################################
Testing on LSUN-R
Out-distribution: LSUN-R
(3100, 4)
(10000, 4)
######################################
Testing on Places365
Out-distribution: Places365-small
(3100, 4)
(36500, 4)
######################################
Testing on iSUN
Out-distribution: iSUN
(3100, 4)
(8925, 4)
Using downloaded and verified file: ./data/svhn-data/train_32x32.mat
Using downloaded and verified file: ./data/svhn-data/test_32x32.mat
Out-distribution: svhn
(3100, 4)
(26032, 4)
Noise: 0.005
######################################
Testing on DTD Texture
Out-distribution: DTD
(3100, 4)
(5640, 4)
######################################
Testing on LSUN-C
Out-distribution: LSUN-C
(3100, 4)
(10000, 4)
######################################
Testing on LSUN-R
Out-distribution: LSUN-R
(3100, 4)
(10000, 4)
######################################
Testing on Places365
Out-distribution: Places365-small
(3100, 4)
(36500, 4)
######################################
Testing on iSUN
Out-distribution: iSUN
(3100, 4)
(8925, 4)
Using downloaded and verified file: ./data/svhn-data/train_32x32.mat
Using downloaded and verified file: ./data/svhn-data/test_32x32.mat
Out-distribution: svhn
(3100, 4)
(26032, 4)
Noise: 0.002
######################################
Testing on DTD Texture
Out-distribution: DTD
