Namespace(batch_size=100, dataset='imagenet10', ckpt='imagenet10-32-0-o1', nf=32, dataroot='./data', outf='output/', num_classes=10, net_type='densenet', gpu=0)
load model: densenet
load target data:  imagenet10
Training dataset size:  13000
Dataset size:  10400 2600 500
3100
Temperature: 1 / noise: 0
######################################
Testing on DTD Texture
Out-distribution: DTD
Testing set size: 2100, 4640
######################################
Testing on LSUN-C
Out-distribution: LSUN-C
Testing set size: 2100, 9000
######################################
Testing on LSUN-R
Out-distribution: LSUN-R
Testing set size: 2100, 9000
######################################
Testing on Places365
Out-distribution: Places365-small
Testing set size: 2100, 35500
######################################
Testing on iSUN
Out-distribution: iSUN
Testing set size: 2100, 7925
Using downloaded and verified file: ./data/svhn-data/train_32x32.mat
Using downloaded and verified file: ./data/svhn-data/test_32x32.mat
Out-distribution: svhn
Testing set size: 2100, 25032
Temperature: 1 / noise: 0.0005
######################################
Testing on DTD Texture
Out-distribution: DTD
Testing set size: 2100, 4640
######################################
Testing on LSUN-C
Out-distribution: LSUN-C
Testing set size: 2100, 9000
######################################
Testing on LSUN-R
Out-distribution: LSUN-R
Testing set size: 2100, 9000
######################################
Testing on Places365
Out-distribution: Places365-small
Testing set size: 2100, 35500
######################################
Testing on iSUN
Out-distribution: iSUN
Testing set size: 2100, 7925
Using downloaded and verified file: ./data/svhn-data/train_32x32.mat
Using downloaded and verified file: ./data/svhn-data/test_32x32.mat
Out-distribution: svhn
Testing set size: 2100, 25032
Temperature: 1 / noise: 0.001
######################################
Testing on DTD Texture
Out-distribution: DTD
Testing set size: 2100, 4640
######################################
Testing on LSUN-C
Out-distribution: LSUN-C
Testing set size: 2100, 9000
######################################
Testing on LSUN-R
Out-distribution: LSUN-R
Testing set size: 2100, 9000
######################################
Testing on Places365
Out-distribution: Places365-small
Testing set size: 2100, 35500
######################################
Testing on iSUN
Out-distribution: iSUN
Testing set size: 2100, 7925
Using downloaded and verified file: ./data/svhn-data/train_32x32.mat
Using downloaded and verified file: ./data/svhn-data/test_32x32.mat
Out-distribution: svhn
Testing set size: 2100, 25032
Temperature: 1 / noise: 0.0014
######################################
Testing on DTD Texture
Out-distribution: DTD
Testing set size: 2100, 4640
######################################
Testing on LSUN-C
Out-distribution: LSUN-C
Testing set size: 2100, 9000
######################################
Testing on LSUN-R
Out-distribution: LSUN-R
Testing set size: 2100, 9000
######################################
Testing on Places365
Out-distribution: Places365-small
Testing set size: 2100, 35500
######################################
Testing on iSUN
Out-distribution: iSUN
Testing set size: 2100, 7925
Using downloaded and verified file: ./data/svhn-data/train_32x32.mat
Using downloaded and verified file: ./data/svhn-data/test_32x32.mat
Out-distribution: svhn
Testing set size: 2100, 25032
Temperature: 1 / noise: 0.002
######################################
Testing on DTD Texture
Out-distribution: DTD
Testing set size: 2100, 4640
######################################
Testing on LSUN-C
Out-distribution: LSUN-C
Testing set size: 2100, 9000
######################################
Testing on LSUN-R
Out-distribution: LSUN-R
Testing set size: 2100, 9000
######################################
Testing on Places365
Out-distribution: Places365-small
Testing set size: 2100, 35500
######################################
Testing on iSUN
Out-distribution: iSUN
Testing set size: 2100, 7925
Using downloaded and verified file: ./data/svhn-data/train_32x32.mat
Using downloaded and verified file: ./data/svhn-data/test_32x32.mat
Out-distribution: svhn
Testing set size: 2100, 25032
Temperature: 1 / noise: 0.0024
######################################
Testing on DTD Texture
Out-distribution: DTD
Testing set size: 2100, 4640
######################################
Testing on LSUN-C
Out-distribution: LSUN-C
Testing set size: 2100, 9000
######################################
Testing on LSUN-R
Out-distribution: LSUN-R
Testing set size: 2100, 9000
######################################
Testing on Places365
Out-distribution: Places365-small
Testing set size: 2100, 35500
######################################
Testing on iSUN
Out-distribution: iSUN
Testing set size: 2100, 7925
Using downloaded and verified file: ./data/svhn-data/train_32x32.mat
Using downloaded and verified file: ./data/svhn-data/test_32x32.mat
Out-distribution: svhn
Testing set size: 2100, 25032
Temperature: 1 / noise: 0.005
######################################
Testing on DTD Texture
Out-distribution: DTD
Testing set size: 2100, 4640
######################################
Testing on LSUN-C
Out-distribution: LSUN-C
Testing set size: 2100, 9000
######################################
Testing on LSUN-R
Out-distribution: LSUN-R
Testing set size: 2100, 9000
######################################
Testing on Places365
Out-distribution: Places365-small
Testing set size: 2100, 35500
######################################
Testing on iSUN
Out-distribution: iSUN
Testing set size: 2100, 7925
Using downloaded and verified file: ./data/svhn-data/train_32x32.mat
Using downloaded and verified file: ./data/svhn-data/test_32x32.mat
Out-distribution: svhn
Testing set size: 2100, 25032
Temperature: 1 / noise: 0.01
######################################
Testing on DTD Texture
Out-distribution: DTD
Testing set size: 2100, 4640
######################################
Testing on LSUN-C
Out-distribution: LSUN-C
Testing set size: 2100, 9000
######################################
Testing on LSUN-R
Out-distribution: LSUN-R
Testing set size: 2100, 9000
######################################
Testing on Places365
Out-distribution: Places365-small
Testing set size: 2100, 35500
######################################
Testing on iSUN
Out-distribution: iSUN
Testing set size: 2100, 7925
Using downloaded and verified file: ./data/svhn-data/train_32x32.mat
Using downloaded and verified file: ./data/svhn-data/test_32x32.mat
Out-distribution: svhn
Testing set size: 2100, 25032
Temperature: 1 / noise: 0.05
######################################
Testing on DTD Texture
Out-distribution: DTD
Testing set size: 2100, 4640
######################################
Testing on LSUN-C
Out-distribution: LSUN-C
Testing set size: 2100, 9000
######################################
Testing on LSUN-R
Out-distribution: LSUN-R
Testing set size: 2100, 9000
######################################
Testing on Places365
Out-distribution: Places365-small
Testing set size: 2100, 35500
######################################
Testing on iSUN
Out-distribution: iSUN
Testing set size: 2100, 7925
Using downloaded and verified file: ./data/svhn-data/train_32x32.mat
Using downloaded and verified file: ./data/svhn-data/test_32x32.mat
Out-distribution: svhn
Testing set size: 2100, 25032
Temperature: 1 / noise: 0.1
######################################
Testing on DTD Texture
Out-distribution: DTD
Testing set size: 2100, 4640
######################################
Testing on LSUN-C
Out-distribution: LSUN-C
Testing set size: 2100, 9000
######################################
Testing on LSUN-R
Out-distribution: LSUN-R
Testing set size: 2100, 9000
######################################
Testing on Places365
Out-distribution: Places365-small
Testing set size: 2100, 35500
######################################
Testing on iSUN
Out-distribution: iSUN
Testing set size: 2100, 7925
Using downloaded and verified file: ./data/svhn-data/train_32x32.mat
Using downloaded and verified file: ./data/svhn-data/test_32x32.mat
Out-distribution: svhn
Testing set size: 2100, 25032
Temperature: 1 / noise: 0.2
######################################
Testing on DTD Texture
Out-distribution: DTD
Testing set size: 2100, 4640
######################################
Testing on LSUN-C
Out-distribution: LSUN-C
Testing set size: 2100, 9000
######################################
Testing on LSUN-R
Out-distribution: LSUN-R
Testing set size: 2100, 9000
######################################
Testing on Places365
Out-distribution: Places365-small
Testing set size: 2100, 35500
######################################
Testing on iSUN
Out-distribution: iSUN
Testing set size: 2100, 7925
Using downloaded and verified file: ./data/svhn-data/train_32x32.mat
Using downloaded and verified file: ./data/svhn-data/test_32x32.mat
Out-distribution: svhn
Testing set size: 2100, 25032
Temperature: 10 / noise: 0
######################################
Testing on DTD Texture
Out-distribution: DTD
Testing set size: 2100, 4640
######################################
Testing on LSUN-C
Out-distribution: LSUN-C
Testing set size: 2100, 9000
######################################
Testing on LSUN-R
Out-distribution: LSUN-R
Testing set size: 2100, 9000
######################################
Testing on Places365
Out-distribution: Places365-small
Testing set size: 2100, 35500
######################################
Testing on iSUN
Out-distribution: iSUN
Testing set size: 2100, 7925
Using downloaded and verified file: ./data/svhn-data/train_32x32.mat
Using downloaded and verified file: ./data/svhn-data/test_32x32.mat
Out-distribution: svhn
Testing set size: 2100, 25032
Temperature: 10 / noise: 0.0005
######################################
Testing on DTD Texture
Out-distribution: DTD
Testing set size: 2100, 4640
######################################
Testing on LSUN-C
Out-distribution: LSUN-C
Testing set size: 2100, 9000
######################################
Testing on LSUN-R
Out-distribution: LSUN-R
Testing set size: 2100, 9000
######################################
Testing on Places365
Out-distribution: Places365-small
Testing set size: 2100, 35500
######################################
Testing on iSUN
Out-distribution: iSUN
Testing set size: 2100, 7925
Using downloaded and verified file: ./data/svhn-data/train_32x32.mat
Using downloaded and verified file: ./data/svhn-data/test_32x32.mat
Out-distribution: svhn
Testing set size: 2100, 25032
Temperature: 10 / noise: 0.001
######################################
Testing on DTD Texture
Out-distribution: DTD
Testing set size: 2100, 4640
######################################
Testing on LSUN-C
Out-distribution: LSUN-C
Testing set size: 2100, 9000
######################################
Testing on LSUN-R
Out-distribution: LSUN-R
Testing set size: 2100, 9000
######################################
Testing on Places365
Out-distribution: Places365-small
Testing set size: 2100, 35500
######################################
Testing on iSUN
Out-distribution: iSUN
Testing set size: 2100, 7925
Using downloaded and verified file: ./data/svhn-data/train_32x32.mat
Using downloaded and verified file: ./data/svhn-data/test_32x32.mat
Out-distribution: svhn
Testing set size: 2100, 25032
Temperature: 10 / noise: 0.0014
######################################
Testing on DTD Texture
Out-distribution: DTD
Testing set size: 2100, 4640
######################################
Testing on LSUN-C
Out-distribution: LSUN-C
Testing set size: 2100, 9000
######################################
Testing on LSUN-R
Out-distribution: LSUN-R
Testing set size: 2100, 9000
######################################
Testing on Places365
Out-distribution: Places365-small
Testing set size: 2100, 35500
######################################
Testing on iSUN
Out-distribution: iSUN
Testing set size: 2100, 7925
Using downloaded and verified file: ./data/svhn-data/train_32x32.mat
Using downloaded and verified file: ./data/svhn-data/test_32x32.mat
Out-distribution: svhn
Testing set size: 2100, 25032
Temperature: 10 / noise: 0.002
######################################
Testing on DTD Texture
Out-distribution: DTD
Testing set size: 2100, 4640
######################################
Testing on LSUN-C
Out-distribution: LSUN-C
Testing set size: 2100, 9000
######################################
Testing on LSUN-R
Out-distribution: LSUN-R
Testing set size: 2100, 9000
######################################
Testing on Places365
Out-distribution: Places365-small
Testing set size: 2100, 35500
######################################
Testing on iSUN
Out-distribution: iSUN
Testing set size: 2100, 7925
Using downloaded and verified file: ./data/svhn-data/train_32x32.mat
Using downloaded and verified file: ./data/svhn-data/test_32x32.mat
Out-distribution: svhn
Testing set size: 2100, 25032
Temperature: 10 / noise: 0.0024
######################################
Testing on DTD Texture
Out-distribution: DTD
Testing set size: 2100, 4640
######################################
Testing on LSUN-C
Out-distribution: LSUN-C
Testing set size: 2100, 9000
######################################
Testing on LSUN-R
Out-distribution: LSUN-R
Testing set size: 2100, 9000
######################################
Testing on Places365
Out-distribution: Places365-small
Testing set size: 2100, 35500
######################################
Testing on iSUN
Out-distribution: iSUN
Testing set size: 2100, 7925
Using downloaded and verified file: ./data/svhn-data/train_32x32.mat
Using downloaded and verified file: ./data/svhn-data/test_32x32.mat
Out-distribution: svhn
Testing set size: 2100, 25032
Temperature: 10 / noise: 0.005
######################################
Testing on DTD Texture
Out-distribution: DTD
Testing set size: 2100, 4640
######################################
Testing on LSUN-C
Out-distribution: LSUN-C
Testing set size: 2100, 9000
######################################
Testing on LSUN-R
Out-distribution: LSUN-R
Testing set size: 2100, 9000
######################################
Testing on Places365
Out-distribution: Places365-small
Testing set size: 2100, 35500
######################################
Testing on iSUN
Out-distribution: iSUN
Testing set size: 2100, 7925
Using downloaded and verified file: ./data/svhn-data/train_32x32.mat
Using downloaded and verified file: ./data/svhn-data/test_32x32.mat
Out-distribution: svhn
Testing set size: 2100, 25032
Temperature: 10 / noise: 0.01
######################################
Testing on DTD Texture
Out-distribution: DTD
Testing set size: 2100, 4640
######################################
Testing on LSUN-C
Out-distribution: LSUN-C
Testing set size: 2100, 9000
######################################
Testing on LSUN-R
Out-distribution: LSUN-R
Testing set size: 2100, 9000
######################################
Testing on Places365
Out-distribution: Places365-small
Testing set size: 2100, 35500
######################################
Testing on iSUN
Out-distribution: iSUN
Testing set size: 2100, 7925
Using downloaded and verified file: ./data/svhn-data/train_32x32.mat
Using downloaded and verified file: ./data/svhn-data/test_32x32.mat
Out-distribution: svhn
Testing set size: 2100, 25032
Temperature: 10 / noise: 0.05
######################################
Testing on DTD Texture
Out-distribution: DTD
Testing set size: 2100, 4640
######################################
Testing on LSUN-C
Out-distribution: LSUN-C
Testing set size: 2100, 9000
######################################
Testing on LSUN-R
Out-distribution: LSUN-R
Testing set size: 2100, 9000
######################################
Testing on Places365
Out-distribution: Places365-small
Testing set size: 2100, 35500
######################################
Testing on iSUN
Out-distribution: iSUN
Testing set size: 2100, 7925
Using downloaded and verified file: ./data/svhn-data/train_32x32.mat
Using downloaded and verified file: ./data/svhn-data/test_32x32.mat
Out-distribution: svhn
Testing set size: 2100, 25032
Temperature: 10 / noise: 0.1
######################################
Testing on DTD Texture
Out-distribution: DTD
Testing set size: 2100, 4640
######################################
Testing on LSUN-C
Out-distribution: LSUN-C
Testing set size: 2100, 9000
######################################
Testing on LSUN-R
Out-distribution: LSUN-R
Testing set size: 2100, 9000
######################################
Testing on Places365
Out-distribution: Places365-small
Testing set size: 2100, 35500
######################################
Testing on iSUN
Out-distribution: iSUN
Testing set size: 2100, 7925
Using downloaded and verified file: ./data/svhn-data/train_32x32.mat
Using downloaded and verified file: ./data/svhn-data/test_32x32.mat
Out-distribution: svhn
Testing set size: 2100, 25032
Temperature: 10 / noise: 0.2
######################################
Testing on DTD Texture
Out-distribution: DTD
Testing set size: 2100, 4640
######################################
Testing on LSUN-C
Out-distribution: LSUN-C
Testing set size: 2100, 9000
######################################
Testing on LSUN-R
Out-distribution: LSUN-R
Testing set size: 2100, 9000
######################################
Testing on Places365
Out-distribution: Places365-small
Testing set size: 2100, 35500
######################################
Testing on iSUN
Out-distribution: iSUN
Testing set size: 2100, 7925
Using downloaded and verified file: ./data/svhn-data/train_32x32.mat
Using downloaded and verified file: ./data/svhn-data/test_32x32.mat
Out-distribution: svhn
Testing set size: 2100, 25032
Temperature: 100 / noise: 0
######################################
Testing on DTD Texture
Out-distribution: DTD
Testing set size: 2100, 4640
######################################
Testing on LSUN-C
Out-distribution: LSUN-C
Testing set size: 2100, 9000
######################################
Testing on LSUN-R
Out-distribution: LSUN-R
Testing set size: 2100, 9000
######################################
Testing on Places365
Out-distribution: Places365-small
Testing set size: 2100, 35500
######################################
Testing on iSUN
Out-distribution: iSUN
Testing set size: 2100, 7925
Using downloaded and verified file: ./data/svhn-data/train_32x32.mat
Using downloaded and verified file: ./data/svhn-data/test_32x32.mat
Out-distribution: svhn
Testing set size: 2100, 25032
Temperature: 100 / noise: 0.0005
######################################
Testing on DTD Texture
Out-distribution: DTD
Testing set size: 2100, 4640
######################################
Testing on LSUN-C
Out-distribution: LSUN-C
Testing set size: 2100, 9000
######################################
Testing on LSUN-R
Out-distribution: LSUN-R
Testing set size: 2100, 9000
######################################
Testing on Places365
Out-distribution: Places365-small
Testing set size: 2100, 35500
######################################
Testing on iSUN
Out-distribution: iSUN
Testing set size: 2100, 7925
Using downloaded and verified file: ./data/svhn-data/train_32x32.mat
Using downloaded and verified file: ./data/svhn-data/test_32x32.mat
Out-distribution: svhn
Testing set size: 2100, 25032
Temperature: 100 / noise: 0.001
######################################
Testing on DTD Texture
Out-distribution: DTD
Testing set size: 2100, 4640
######################################
Testing on LSUN-C
Out-distribution: LSUN-C
Testing set size: 2100, 9000
######################################
Testing on LSUN-R
Out-distribution: LSUN-R
Testing set size: 2100, 9000
######################################
Testing on Places365
Out-distribution: Places365-small
Testing set size: 2100, 35500
######################################
Testing on iSUN
Out-distribution: iSUN
Testing set size: 2100, 7925
Using downloaded and verified file: ./data/svhn-data/train_32x32.mat
Using downloaded and verified file: ./data/svhn-data/test_32x32.mat
Out-distribution: svhn
Testing set size: 2100, 25032
Temperature: 100 / noise: 0.0014
######################################
Testing on DTD Texture
Out-distribution: DTD
Testing set size: 2100, 4640
######################################
Testing on LSUN-C
Out-distribution: LSUN-C
Testing set size: 2100, 9000
######################################
Testing on LSUN-R
Out-distribution: LSUN-R
Testing set size: 2100, 9000
######################################
Testing on Places365
Out-distribution: Places365-small
Testing set size: 2100, 35500
######################################
Testing on iSUN
Out-distribution: iSUN
Testing set size: 2100, 7925
Using downloaded and verified file: ./data/svhn-data/train_32x32.mat
Using downloaded and verified file: ./data/svhn-data/test_32x32.mat
Out-distribution: svhn
Testing set size: 2100, 25032
Temperature: 100 / noise: 0.002
######################################
Testing on DTD Texture
Out-distribution: DTD
Testing set size: 2100, 4640
######################################
Testing on LSUN-C
Out-distribution: LSUN-C
Testing set size: 2100, 9000
######################################
Testing on LSUN-R
Out-distribution: LSUN-R
Testing set size: 2100, 9000
######################################
Testing on Places365
Out-distribution: Places365-small
Testing set size: 2100, 35500
######################################
Testing on iSUN
Out-distribution: iSUN
Testing set size: 2100, 7925
Using downloaded and verified file: ./data/svhn-data/train_32x32.mat
Using downloaded and verified file: ./data/svhn-data/test_32x32.mat
Out-distribution: svhn
Testing set size: 2100, 25032
Temperature: 100 / noise: 0.0024
######################################
Testing on DTD Texture
Out-distribution: DTD
Testing set size: 2100, 4640
######################################
Testing on LSUN-C
Out-distribution: LSUN-C
Testing set size: 2100, 9000
######################################
Testing on LSUN-R
Out-distribution: LSUN-R
Testing set size: 2100, 9000
######################################
Testing on Places365
Out-distribution: Places365-small
Testing set size: 2100, 35500
######################################
Testing on iSUN
Out-distribution: iSUN
Testing set size: 2100, 7925
Using downloaded and verified file: ./data/svhn-data/train_32x32.mat
Using downloaded and verified file: ./data/svhn-data/test_32x32.mat
Out-distribution: svhn
Testing set size: 2100, 25032
Temperature: 100 / noise: 0.005
######################################
Testing on DTD Texture
Out-distribution: DTD
Testing set size: 2100, 4640
######################################
Testing on LSUN-C
Out-distribution: LSUN-C
Testing set size: 2100, 9000
######################################
Testing on LSUN-R
Out-distribution: LSUN-R
Testing set size: 2100, 9000
######################################
Testing on Places365
Out-distribution: Places365-small
Testing set size: 2100, 35500
######################################
Testing on iSUN
Out-distribution: iSUN
Testing set size: 2100, 7925
Using downloaded and verified file: ./data/svhn-data/train_32x32.mat
Using downloaded and verified file: ./data/svhn-data/test_32x32.mat
Out-distribution: svhn
Testing set size: 2100, 25032
Temperature: 100 / noise: 0.01
######################################
Testing on DTD Texture
Out-distribution: DTD
Testing set size: 2100, 4640
######################################
Testing on LSUN-C
Out-distribution: LSUN-C
Testing set size: 2100, 9000
######################################
Testing on LSUN-R
Out-distribution: LSUN-R
Testing set size: 2100, 9000
######################################
Testing on Places365
Out-distribution: Places365-small
Testing set size: 2100, 35500
######################################
Testing on iSUN
Out-distribution: iSUN
Testing set size: 2100, 7925
Using downloaded and verified file: ./data/svhn-data/train_32x32.mat
Using downloaded and verified file: ./data/svhn-data/test_32x32.mat
Out-distribution: svhn
Testing set size: 2100, 25032
Temperature: 100 / noise: 0.05
######################################
Testing on DTD Texture
Out-distribution: DTD
Testing set size: 2100, 4640
######################################
Testing on LSUN-C
Out-distribution: LSUN-C
Testing set size: 2100, 9000
######################################
Testing on LSUN-R
Out-distribution: LSUN-R
Testing set size: 2100, 9000
######################################
Testing on Places365
Out-distribution: Places365-small
Testing set size: 2100, 35500
######################################
Testing on iSUN
Out-distribution: iSUN
Testing set size: 2100, 7925
Using downloaded and verified file: ./data/svhn-data/train_32x32.mat
Using downloaded and verified file: ./data/svhn-data/test_32x32.mat
Out-distribution: svhn
Testing set size: 2100, 25032
Temperature: 100 / noise: 0.1
######################################
Testing on DTD Texture
Out-distribution: DTD
Testing set size: 2100, 4640
######################################
Testing on LSUN-C
Out-distribution: LSUN-C
Testing set size: 2100, 9000
######################################
Testing on LSUN-R
Out-distribution: LSUN-R
Testing set size: 2100, 9000
######################################
Testing on Places365
Out-distribution: Places365-small
Testing set size: 2100, 35500
######################################
Testing on iSUN
Out-distribution: iSUN
Testing set size: 2100, 7925
Using downloaded and verified file: ./data/svhn-data/train_32x32.mat
Using downloaded and verified file: ./data/svhn-data/test_32x32.mat
Out-distribution: svhn
Testing set size: 2100, 25032
Temperature: 100 / noise: 0.2
######################################
Testing on DTD Texture
Out-distribution: DTD
Testing set size: 2100, 4640
######################################
Testing on LSUN-C
Out-distribution: LSUN-C
Testing set size: 2100, 9000
######################################
Testing on LSUN-R
Out-distribution: LSUN-R
Testing set size: 2100, 9000
######################################
Testing on Places365
Out-distribution: Places365-small
Testing set size: 2100, 35500
######################################
Testing on iSUN
Out-distribution: iSUN
Testing set size: 2100, 7925
Using downloaded and verified file: ./data/svhn-data/train_32x32.mat
Using downloaded and verified file: ./data/svhn-data/test_32x32.mat
Out-distribution: svhn
Testing set size: 2100, 25032
Temperature: 1000 / noise: 0
######################################
Testing on DTD Texture
Out-distribution: DTD
Testing set size: 2100, 4640
######################################
Testing on LSUN-C
Out-distribution: LSUN-C
Testing set size: 2100, 9000
######################################
Testing on LSUN-R
Out-distribution: LSUN-R
Testing set size: 2100, 9000
######################################
Testing on Places365
Out-distribution: Places365-small
Testing set size: 2100, 35500
######################################
Testing on iSUN
Out-distribution: iSUN
Testing set size: 2100, 7925
Using downloaded and verified file: ./data/svhn-data/train_32x32.mat
Using downloaded and verified file: ./data/svhn-data/test_32x32.mat
Out-distribution: svhn
Testing set size: 2100, 25032
Temperature: 1000 / noise: 0.0005
######################################
Testing on DTD Texture
Out-distribution: DTD
Testing set size: 2100, 4640
######################################
Testing on LSUN-C
Out-distribution: LSUN-C
Testing set size: 2100, 9000
######################################
Testing on LSUN-R
Out-distribution: LSUN-R
Testing set size: 2100, 9000
######################################
Testing on Places365
Out-distribution: Places365-small
Testing set size: 2100, 35500
######################################
Testing on iSUN
Out-distribution: iSUN
Testing set size: 2100, 7925
Using downloaded and verified file: ./data/svhn-data/train_32x32.mat
Using downloaded and verified file: ./data/svhn-data/test_32x32.mat
Out-distribution: svhn
Testing set size: 2100, 25032
Temperature: 1000 / noise: 0.001
######################################
Testing on DTD Texture
Out-distribution: DTD
Testing set size: 2100, 4640
######################################
Testing on LSUN-C
Out-distribution: LSUN-C
Testing set size: 2100, 9000
######################################
Testing on LSUN-R
Out-distribution: LSUN-R
Testing set size: 2100, 9000
######################################
Testing on Places365
Out-distribution: Places365-small
Testing set size: 2100, 35500
######################################
Testing on iSUN
Out-distribution: iSUN
Testing set size: 2100, 7925
Using downloaded and verified file: ./data/svhn-data/train_32x32.mat
Using downloaded and verified file: ./data/svhn-data/test_32x32.mat
Out-distribution: svhn
Testing set size: 2100, 25032
Temperature: 1000 / noise: 0.0014
######################################
Testing on DTD Texture
Out-distribution: DTD
Testing set size: 2100, 4640
######################################
Testing on LSUN-C
Out-distribution: LSUN-C
Testing set size: 2100, 9000
######################################
Testing on LSUN-R
Out-distribution: LSUN-R
Testing set size: 2100, 9000
######################################
Testing on Places365
Out-distribution: Places365-small
Testing set size: 2100, 35500
######################################
Testing on iSUN
Out-distribution: iSUN
Testing set size: 2100, 7925
Using downloaded and verified file: ./data/svhn-data/train_32x32.mat
Using downloaded and verified file: ./data/svhn-data/test_32x32.mat
Out-distribution: svhn
Testing set size: 2100, 25032
Temperature: 1000 / noise: 0.002
######################################
Testing on DTD Texture
Out-distribution: DTD
Testing set size: 2100, 4640
######################################
Testing on LSUN-C
Out-distribution: LSUN-C
Testing set size: 2100, 9000
######################################
Testing on LSUN-R
Out-distribution: LSUN-R
Testing set size: 2100, 9000
######################################
Testing on Places365
Out-distribution: Places365-small
Testing set size: 2100, 35500
######################################
Testing on iSUN
Out-distribution: iSUN
Testing set size: 2100, 7925
Using downloaded and verified file: ./data/svhn-data/train_32x32.mat
Using downloaded and verified file: ./data/svhn-data/test_32x32.mat
Out-distribution: svhn
Testing set size: 2100, 25032
Temperature: 1000 / noise: 0.0024
######################################
Testing on DTD Texture
Out-distribution: DTD
Testing set size: 2100, 4640
######################################
Testing on LSUN-C
Out-distribution: LSUN-C
Testing set size: 2100, 9000
######################################
Testing on LSUN-R
Out-distribution: LSUN-R
Testing set size: 2100, 9000
######################################
Testing on Places365
Out-distribution: Places365-small
Testing set size: 2100, 35500
######################################
Testing on iSUN
Out-distribution: iSUN
Testing set size: 2100, 7925
Using downloaded and verified file: ./data/svhn-data/train_32x32.mat
Using downloaded and verified file: ./data/svhn-data/test_32x32.mat
Out-distribution: svhn
Testing set size: 2100, 25032
Temperature: 1000 / noise: 0.005
######################################
Testing on DTD Texture
Out-distribution: DTD
Testing set size: 2100, 4640
######################################
Testing on LSUN-C
Out-distribution: LSUN-C
Testing set size: 2100, 9000
######################################
Testing on LSUN-R
Out-distribution: LSUN-R
Testing set size: 2100, 9000
######################################
Testing on Places365
Out-distribution: Places365-small
Testing set size: 2100, 35500
######################################
Testing on iSUN
Out-distribution: iSUN
Testing set size: 2100, 7925
Using downloaded and verified file: ./data/svhn-data/train_32x32.mat
Using downloaded and verified file: ./data/svhn-data/test_32x32.mat
Out-distribution: svhn
Testing set size: 2100, 25032
Temperature: 1000 / noise: 0.01
######################################
Testing on DTD Texture
Out-distribution: DTD
Testing set size: 2100, 4640
######################################
Testing on LSUN-C
Out-distribution: LSUN-C
Testing set size: 2100, 9000
######################################
Testing on LSUN-R
Out-distribution: LSUN-R
Testing set size: 2100, 9000
######################################
Testing on Places365
Out-distribution: Places365-small
Testing set size: 2100, 35500
######################################
Testing on iSUN
Out-distribution: iSUN
Testing set size: 2100, 7925
Using downloaded and verified file: ./data/svhn-data/train_32x32.mat
Using downloaded and verified file: ./data/svhn-data/test_32x32.mat
Out-distribution: svhn
Testing set size: 2100, 25032
Temperature: 1000 / noise: 0.05
######################################
Testing on DTD Texture
Out-distribution: DTD
Testing set size: 2100, 4640
######################################
Testing on LSUN-C
Out-distribution: LSUN-C
Testing set size: 2100, 9000
######################################
Testing on LSUN-R
Out-distribution: LSUN-R
Testing set size: 2100, 9000
######################################
Testing on Places365
Out-distribution: Places365-small
Testing set size: 2100, 35500
######################################
Testing on iSUN
Out-distribution: iSUN
Testing set size: 2100, 7925
Using downloaded and verified file: ./data/svhn-data/train_32x32.mat
Using downloaded and verified file: ./data/svhn-data/test_32x32.mat
Out-distribution: svhn
Testing set size: 2100, 25032
Temperature: 1000 / noise: 0.1
######################################
Testing on DTD Texture
Out-distribution: DTD
Testing set size: 2100, 4640
######################################
Testing on LSUN-C
Out-distribution: LSUN-C
Testing set size: 2100, 9000
######################################
Testing on LSUN-R
Out-distribution: LSUN-R
Testing set size: 2100, 9000
######################################
Testing on Places365
Out-distribution: Places365-small
Testing set size: 2100, 35500
######################################
Testing on iSUN
Out-distribution: iSUN
Testing set size: 2100, 7925
Using downloaded and verified file: ./data/svhn-data/train_32x32.mat
Using downloaded and verified file: ./data/svhn-data/test_32x32.mat
Out-distribution: svhn
Testing set size: 2100, 25032
Temperature: 1000 / noise: 0.2
######################################
Testing on DTD Texture
Out-distribution: DTD
Testing set size: 2100, 4640
######################################
Testing on LSUN-C
Out-distribution: LSUN-C
Testing set size: 2100, 9000
######################################
Testing on LSUN-R
Out-distribution: LSUN-R
Testing set size: 2100, 9000
######################################
Testing on Places365
Out-distribution: Places365-small
Testing set size: 2100, 35500
######################################
Testing on iSUN
Out-distribution: iSUN
Testing set size: 2100, 7925
Using downloaded and verified file: ./data/svhn-data/train_32x32.mat
Using downloaded and verified file: ./data/svhn-data/test_32x32.mat
Out-distribution: svhn
Testing set size: 2100, 25032
Baseline method: in_distribution: imagenet10==========
out_distribution: DTD
91.0
72.0
90.0
out_distribution: LSUN-C
91.0
77.0
92.0
out_distribution: LSUN-R
91.0
81.0
93.0
out_distribution: Places365-small
91.0
72.0
90.0
out_distribution: iSUN
91.0
79.0
93.0
out_distribution: svhn
91.0
39.0
76.0
ODIN method: in_distribution: imagenet10==========
out_distribution: DTD
IND ACC
[91. 91. 92. 93. 93. 93. 95. 95. 95. 95. 93. 91. 92. 91. 91. 91. 93. 94.
 95. 96. 95. 92. 92. 91. 92. 92. 92. 93. 93. 94. 95. 95. 92. 91. 91. 91.
 92. 92. 93. 93. 94. 95. 95.]
93.0
OOD ACC
[72. 72. 69. 66. 64. 48. 20.  9.  9.  6. 69. 72. 71. 74. 72. 72. 59. 46.
 15.  6.  7. 68. 69. 69. 70. 69. 69. 60. 48. 16.  8.  8. 69. 71. 71. 72.
 69. 69. 59. 47. 17.  8.  7.]
49.0
AUROC
[91. 90. 90. 89. 88. 82. 75. 56. 56. 50. 91. 91. 92. 92. 91. 91. 88. 85.
 64. 56. 51. 91. 91. 91. 91. 91. 91. 88. 86. 65. 56. 51. 91. 91. 91. 91.
 91. 91. 88. 86. 65. 56. 51.]
80.0
out_distribution: LSUN-C
IND ACC
[91. 91. 92. 93. 93. 93. 95. 95. 95. 95. 93. 91. 92. 91. 91. 91. 93. 94.
 95. 96. 95. 92. 92. 91. 92. 92. 92. 93. 93. 94. 95. 95. 92. 91. 91. 91.
 92. 92. 93. 93. 94. 95. 95.]
93.0
OOD ACC
[75. 75. 74. 73. 72. 67. 52.  2.  2.  2. 82. 83. 82. 84. 83. 84. 79. 77.
  3.  0.  0. 83. 83. 82. 83. 83. 84. 81. 78.  3.  1.  0. 84. 84. 84. 85.
 84. 84. 80. 78.  4.  1.  0.]
57.99999999999999
AUROC
[93. 93. 93. 93. 93. 91. 89. 44. 48. 49. 95. 95. 95. 95. 95. 95. 94. 94.
 52. 44. 42. 95. 95. 95. 95. 95. 95. 95. 95. 54. 45. 40. 95. 95. 95. 95.
 95. 95. 95. 95. 54. 45. 40.]
81.0
out_distribution: LSUN-R
IND ACC
[91. 91. 92. 93. 93. 93. 95. 95. 95. 95. 93. 91. 92. 91. 91. 91. 93. 94.
 95. 96. 95. 92. 92. 91. 92. 92. 92. 93. 93. 94. 95. 95. 92. 91. 91. 91.
 92. 92. 93. 93. 94. 95. 95.]
93.0
OOD ACC
[83. 85. 84. 83. 81. 55.  6.  4. 14.  8. 75. 82. 83. 86. 86. 86. 72. 35.
  3.  6.  6. 74. 79. 81. 83. 83. 83. 74. 39.  3.  7.  5. 76. 80. 83. 85.
 83. 83. 72. 39.  3.  7.  5.]
55.00000000000001
AUROC
[95. 95. 95. 95. 94. 88. 75. 49. 73. 61. 94. 94. 95. 95. 96. 95. 93. 88.
 49. 66. 54. 93. 94. 95. 95. 95. 95. 93. 88. 49. 64. 50. 93. 94. 95. 95.
 95. 95. 93. 88. 49. 64. 50.]
83.0
out_distribution: Places365-small
IND ACC
[91. 91. 92. 93. 93. 93. 95. 95. 95. 95. 93. 91. 92. 91. 91. 91. 93. 94.
 95. 96. 95. 92. 92. 91. 92. 92. 92. 93. 93. 94. 95. 95. 92. 91. 91. 91.
 92. 92. 93. 93. 94. 95. 95.]
93.0
OOD ACC
[69. 67. 62. 56. 52. 33. 10.  4.  4.  5. 69. 70. 67. 68. 64. 62. 43. 28.
  6.  2.  2. 68. 68. 66. 65. 62. 60. 45. 30.  6.  2.  2. 70. 70. 67. 68.
 62. 60. 44. 30.  7.  2.  2.]
42.0
AUROC
[90. 89. 88. 87. 86. 77. 69. 48. 46. 51. 91. 91. 91. 90. 89. 89. 84. 80.
 53. 44. 46. 91. 91. 91. 90. 89. 89. 85. 81. 52. 44. 44. 91. 91. 91. 90.
 90. 89. 85. 82. 53. 44. 44.]
76.0
out_distribution: iSUN
IND ACC
[91. 91. 92. 93. 93. 93. 95. 95. 95. 95. 93. 91. 92. 91. 91. 91. 93. 94.
 95. 96. 95. 92. 92. 91. 92. 92. 92. 93. 93. 94. 95. 95. 92. 91. 91. 91.
 92. 92. 93. 93. 94. 95. 95.]
93.0
OOD ACC
[82. 84. 83. 80. 78. 53.  7.  4. 13.  7. 72. 79. 81. 84. 83. 83. 69. 32.
  3.  6.  6. 71. 76. 78. 80. 80. 80. 70. 36.  4.  7.  6. 72. 77. 79. 82.
 80. 80. 69. 36.  4.  7.  6.]
53.0
AUROC
[94. 94. 94. 94. 93. 87. 74. 47. 69. 59. 93. 94. 94. 95. 95. 95. 92. 87.
 49. 64. 53. 92. 93. 94. 94. 94. 94. 92. 87. 48. 62. 50. 92. 93. 94. 94.
 94. 94. 92. 88. 49. 62. 50.]
82.0
out_distribution: svhn
IND ACC
[91. 91. 92. 93. 93. 93. 95. 95. 95. 95. 93. 91. 92. 91. 91. 91. 93. 94.
 95. 96. 95. 92. 92. 91. 92. 92. 92. 93. 93. 94. 95. 95. 92. 91. 91. 91.
 92. 92. 93. 93. 94. 95. 95.]
93.0
OOD ACC
[32. 30. 29. 32. 35. 44. 41.  2.  2.  4. 38. 35. 33. 37. 41. 44. 52. 68.
  4.  1.  2. 39. 35. 33. 35. 40. 44. 55. 71.  5.  2.  2. 41. 37. 35. 38.
 40. 44. 54. 71.  5.  2.  2.]
31.0
AUROC
[75. 74. 75. 76. 77. 80. 85. 37. 35. 46. 79. 77. 76. 77. 77. 78. 83. 91.
 46. 33. 41. 80. 78. 77. 78. 78. 79. 84. 91. 47. 33. 39. 80. 78. 78. 78.
 79. 79. 84. 91. 48. 33. 39.]
69.0
