Namespace(batch_size=100, dataset='imagenet10', ckpt='imagenet10-64-0-o1', nf=64, dataroot='./data', outf='output/', num_classes=10, net_type='densenet', gpu=0)
load model: densenet
load target data:  imagenet10
Training dataset size:  13000
Dataset size:  10400 2600 500
3100
Temperature: 1 / noise: 0
######################################
Testing on DTD Texture
Out-distribution: DTD
######################################
Testing on LSUN-C
Out-distribution: LSUN-C
######################################
Testing on LSUN-R
Out-distribution: LSUN-R
######################################
Testing on Places365
Out-distribution: Places365-small
######################################
Testing on iSUN
Out-distribution: iSUN
Using downloaded and verified file: ./data/svhn-data/train_32x32.mat
Using downloaded and verified file: ./data/svhn-data/test_32x32.mat
Out-distribution: svhn
Temperature: 1 / noise: 0.0005
######################################
Testing on DTD Texture
Out-distribution: DTD
######################################
Testing on LSUN-C
Out-distribution: LSUN-C
######################################
Testing on LSUN-R
Out-distribution: LSUN-R
######################################
Testing on Places365
Out-distribution: Places365-small
######################################
Testing on iSUN
Out-distribution: iSUN
Using downloaded and verified file: ./data/svhn-data/train_32x32.mat
Using downloaded and verified file: ./data/svhn-data/test_32x32.mat
Out-distribution: svhn
Temperature: 1 / noise: 0.001
######################################
Testing on DTD Texture
Out-distribution: DTD
######################################
Testing on LSUN-C
Out-distribution: LSUN-C
######################################
Testing on LSUN-R
Out-distribution: LSUN-R
######################################
Testing on Places365
Out-distribution: Places365-small
######################################
Testing on iSUN
Out-distribution: iSUN
Using downloaded and verified file: ./data/svhn-data/train_32x32.mat
Using downloaded and verified file: ./data/svhn-data/test_32x32.mat
Out-distribution: svhn
Temperature: 1 / noise: 0.0014
######################################
Testing on DTD Texture
Out-distribution: DTD
######################################
Testing on LSUN-C
Out-distribution: LSUN-C
######################################
Testing on LSUN-R
Out-distribution: LSUN-R
######################################
Testing on Places365
Out-distribution: Places365-small
######################################
Testing on iSUN
Out-distribution: iSUN
Using downloaded and verified file: ./data/svhn-data/train_32x32.mat
Using downloaded and verified file: ./data/svhn-data/test_32x32.mat
Out-distribution: svhn
Temperature: 1 / noise: 0.002
######################################
Testing on DTD Texture
Out-distribution: DTD
######################################
Testing on LSUN-C
Out-distribution: LSUN-C
######################################
Testing on LSUN-R
Out-distribution: LSUN-R
######################################
Testing on Places365
Out-distribution: Places365-small
######################################
Testing on iSUN
Out-distribution: iSUN
Using downloaded and verified file: ./data/svhn-data/train_32x32.mat
Using downloaded and verified file: ./data/svhn-data/test_32x32.mat
Out-distribution: svhn
Temperature: 1 / noise: 0.0024
######################################
Testing on DTD Texture
Out-distribution: DTD
######################################
Testing on LSUN-C
Out-distribution: LSUN-C
######################################
Testing on LSUN-R
Out-distribution: LSUN-R
######################################
Testing on Places365
Out-distribution: Places365-small
######################################
Testing on iSUN
Out-distribution: iSUN
Using downloaded and verified file: ./data/svhn-data/train_32x32.mat
Using downloaded and verified file: ./data/svhn-data/test_32x32.mat
Out-distribution: svhn
Temperature: 1 / noise: 0.005
######################################
Testing on DTD Texture
Out-distribution: DTD
######################################
Testing on LSUN-C
Out-distribution: LSUN-C
######################################
Testing on LSUN-R
Out-distribution: LSUN-R
######################################
Testing on Places365
Out-distribution: Places365-small
######################################
Testing on iSUN
Out-distribution: iSUN
Using downloaded and verified file: ./data/svhn-data/train_32x32.mat
Using downloaded and verified file: ./data/svhn-data/test_32x32.mat
Out-distribution: svhn
Temperature: 1 / noise: 0.01
######################################
Testing on DTD Texture
Out-distribution: DTD
######################################
Testing on LSUN-C
Out-distribution: LSUN-C
######################################
Testing on LSUN-R
Out-distribution: LSUN-R
######################################
Testing on Places365
Out-distribution: Places365-small
######################################
Testing on iSUN
Out-distribution: iSUN
Using downloaded and verified file: ./data/svhn-data/train_32x32.mat
Using downloaded and verified file: ./data/svhn-data/test_32x32.mat
Out-distribution: svhn
Temperature: 1 / noise: 0.05
######################################
Testing on DTD Texture
Out-distribution: DTD
######################################
Testing on LSUN-C
Out-distribution: LSUN-C
######################################
Testing on LSUN-R
Out-distribution: LSUN-R
######################################
Testing on Places365
Out-distribution: Places365-small
######################################
Testing on iSUN
Out-distribution: iSUN
Using downloaded and verified file: ./data/svhn-data/train_32x32.mat
Using downloaded and verified file: ./data/svhn-data/test_32x32.mat
Out-distribution: svhn
Temperature: 1 / noise: 0.1
######################################
Testing on DTD Texture
Out-distribution: DTD
######################################
Testing on LSUN-C
Out-distribution: LSUN-C
######################################
Testing on LSUN-R
Out-distribution: LSUN-R
######################################
Testing on Places365
Out-distribution: Places365-small
######################################
Testing on iSUN
Out-distribution: iSUN
Using downloaded and verified file: ./data/svhn-data/train_32x32.mat
Using downloaded and verified file: ./data/svhn-data/test_32x32.mat
Out-distribution: svhn
Temperature: 1 / noise: 0.2
######################################
Testing on DTD Texture
Out-distribution: DTD
######################################
Testing on LSUN-C
Out-distribution: LSUN-C
######################################
Testing on LSUN-R
Out-distribution: LSUN-R
######################################
Testing on Places365
Out-distribution: Places365-small
######################################
Testing on iSUN
Out-distribution: iSUN
Using downloaded and verified file: ./data/svhn-data/train_32x32.mat
Using downloaded and verified file: ./data/svhn-data/test_32x32.mat
Out-distribution: svhn
Temperature: 10 / noise: 0
######################################
Testing on DTD Texture
Out-distribution: DTD
######################################
Testing on LSUN-C
Out-distribution: LSUN-C
######################################
Testing on LSUN-R
Out-distribution: LSUN-R
######################################
Testing on Places365
Out-distribution: Places365-small
######################################
Testing on iSUN
Out-distribution: iSUN
Using downloaded and verified file: ./data/svhn-data/train_32x32.mat
Using downloaded and verified file: ./data/svhn-data/test_32x32.mat
Out-distribution: svhn
Temperature: 10 / noise: 0.0005
######################################
Testing on DTD Texture
Out-distribution: DTD
######################################
Testing on LSUN-C
Out-distribution: LSUN-C
######################################
Testing on LSUN-R
Out-distribution: LSUN-R
######################################
Testing on Places365
Out-distribution: Places365-small
######################################
Testing on iSUN
Out-distribution: iSUN
Using downloaded and verified file: ./data/svhn-data/train_32x32.mat
Using downloaded and verified file: ./data/svhn-data/test_32x32.mat
Out-distribution: svhn
Temperature: 10 / noise: 0.001
######################################
Testing on DTD Texture
Out-distribution: DTD
######################################
Testing on LSUN-C
Out-distribution: LSUN-C
######################################
Testing on LSUN-R
Out-distribution: LSUN-R
######################################
Testing on Places365
Out-distribution: Places365-small
######################################
Testing on iSUN
Out-distribution: iSUN
Using downloaded and verified file: ./data/svhn-data/train_32x32.mat
Using downloaded and verified file: ./data/svhn-data/test_32x32.mat
Out-distribution: svhn
Temperature: 10 / noise: 0.0014
######################################
Testing on DTD Texture
Out-distribution: DTD
######################################
Testing on LSUN-C
Out-distribution: LSUN-C
######################################
Testing on LSUN-R
Out-distribution: LSUN-R
######################################
Testing on Places365
Out-distribution: Places365-small
######################################
Testing on iSUN
Out-distribution: iSUN
Using downloaded and verified file: ./data/svhn-data/train_32x32.mat
Using downloaded and verified file: ./data/svhn-data/test_32x32.mat
Out-distribution: svhn
Temperature: 10 / noise: 0.002
######################################
Testing on DTD Texture
Out-distribution: DTD
######################################
Testing on LSUN-C
Out-distribution: LSUN-C
######################################
Testing on LSUN-R
Out-distribution: LSUN-R
######################################
Testing on Places365
Out-distribution: Places365-small
######################################
Testing on iSUN
Out-distribution: iSUN
Using downloaded and verified file: ./data/svhn-data/train_32x32.mat
Using downloaded and verified file: ./data/svhn-data/test_32x32.mat
Out-distribution: svhn
Temperature: 10 / noise: 0.0024
######################################
Testing on DTD Texture
Out-distribution: DTD
######################################
Testing on LSUN-C
Out-distribution: LSUN-C
######################################
Testing on LSUN-R
Out-distribution: LSUN-R
######################################
Testing on Places365
Out-distribution: Places365-small
######################################
Testing on iSUN
Out-distribution: iSUN
Using downloaded and verified file: ./data/svhn-data/train_32x32.mat
Using downloaded and verified file: ./data/svhn-data/test_32x32.mat
Out-distribution: svhn
Temperature: 10 / noise: 0.005
######################################
Testing on DTD Texture
Out-distribution: DTD
######################################
Testing on LSUN-C
Out-distribution: LSUN-C
######################################
Testing on LSUN-R
Out-distribution: LSUN-R
######################################
Testing on Places365
Out-distribution: Places365-small
######################################
Testing on iSUN
Out-distribution: iSUN
Using downloaded and verified file: ./data/svhn-data/train_32x32.mat
Using downloaded and verified file: ./data/svhn-data/test_32x32.mat
Out-distribution: svhn
Temperature: 10 / noise: 0.01
######################################
Testing on DTD Texture
Out-distribution: DTD
######################################
Testing on LSUN-C
Out-distribution: LSUN-C
######################################
Testing on LSUN-R
Out-distribution: LSUN-R
######################################
Testing on Places365
Out-distribution: Places365-small
######################################
Testing on iSUN
Out-distribution: iSUN
Using downloaded and verified file: ./data/svhn-data/train_32x32.mat
Using downloaded and verified file: ./data/svhn-data/test_32x32.mat
Out-distribution: svhn
Temperature: 10 / noise: 0.05
######################################
Testing on DTD Texture
Out-distribution: DTD
######################################
Testing on LSUN-C
Out-distribution: LSUN-C
######################################
Testing on LSUN-R
Out-distribution: LSUN-R
######################################
Testing on Places365
Out-distribution: Places365-small
######################################
Testing on iSUN
Out-distribution: iSUN
Using downloaded and verified file: ./data/svhn-data/train_32x32.mat
Using downloaded and verified file: ./data/svhn-data/test_32x32.mat
Out-distribution: svhn
Temperature: 10 / noise: 0.1
######################################
Testing on DTD Texture
Out-distribution: DTD
######################################
Testing on LSUN-C
Out-distribution: LSUN-C
######################################
Testing on LSUN-R
Out-distribution: LSUN-R
######################################
Testing on Places365
Out-distribution: Places365-small
######################################
Testing on iSUN
Out-distribution: iSUN
Using downloaded and verified file: ./data/svhn-data/train_32x32.mat
Using downloaded and verified file: ./data/svhn-data/test_32x32.mat
Out-distribution: svhn
Temperature: 10 / noise: 0.2
######################################
Testing on DTD Texture
Out-distribution: DTD
######################################
Testing on LSUN-C
Out-distribution: LSUN-C
######################################
Testing on LSUN-R
Out-distribution: LSUN-R
######################################
Testing on Places365
Out-distribution: Places365-small
######################################
Testing on iSUN
Out-distribution: iSUN
Using downloaded and verified file: ./data/svhn-data/train_32x32.mat
Using downloaded and verified file: ./data/svhn-data/test_32x32.mat
Out-distribution: svhn
Temperature: 100 / noise: 0
######################################
Testing on DTD Texture
Out-distribution: DTD
######################################
Testing on LSUN-C
Out-distribution: LSUN-C
######################################
Testing on LSUN-R
Out-distribution: LSUN-R
######################################
Testing on Places365
Out-distribution: Places365-small
######################################
Testing on iSUN
Out-distribution: iSUN
Using downloaded and verified file: ./data/svhn-data/train_32x32.mat
Using downloaded and verified file: ./data/svhn-data/test_32x32.mat
Out-distribution: svhn
Temperature: 100 / noise: 0.0005
######################################
Testing on DTD Texture
Out-distribution: DTD
######################################
Testing on LSUN-C
Out-distribution: LSUN-C
######################################
Testing on LSUN-R
Out-distribution: LSUN-R
######################################
Testing on Places365
Out-distribution: Places365-small
######################################
Testing on iSUN
Out-distribution: iSUN
Using downloaded and verified file: ./data/svhn-data/train_32x32.mat
Using downloaded and verified file: ./data/svhn-data/test_32x32.mat
Out-distribution: svhn
Temperature: 100 / noise: 0.001
######################################
Testing on DTD Texture
Out-distribution: DTD
######################################
Testing on LSUN-C
Out-distribution: LSUN-C
######################################
Testing on LSUN-R
Out-distribution: LSUN-R
######################################
Testing on Places365
Out-distribution: Places365-small
######################################
Testing on iSUN
Out-distribution: iSUN
Using downloaded and verified file: ./data/svhn-data/train_32x32.mat
Using downloaded and verified file: ./data/svhn-data/test_32x32.mat
Out-distribution: svhn
Temperature: 100 / noise: 0.0014
######################################
Testing on DTD Texture
Out-distribution: DTD
######################################
Testing on LSUN-C
Out-distribution: LSUN-C
######################################
Testing on LSUN-R
Out-distribution: LSUN-R
######################################
Testing on Places365
Out-distribution: Places365-small
######################################
Testing on iSUN
Out-distribution: iSUN
Using downloaded and verified file: ./data/svhn-data/train_32x32.mat
Using downloaded and verified file: ./data/svhn-data/test_32x32.mat
Out-distribution: svhn
Temperature: 100 / noise: 0.002
######################################
Testing on DTD Texture
Out-distribution: DTD
######################################
Testing on LSUN-C
Out-distribution: LSUN-C
######################################
Testing on LSUN-R
Out-distribution: LSUN-R
######################################
Testing on Places365
Out-distribution: Places365-small
######################################
Testing on iSUN
Out-distribution: iSUN
Using downloaded and verified file: ./data/svhn-data/train_32x32.mat
Using downloaded and verified file: ./data/svhn-data/test_32x32.mat
Out-distribution: svhn
Temperature: 100 / noise: 0.0024
######################################
Testing on DTD Texture
Out-distribution: DTD
######################################
Testing on LSUN-C
Out-distribution: LSUN-C
######################################
Testing on LSUN-R
Out-distribution: LSUN-R
######################################
Testing on Places365
Out-distribution: Places365-small
######################################
Testing on iSUN
Out-distribution: iSUN
Using downloaded and verified file: ./data/svhn-data/train_32x32.mat
Using downloaded and verified file: ./data/svhn-data/test_32x32.mat
Out-distribution: svhn
Temperature: 100 / noise: 0.005
######################################
Testing on DTD Texture
Out-distribution: DTD
######################################
Testing on LSUN-C
Out-distribution: LSUN-C
######################################
Testing on LSUN-R
Out-distribution: LSUN-R
######################################
Testing on Places365
Out-distribution: Places365-small
######################################
Testing on iSUN
Out-distribution: iSUN
Using downloaded and verified file: ./data/svhn-data/train_32x32.mat
Using downloaded and verified file: ./data/svhn-data/test_32x32.mat
Out-distribution: svhn
Temperature: 100 / noise: 0.01
######################################
Testing on DTD Texture
Out-distribution: DTD
######################################
Testing on LSUN-C
Out-distribution: LSUN-C
######################################
Testing on LSUN-R
Out-distribution: LSUN-R
######################################
Testing on Places365
Out-distribution: Places365-small
######################################
Testing on iSUN
Out-distribution: iSUN
Using downloaded and verified file: ./data/svhn-data/train_32x32.mat
Using downloaded and verified file: ./data/svhn-data/test_32x32.mat
Out-distribution: svhn
Temperature: 100 / noise: 0.05
######################################
Testing on DTD Texture
Out-distribution: DTD
######################################
Testing on LSUN-C
Out-distribution: LSUN-C
######################################
Testing on LSUN-R
Out-distribution: LSUN-R
######################################
Testing on Places365
Out-distribution: Places365-small
######################################
Testing on iSUN
Out-distribution: iSUN
Using downloaded and verified file: ./data/svhn-data/train_32x32.mat
Using downloaded and verified file: ./data/svhn-data/test_32x32.mat
Out-distribution: svhn
Temperature: 100 / noise: 0.1
######################################
Testing on DTD Texture
Out-distribution: DTD
######################################
Testing on LSUN-C
Out-distribution: LSUN-C
######################################
Testing on LSUN-R
Out-distribution: LSUN-R
######################################
Testing on Places365
Out-distribution: Places365-small
######################################
Testing on iSUN
Out-distribution: iSUN
Using downloaded and verified file: ./data/svhn-data/train_32x32.mat
Using downloaded and verified file: ./data/svhn-data/test_32x32.mat
Out-distribution: svhn
Temperature: 100 / noise: 0.2
######################################
Testing on DTD Texture
Out-distribution: DTD
######################################
Testing on LSUN-C
Out-distribution: LSUN-C
######################################
Testing on LSUN-R
Out-distribution: LSUN-R
######################################
Testing on Places365
Out-distribution: Places365-small
######################################
Testing on iSUN
Out-distribution: iSUN
Using downloaded and verified file: ./data/svhn-data/train_32x32.mat
Using downloaded and verified file: ./data/svhn-data/test_32x32.mat
Out-distribution: svhn
Temperature: 1000 / noise: 0
######################################
Testing on DTD Texture
Out-distribution: DTD
######################################
Testing on LSUN-C
Out-distribution: LSUN-C
######################################
Testing on LSUN-R
Out-distribution: LSUN-R
######################################
Testing on Places365
Out-distribution: Places365-small
######################################
Testing on iSUN
Out-distribution: iSUN
Using downloaded and verified file: ./data/svhn-data/train_32x32.mat
Using downloaded and verified file: ./data/svhn-data/test_32x32.mat
Out-distribution: svhn
Temperature: 1000 / noise: 0.0005
######################################
Testing on DTD Texture
Out-distribution: DTD
######################################
Testing on LSUN-C
Out-distribution: LSUN-C
######################################
Testing on LSUN-R
Out-distribution: LSUN-R
######################################
Testing on Places365
Out-distribution: Places365-small
######################################
Testing on iSUN
Out-distribution: iSUN
Using downloaded and verified file: ./data/svhn-data/train_32x32.mat
Using downloaded and verified file: ./data/svhn-data/test_32x32.mat
Out-distribution: svhn
Temperature: 1000 / noise: 0.001
######################################
Testing on DTD Texture
Out-distribution: DTD
######################################
Testing on LSUN-C
Out-distribution: LSUN-C
######################################
Testing on LSUN-R
Out-distribution: LSUN-R
######################################
Testing on Places365
Out-distribution: Places365-small
######################################
Testing on iSUN
Out-distribution: iSUN
Using downloaded and verified file: ./data/svhn-data/train_32x32.mat
Using downloaded and verified file: ./data/svhn-data/test_32x32.mat
Out-distribution: svhn
Temperature: 1000 / noise: 0.0014
######################################
Testing on DTD Texture
Out-distribution: DTD
######################################
Testing on LSUN-C
Out-distribution: LSUN-C
######################################
Testing on LSUN-R
Out-distribution: LSUN-R
######################################
Testing on Places365
Out-distribution: Places365-small
######################################
Testing on iSUN
Out-distribution: iSUN
Using downloaded and verified file: ./data/svhn-data/train_32x32.mat
Using downloaded and verified file: ./data/svhn-data/test_32x32.mat
Out-distribution: svhn
Temperature: 1000 / noise: 0.002
######################################
Testing on DTD Texture
Out-distribution: DTD
######################################
Testing on LSUN-C
Out-distribution: LSUN-C
######################################
Testing on LSUN-R
Out-distribution: LSUN-R
######################################
Testing on Places365
Out-distribution: Places365-small
######################################
Testing on iSUN
Out-distribution: iSUN
Using downloaded and verified file: ./data/svhn-data/train_32x32.mat
Using downloaded and verified file: ./data/svhn-data/test_32x32.mat
Out-distribution: svhn
Temperature: 1000 / noise: 0.0024
######################################
Testing on DTD Texture
Out-distribution: DTD
######################################
Testing on LSUN-C
Out-distribution: LSUN-C
######################################
Testing on LSUN-R
Out-distribution: LSUN-R
######################################
Testing on Places365
Out-distribution: Places365-small
######################################
Testing on iSUN
Out-distribution: iSUN
Using downloaded and verified file: ./data/svhn-data/train_32x32.mat
Using downloaded and verified file: ./data/svhn-data/test_32x32.mat
Out-distribution: svhn
Temperature: 1000 / noise: 0.005
######################################
Testing on DTD Texture
Out-distribution: DTD
######################################
Testing on LSUN-C
Out-distribution: LSUN-C
######################################
Testing on LSUN-R
Out-distribution: LSUN-R
######################################
Testing on Places365
Out-distribution: Places365-small
######################################
Testing on iSUN
Out-distribution: iSUN
Using downloaded and verified file: ./data/svhn-data/train_32x32.mat
Using downloaded and verified file: ./data/svhn-data/test_32x32.mat
Out-distribution: svhn
Temperature: 1000 / noise: 0.01
######################################
Testing on DTD Texture
Out-distribution: DTD
######################################
Testing on LSUN-C
Out-distribution: LSUN-C
######################################
Testing on LSUN-R
Out-distribution: LSUN-R
######################################
Testing on Places365
Out-distribution: Places365-small
######################################
Testing on iSUN
Out-distribution: iSUN
Using downloaded and verified file: ./data/svhn-data/train_32x32.mat
Using downloaded and verified file: ./data/svhn-data/test_32x32.mat
Out-distribution: svhn
Temperature: 1000 / noise: 0.05
######################################
Testing on DTD Texture
Out-distribution: DTD
######################################
Testing on LSUN-C
Out-distribution: LSUN-C
######################################
Testing on LSUN-R
Out-distribution: LSUN-R
######################################
Testing on Places365
Out-distribution: Places365-small
######################################
Testing on iSUN
Out-distribution: iSUN
Using downloaded and verified file: ./data/svhn-data/train_32x32.mat
Using downloaded and verified file: ./data/svhn-data/test_32x32.mat
Out-distribution: svhn
Temperature: 1000 / noise: 0.1
######################################
Testing on DTD Texture
Out-distribution: DTD
######################################
Testing on LSUN-C
Out-distribution: LSUN-C
######################################
Testing on LSUN-R
Out-distribution: LSUN-R
######################################
Testing on Places365
Out-distribution: Places365-small
######################################
Testing on iSUN
Out-distribution: iSUN
Using downloaded and verified file: ./data/svhn-data/train_32x32.mat
Using downloaded and verified file: ./data/svhn-data/test_32x32.mat
Out-distribution: svhn
Temperature: 1000 / noise: 0.2
######################################
Testing on DTD Texture
Out-distribution: DTD
######################################
Testing on LSUN-C
Out-distribution: LSUN-C
######################################
Testing on LSUN-R
Out-distribution: LSUN-R
######################################
Testing on Places365
Out-distribution: Places365-small
######################################
Testing on iSUN
Out-distribution: iSUN
Using downloaded and verified file: ./data/svhn-data/train_32x32.mat
Using downloaded and verified file: ./data/svhn-data/test_32x32.mat
Out-distribution: svhn
Baseline method: in_distribution: imagenet10==========
out_distribution: DTD
 TNR95  TNR99  AUROC  DTACC  AUIN   AUOUT 
 83.38  15.43  90.70  84.77  78.38  94.69

out_distribution: LSUN-C
 TNR95  TNR99  AUROC  DTACC  AUIN   AUOUT 
 91.53  14.22  94.05  88.82  84.75  97.86

out_distribution: LSUN-R
 TNR95  TNR99  AUROC  DTACC  AUIN   AUOUT 
 91.96  18.73  94.56  88.93  87.65  98.13

out_distribution: Places365-small
 TNR95  TNR99  AUROC  DTACC  AUIN   AUOUT 
 83.59  13.53  91.41  84.84  51.97  99.25

out_distribution: iSUN
 TNR95  TNR99  AUROC  DTACC  AUIN   AUOUT 
 90.59  17.68  94.24  88.22  88.07  97.73

out_distribution: svhn
 TNR95  TNR99  AUROC  DTACC  AUIN   AUOUT 
 73.57   7.15  86.63  80.75  34.50  98.32

ODIN method: in_distribution: imagenet10==========
out_distribution: DTD
 TNR95  TNR99  AUROC  DTACC  AUIN   AUOUT 
 84.07  30.75  91.39  84.98  78.28  95.66
temperature: 1
magnitude: 0.0005

[84. 84. 83. 82. 80. 70. 54. 18. 20. 12. 83. 82. 81. 80. 78. 76. 69. 59.
 28. 25. 11. 82. 82. 80. 78. 77. 75. 68. 58. 30. 25. 12. 82. 81. 80. 78.
 77. 75. 67. 58. 29. 25. 12.]
60.0
[91. 91. 91. 91. 90. 84. 72. 47. 45. 43. 91. 91. 91. 91. 90. 90. 87. 83.
 58. 52. 45. 91. 91. 91. 90. 90. 89. 86. 83. 59. 52. 45. 91. 91. 91. 90.
 90. 89. 86. 83. 59. 52. 45.]
78.0
out_distribution: LSUN-C
 TNR95  TNR99  AUROC  DTACC  AUIN   AUOUT 
 92.80  32.21  95.00  89.34  87.94  98.45
temperature: 1000
magnitude: 0

[92. 92. 92. 92. 91. 86. 76. 10. 10.  8. 93. 93. 93. 92. 91. 91. 86. 81.
 13.  7.  4. 93. 93. 92. 92. 91. 90. 86. 80. 13.  7.  5. 93. 93. 92. 91.
 91. 90. 86. 81. 13.  6.  5.]
67.0
[95. 95. 95. 95. 95. 92. 85. 43. 37. 37. 95. 95. 95. 96. 95. 95. 94. 92.
 48. 39. 34. 95. 95. 95. 95. 95. 95. 94. 92. 49. 39. 34. 95. 95. 95. 95.
 95. 95. 94. 92. 49. 39. 34.]
79.0
out_distribution: LSUN-R
 TNR95  TNR99  AUROC  DTACC  AUIN   AUOUT 
 94.13  46.33  96.19  90.29  89.03  98.93
temperature: 1
magnitude: 0.001

[93. 94. 94. 94. 94. 85. 54. 19. 36. 13. 91. 92. 92. 92. 92. 91. 86. 65.
 23. 35. 11. 90. 92. 92. 91. 91. 90. 85. 63. 23. 35. 11. 90. 91. 92. 91.
 91. 90. 84. 63. 23. 35. 11.]
69.0
[96. 96. 96. 96. 96. 92. 78. 57. 71. 46. 95. 96. 96. 96. 96. 96. 93. 87.
 61. 71. 50. 95. 95. 96. 96. 96. 96. 93. 87. 61. 70. 51. 95. 95. 96. 96.
 96. 96. 93. 87. 61. 70. 51.]
84.0
out_distribution: Places365-small
 TNR95  TNR99  AUROC  DTACC  AUIN   AUOUT 
 83.19  26.25  91.92  84.41  57.39  99.37
temperature: 1000
magnitude: 0

[83. 81. 79. 77. 75. 57. 33. 15. 15. 15. 84. 82. 80. 77. 73. 71. 54. 38.
 19. 12. 10. 83. 82. 79. 76. 74. 70. 54. 37. 19. 12. 10. 83. 81. 79. 76.
 73. 70. 53. 37. 19. 11. 10.]
54.0
[91. 91. 90. 89. 88. 77. 61. 47. 45. 50. 92. 92. 91. 90. 89. 88. 83. 78.
 52. 46. 47. 92. 92. 91. 90. 89. 88. 83. 78. 51. 45. 47. 92. 91. 91. 90.
 89. 88. 83. 78. 52. 45. 47.]
76.0
out_distribution: iSUN
 TNR95  TNR99  AUROC  DTACC  AUIN   AUOUT 
 92.20  37.07  95.38  89.03  89.43  98.44
temperature: 1
magnitude: 0.0005

[92. 93. 93. 93. 92. 84. 52. 17. 32. 13. 90. 91. 91. 91. 90. 90. 84. 63.
 21. 33. 11. 89. 90. 90. 90. 90. 88. 83. 61. 21. 33. 12. 89. 90. 90. 89.
 89. 89. 82. 62. 22. 33. 12.]
68.0
[95. 96. 96. 96. 96. 92. 77. 55. 67. 46. 95. 95. 96. 96. 96. 95. 93. 87.
 60. 68. 49. 94. 95. 95. 95. 95. 95. 93. 87. 60. 68. 50. 94. 95. 95. 95.
 95. 95. 92. 87. 60. 68. 50.]
84.0
out_distribution: svhn
 TNR95  TNR99  AUROC  DTACC  AUIN   AUOUT 
 80.27  14.58  89.43  83.19  49.77  98.75
temperature: 1000
magnitude: 0

[76. 77. 76. 76. 75. 70. 67. 12.  9. 10. 80. 79. 79. 78. 77. 76. 71. 70.
 20.  8.  7. 80. 80. 79. 78. 78. 76. 71. 70. 20.  7.  7. 80. 80. 79. 78.
 78. 77. 71. 70. 20.  7.  7.]
57.99999999999999
[87. 87. 86. 86. 85. 79. 76. 39. 31. 40. 89. 89. 89. 89. 89. 89. 87. 87.
 50. 37. 36. 89. 90. 89. 89. 89. 89. 87. 88. 51. 37. 36. 89. 89. 90. 89.
 89. 89. 87. 88. 52. 37. 36.]
74.0
