Namespace(net_type='densenet', ind_dset='imagenet10', nf=32, n_test=5000)
In-distribution:  imagenet10
0it [00:00, ?it/s]Out-of-distribution:  DTD
Counter({1.0: 5000})
Counter({0.0: 3100})
Counter({0.0: 1000, 1.0: 1000})
Counter({1.0: 4000, 0.0: 2100})
1it [00:05,  5.28s/it]2it [00:06,  2.67s/it]3it [00:07,  1.93s/it]4it [00:08,  1.56s/it]5it [00:09,  1.38s/it]6it [00:10,  1.30s/it]6it [00:10,  1.73s/it]
1000
Testing set size: 2100, 4000
Counter({1.0: 5000})
Counter({0.0: 3100})
Counter({0.0: 1000, 1.0: 1000})
Counter({1.0: 4000, 0.0: 2100})
1000
Testing set size: 2100, 4000
Counter({1.0: 5000})
Counter({0.0: 3100})
Counter({0.0: 1000, 1.0: 1000})
Counter({1.0: 4000, 0.0: 2100})
1000
Testing set size: 2100, 4000
Counter({1.0: 5000})
Counter({0.0: 3100})
Counter({0.0: 1000, 1.0: 1000})
Counter({1.0: 4000, 0.0: 2100})
1000
Testing set size: 2100, 4000
Counter({1.0: 5000})
Counter({0.0: 3100})
Counter({0.0: 1000, 1.0: 1000})
Counter({1.0: 4000, 0.0: 2100})
1000
Testing set size: 2100, 4000
Counter({1.0: 5000})
Counter({0.0: 3100})
Counter({0.0: 1000, 1.0: 1000})
Counter({1.0: 4000, 0.0: 2100})
1000
Testing set size: 2100, 4000
Counter({1.0: 5000})
Counter({0.0: 3100})
Counter({0.0: 1000, 1.0: 1000})
Counter({1.0: 4000, 0.0: 2100})
1000
Testing set size: 2100, 4000
Out-of-distribution:  LSUN-C
Counter({1.0: 5000})
Counter({0.0: 3100})
Counter({0.0: 1000, 1.0: 1000})
Counter({1.0: 4000, 0.0: 2100})
1000
Testing set size: 2100, 4000
Counter({1.0: 5000})
Counter({0.0: 3100})
Counter({0.0: 1000, 1.0: 1000})
Counter({1.0: 4000, 0.0: 2100})
1000
Testing set size: 2100, 4000
Counter({1.0: 5000})
Counter({0.0: 3100})
Counter({0.0: 1000, 1.0: 1000})
Counter({1.0: 4000, 0.0: 2100})
1000
Testing set size: 2100, 4000
Counter({1.0: 5000})
Counter({0.0: 3100})
Counter({0.0: 1000, 1.0: 1000})
Counter({1.0: 4000, 0.0: 2100})
1000
Testing set size: 2100, 4000
Counter({1.0: 5000})
Counter({0.0: 3100})
Counter({0.0: 1000, 1.0: 1000})
Counter({1.0: 4000, 0.0: 2100})
1000
Testing set size: 2100, 4000
Counter({1.0: 5000})
Counter({0.0: 3100})
Counter({0.0: 1000, 1.0: 1000})
Counter({1.0: 4000, 0.0: 2100})
1000
Testing set size: 2100, 4000
Counter({1.0: 5000})
Counter({0.0: 3100})
Counter({0.0: 1000, 1.0: 1000})
Counter({1.0: 4000, 0.0: 2100})
1000
Testing set size: 2100, 4000
Out-of-distribution:  LSUN-R
Counter({1.0: 5000})
Counter({0.0: 3100})
Counter({0.0: 1000, 1.0: 1000})
Counter({1.0: 4000, 0.0: 2100})
1000
Testing set size: 2100, 4000
Counter({1.0: 5000})
Counter({0.0: 3100})
Counter({0.0: 1000, 1.0: 1000})
Counter({1.0: 4000, 0.0: 2100})
1000
Testing set size: 2100, 4000
Counter({1.0: 5000})
Counter({0.0: 3100})
Counter({0.0: 1000, 1.0: 1000})
Counter({1.0: 4000, 0.0: 2100})
1000
Testing set size: 2100, 4000
Counter({1.0: 5000})
Counter({0.0: 3100})
Counter({0.0: 1000, 1.0: 1000})
Counter({1.0: 4000, 0.0: 2100})
1000
Testing set size: 2100, 4000
Counter({1.0: 5000})
Counter({0.0: 3100})
Counter({0.0: 1000, 1.0: 1000})
Counter({1.0: 4000, 0.0: 2100})
1000
Testing set size: 2100, 4000
Counter({1.0: 5000})
Counter({0.0: 3100})
Counter({0.0: 1000, 1.0: 1000})
Counter({1.0: 4000, 0.0: 2100})
1000
Testing set size: 2100, 4000
Counter({1.0: 5000})
Counter({0.0: 3100})
Counter({0.0: 1000, 1.0: 1000})
Counter({1.0: 4000, 0.0: 2100})
1000
Testing set size: 2100, 4000
Out-of-distribution:  Places365-small
Counter({1.0: 5000})
Counter({0.0: 3100})
Counter({0.0: 1000, 1.0: 1000})
Counter({1.0: 4000, 0.0: 2100})
1000
Testing set size: 2100, 4000
Counter({1.0: 5000})
Counter({0.0: 3100})
Counter({0.0: 1000, 1.0: 1000})
Counter({1.0: 4000, 0.0: 2100})
1000
Testing set size: 2100, 4000
Counter({1.0: 5000})
Counter({0.0: 3100})
Counter({0.0: 1000, 1.0: 1000})
Counter({1.0: 4000, 0.0: 2100})
1000
Testing set size: 2100, 4000
Counter({1.0: 5000})
Counter({0.0: 3100})
Counter({0.0: 1000, 1.0: 1000})
Counter({1.0: 4000, 0.0: 2100})
1000
Testing set size: 2100, 4000
Counter({1.0: 5000})
Counter({0.0: 3100})
Counter({0.0: 1000, 1.0: 1000})
Counter({1.0: 4000, 0.0: 2100})
1000
Testing set size: 2100, 4000
Counter({1.0: 5000})
Counter({0.0: 3100})
Counter({0.0: 1000, 1.0: 1000})
Counter({1.0: 4000, 0.0: 2100})
1000
Testing set size: 2100, 4000
Counter({1.0: 5000})
Counter({0.0: 3100})
Counter({0.0: 1000, 1.0: 1000})
Counter({1.0: 4000, 0.0: 2100})
1000
Testing set size: 2100, 4000
Out-of-distribution:  iSUN
Counter({1.0: 5000})
Counter({0.0: 3100})
Counter({0.0: 1000, 1.0: 1000})
Counter({1.0: 4000, 0.0: 2100})
1000
Testing set size: 2100, 4000
Counter({1.0: 5000})
Counter({0.0: 3100})
Counter({0.0: 1000, 1.0: 1000})
Counter({1.0: 4000, 0.0: 2100})
1000
Testing set size: 2100, 4000
Counter({1.0: 5000})
Counter({0.0: 3100})
Counter({0.0: 1000, 1.0: 1000})
Counter({1.0: 4000, 0.0: 2100})
1000
Testing set size: 2100, 4000
Counter({1.0: 5000})
Counter({0.0: 3100})
Counter({0.0: 1000, 1.0: 1000})
Counter({1.0: 4000, 0.0: 2100})
1000
Testing set size: 2100, 4000
Counter({1.0: 5000})
Counter({0.0: 3100})
Counter({0.0: 1000, 1.0: 1000})
Counter({1.0: 4000, 0.0: 2100})
1000
Testing set size: 2100, 4000
Counter({1.0: 5000})
Counter({0.0: 3100})
Counter({0.0: 1000, 1.0: 1000})
Counter({1.0: 4000, 0.0: 2100})
1000
Testing set size: 2100, 4000
Counter({1.0: 5000})
Counter({0.0: 3100})
Counter({0.0: 1000, 1.0: 1000})
Counter({1.0: 4000, 0.0: 2100})
1000
Testing set size: 2100, 4000
Out-of-distribution:  svhn
Counter({1.0: 5000})
Counter({0.0: 3100})
Counter({0.0: 1000, 1.0: 1000})
Counter({1.0: 4000, 0.0: 2100})
1000
Testing set size: 2100, 4000
Counter({1.0: 5000})
Counter({0.0: 3100})
Counter({0.0: 1000, 1.0: 1000})
Counter({1.0: 4000, 0.0: 2100})
1000
Testing set size: 2100, 4000
Counter({1.0: 5000})
Counter({0.0: 3100})
Counter({0.0: 1000, 1.0: 1000})
Counter({1.0: 4000, 0.0: 2100})
1000
Testing set size: 2100, 4000
Counter({1.0: 5000})
Counter({0.0: 3100})
Counter({0.0: 1000, 1.0: 1000})
Counter({1.0: 4000, 0.0: 2100})
1000
Testing set size: 2100, 4000
Counter({1.0: 5000})
Counter({0.0: 3100})
Counter({0.0: 1000, 1.0: 1000})
Counter({1.0: 4000, 0.0: 2100})
1000
Testing set size: 2100, 4000
Counter({1.0: 5000})
Counter({0.0: 3100})
Counter({0.0: 1000, 1.0: 1000})
Counter({1.0: 4000, 0.0: 2100})
1000
Testing set size: 2100, 4000
Counter({1.0: 5000})
Counter({0.0: 3100})
Counter({0.0: 1000, 1.0: 1000})
Counter({1.0: 4000, 0.0: 2100})
1000
Testing set size: 2100, 4000
OOD dataset: DTD
IND ACC
[95. 95. 95. 95. 95. 96. 95.]
95.0
OOD ACC
[63. 45. 51. 58. 59. 61. 64.]
56.99999999999999
AUROC
[90. 84. 87. 89. 89. 89. 90.]
88.0
OOD dataset: LSUN-C
IND ACC
[94. 95. 95. 94. 95. 94. 94.]
95.0
OOD ACC
[96. 59. 79. 94. 94. 95. 95.]
87.0
AUROC
[98. 94. 97. 98. 98. 98. 98.]
98.0
OOD dataset: LSUN-R
IND ACC
[96. 95. 96. 95. 96. 96. 96.]
96.0
OOD ACC
[78. 30. 52. 80. 78. 77. 78.]
68.0
AUROC
[96. 82. 90. 96. 96. 96. 96.]
93.0
OOD dataset: Places365-small
IND ACC
[95. 96. 96. 95. 95. 94. 94.]
95.0
OOD ACC
[11.  7.  7. 11. 11. 13. 14.]
11.0
AUROC
[67. 58. 62. 64. 64. 65. 66.]
64.0
OOD dataset: iSUN
IND ACC
[95. 95. 95. 95. 95. 95. 95.]
95.0
OOD ACC
[75. 39. 62. 75. 74. 75. 75.]
68.0
AUROC
[95. 84. 92. 95. 95. 95. 95.]
93.0
OOD dataset: svhn
IND ACC
[95. 94. 95. 96. 95. 95. 95.]
95.0
OOD ACC
[71. 77. 76. 62. 55. 57. 62.]
66.0
AUROC
[95. 96. 96. 93. 93. 93. 93.]
94.0
