Namespace(net_type='densenet', ind_dset='imagenet10', nf=32)
In-distribution:  imagenet10
0it [00:00, ?it/s]Out-of-distribution:  DTD
Counter({1.0: 3100})
Counter({0.0: 3100})
Counter({0.0: 1500, 1.0: 1500})
Counter({0.0: 1600, 1.0: 1600})
1it [00:05,  5.04s/it]2it [00:05,  2.52s/it]3it [00:06,  1.80s/it]4it [00:07,  1.46s/it]5it [00:08,  1.33s/it]6it [00:09,  1.25s/it]6it [00:09,  1.65s/it]
1500
Testing set size: 1600, 1600
Counter({1.0: 3100})
Counter({0.0: 3100})
Counter({0.0: 1500, 1.0: 1500})
Counter({0.0: 1600, 1.0: 1600})
1500
Testing set size: 1600, 1600
Counter({1.0: 3100})
Counter({0.0: 3100})
Counter({0.0: 1500, 1.0: 1500})
Counter({0.0: 1600, 1.0: 1600})
1500
Testing set size: 1600, 1600
Counter({1.0: 3100})
Counter({0.0: 3100})
Counter({0.0: 1500, 1.0: 1500})
Counter({0.0: 1600, 1.0: 1600})
1500
Testing set size: 1600, 1600
Counter({1.0: 3100})
Counter({0.0: 3100})
Counter({0.0: 1500, 1.0: 1500})
Counter({0.0: 1600, 1.0: 1600})
1500
Testing set size: 1600, 1600
Counter({1.0: 3100})
Counter({0.0: 3100})
Counter({0.0: 1500, 1.0: 1500})
Counter({0.0: 1600, 1.0: 1600})
1500
Testing set size: 1600, 1600
Counter({1.0: 3100})
Counter({0.0: 3100})
Counter({0.0: 1500, 1.0: 1500})
Counter({0.0: 1600, 1.0: 1600})
1500
Testing set size: 1600, 1600
Out-of-distribution:  LSUN-C
Counter({1.0: 3100})
Counter({0.0: 3100})
Counter({0.0: 1500, 1.0: 1500})
Counter({0.0: 1600, 1.0: 1600})
1500
Testing set size: 1600, 1600
Counter({1.0: 3100})
Counter({0.0: 3100})
Counter({0.0: 1500, 1.0: 1500})
Counter({0.0: 1600, 1.0: 1600})
1500
Testing set size: 1600, 1600
Counter({1.0: 3100})
Counter({0.0: 3100})
Counter({0.0: 1500, 1.0: 1500})
Counter({0.0: 1600, 1.0: 1600})
1500
Testing set size: 1600, 1600
Counter({1.0: 3100})
Counter({0.0: 3100})
Counter({0.0: 1500, 1.0: 1500})
Counter({0.0: 1600, 1.0: 1600})
1500
Testing set size: 1600, 1600
Counter({1.0: 3100})
Counter({0.0: 3100})
Counter({0.0: 1500, 1.0: 1500})
Counter({0.0: 1600, 1.0: 1600})
1500
Testing set size: 1600, 1600
Counter({1.0: 3100})
Counter({0.0: 3100})
Counter({0.0: 1500, 1.0: 1500})
Counter({0.0: 1600, 1.0: 1600})
1500
Testing set size: 1600, 1600
Counter({1.0: 3100})
Counter({0.0: 3100})
Counter({0.0: 1500, 1.0: 1500})
Counter({0.0: 1600, 1.0: 1600})
1500
Testing set size: 1600, 1600
Out-of-distribution:  LSUN-R
Counter({1.0: 3100})
Counter({0.0: 3100})
Counter({0.0: 1500, 1.0: 1500})
Counter({0.0: 1600, 1.0: 1600})
1500
Testing set size: 1600, 1600
Counter({1.0: 3100})
Counter({0.0: 3100})
Counter({0.0: 1500, 1.0: 1500})
Counter({0.0: 1600, 1.0: 1600})
1500
Testing set size: 1600, 1600
Counter({1.0: 3100})
Counter({0.0: 3100})
Counter({0.0: 1500, 1.0: 1500})
Counter({0.0: 1600, 1.0: 1600})
1500
Testing set size: 1600, 1600
Counter({1.0: 3100})
Counter({0.0: 3100})
Counter({0.0: 1500, 1.0: 1500})
Counter({0.0: 1600, 1.0: 1600})
1500
Testing set size: 1600, 1600
Counter({1.0: 3100})
Counter({0.0: 3100})
Counter({0.0: 1500, 1.0: 1500})
Counter({0.0: 1600, 1.0: 1600})
1500
Testing set size: 1600, 1600
Counter({1.0: 3100})
Counter({0.0: 3100})
Counter({0.0: 1500, 1.0: 1500})
Counter({0.0: 1600, 1.0: 1600})
1500
Testing set size: 1600, 1600
Counter({1.0: 3100})
Counter({0.0: 3100})
Counter({0.0: 1500, 1.0: 1500})
Counter({0.0: 1600, 1.0: 1600})
1500
Testing set size: 1600, 1600
Out-of-distribution:  Places365-small
Counter({1.0: 3100})
Counter({0.0: 3100})
Counter({0.0: 1500, 1.0: 1500})
Counter({0.0: 1600, 1.0: 1600})
1500
Testing set size: 1600, 1600
Counter({1.0: 3100})
Counter({0.0: 3100})
Counter({0.0: 1500, 1.0: 1500})
Counter({0.0: 1600, 1.0: 1600})
1500
Testing set size: 1600, 1600
Counter({1.0: 3100})
Counter({0.0: 3100})
Counter({0.0: 1500, 1.0: 1500})
Counter({0.0: 1600, 1.0: 1600})
1500
Testing set size: 1600, 1600
Counter({1.0: 3100})
Counter({0.0: 3100})
Counter({0.0: 1500, 1.0: 1500})
Counter({0.0: 1600, 1.0: 1600})
1500
Testing set size: 1600, 1600
Counter({1.0: 3100})
Counter({0.0: 3100})
Counter({0.0: 1500, 1.0: 1500})
Counter({0.0: 1600, 1.0: 1600})
1500
Testing set size: 1600, 1600
Counter({1.0: 3100})
Counter({0.0: 3100})
Counter({0.0: 1500, 1.0: 1500})
Counter({0.0: 1600, 1.0: 1600})
1500
Testing set size: 1600, 1600
Counter({1.0: 3100})
Counter({0.0: 3100})
Counter({0.0: 1500, 1.0: 1500})
Counter({0.0: 1600, 1.0: 1600})
1500
Testing set size: 1600, 1600
Out-of-distribution:  iSUN
Counter({1.0: 3100})
Counter({0.0: 3100})
Counter({0.0: 1500, 1.0: 1500})
Counter({0.0: 1600, 1.0: 1600})
1500
Testing set size: 1600, 1600
Counter({1.0: 3100})
Counter({0.0: 3100})
Counter({0.0: 1500, 1.0: 1500})
Counter({0.0: 1600, 1.0: 1600})
1500
Testing set size: 1600, 1600
Counter({1.0: 3100})
Counter({0.0: 3100})
Counter({0.0: 1500, 1.0: 1500})
Counter({0.0: 1600, 1.0: 1600})
1500
Testing set size: 1600, 1600
Counter({1.0: 3100})
Counter({0.0: 3100})
Counter({0.0: 1500, 1.0: 1500})
Counter({0.0: 1600, 1.0: 1600})
1500
Testing set size: 1600, 1600
Counter({1.0: 3100})
Counter({0.0: 3100})
Counter({0.0: 1500, 1.0: 1500})
Counter({0.0: 1600, 1.0: 1600})
1500
Testing set size: 1600, 1600
Counter({1.0: 3100})
Counter({0.0: 3100})
Counter({0.0: 1500, 1.0: 1500})
Counter({0.0: 1600, 1.0: 1600})
1500
Testing set size: 1600, 1600
Counter({1.0: 3100})
Counter({0.0: 3100})
Counter({0.0: 1500, 1.0: 1500})
Counter({0.0: 1600, 1.0: 1600})
1500
Testing set size: 1600, 1600
Out-of-distribution:  svhn
Counter({1.0: 3100})
Counter({0.0: 3100})
Counter({0.0: 1500, 1.0: 1500})
Counter({0.0: 1600, 1.0: 1600})
1500
Testing set size: 1600, 1600
Counter({1.0: 3100})
Counter({0.0: 3100})
Counter({0.0: 1500, 1.0: 1500})
Counter({0.0: 1600, 1.0: 1600})
1500
Testing set size: 1600, 1600
Counter({1.0: 3100})
Counter({0.0: 3100})
Counter({0.0: 1500, 1.0: 1500})
Counter({0.0: 1600, 1.0: 1600})
1500
Testing set size: 1600, 1600
Counter({1.0: 3100})
Counter({0.0: 3100})
Counter({0.0: 1500, 1.0: 1500})
Counter({0.0: 1600, 1.0: 1600})
1500
Testing set size: 1600, 1600
Counter({1.0: 3100})
Counter({0.0: 3100})
Counter({0.0: 1500, 1.0: 1500})
Counter({0.0: 1600, 1.0: 1600})
1500
Testing set size: 1600, 1600
Counter({1.0: 3100})
Counter({0.0: 3100})
Counter({0.0: 1500, 1.0: 1500})
Counter({0.0: 1600, 1.0: 1600})
1500
Testing set size: 1600, 1600
Counter({1.0: 3100})
Counter({0.0: 3100})
Counter({0.0: 1500, 1.0: 1500})
Counter({0.0: 1600, 1.0: 1600})
1500
Testing set size: 1600, 1600
OOD dataset: DTD
IND ACC
[95. 95. 95. 95. 95. 95. 94.]
95.0
OOD ACC
[67. 49. 55. 61. 61. 66. 67.]
61.0
AUROC
[92. 87. 88. 91. 90. 91. 91.]
90.0
OOD dataset: LSUN-C
IND ACC
[94. 95. 95. 94. 94. 94. 94.]
94.0
OOD ACC
[95. 59. 79. 94. 94. 95. 95.]
87.0
AUROC
[98. 94. 97. 98. 98. 98. 98.]
97.0
OOD dataset: LSUN-R
IND ACC
[95. 96. 96. 95. 95. 96. 95.]
95.0
OOD ACC
[78. 28. 52. 78. 79. 79. 79.]
68.0
AUROC
[96. 83. 90. 96. 96. 96. 96.]
93.0
OOD dataset: Places365-small
IND ACC
[95. 96. 95. 95. 95. 94. 95.]
95.0
OOD ACC
[12.  7.  9. 12. 12. 14. 13.]
11.0
AUROC
[67. 60. 62. 65. 66. 66. 66.]
65.0
OOD dataset: iSUN
IND ACC
[95. 96. 95. 94. 95. 95. 95.]
95.0
OOD ACC
[74. 35. 63. 76. 75. 76. 74.]
68.0
AUROC
[95. 83. 92. 95. 95. 95. 95.]
93.0
OOD dataset: svhn
IND ACC
[95. 95. 95. 95. 95. 95. 95.]
95.0
OOD ACC
[70. 75. 77. 65. 57. 54. 56.]
65.0
AUROC
[95. 96. 96. 94. 92. 92. 92.]
94.0
