Namespace(batch_size=100, dataset='imagenet10', ckpt='imagenet10-32-0-o1', nf=32, dataroot='./data', outf='output/', num_classes=10, net_type='densenet', gpu=0)
load model: densenet
load target data:  imagenet10
Training dataset size:  13000
Dataset size:  10400 2600 500
3100
  0%|          | 0/4 [00:00<?, ?it/s]/gpfs/accounts/sunwbgt_root/sunwbgt98/xysong/deep_Mahalanobis_detector/lib_generation.py:254: UserWarning: This overload of add is deprecated:
	add(Tensor input, Number alpha, Tensor other, *, Tensor out)
Consider using one of the following signatures instead:
	add(Tensor input, Tensor other, *, Number alpha, Tensor out) (Triggered internally at ../torch/csrc/utils/python_arg_parser.cpp:1485.)
  tempInputs = torch.add(data.data,  -magnitude, gradient)
/gpfs/accounts/sunwbgt_root/sunwbgt98/xysong/deep_Mahalanobis_detector/lib_generation.py:255: UserWarning: volatile was removed and now has no effect. Use `with torch.no_grad():` instead.
  outputs = model(Variable(tempInputs, volatile=True))
Temperature: 1 / noise: 0
######################################
Testing on DTD Texture
Out-distribution: DTD
Testing set size: 2100, 4640
######################################
Testing on LSUN-C
Out-distribution: LSUN-C
/gpfs/accounts/sunwbgt_root/sunwbgt98/xysong/deep_Mahalanobis_detector/lib_generation.py:255: UserWarning: volatile was removed and now has no effect. Use `with torch.no_grad():` instead.
  outputs = model(Variable(tempInputs, volatile=True))
Testing set size: 2100, 9000
######################################
Testing on LSUN-R
Out-distribution: LSUN-R
/gpfs/accounts/sunwbgt_root/sunwbgt98/xysong/deep_Mahalanobis_detector/lib_generation.py:255: UserWarning: volatile was removed and now has no effect. Use `with torch.no_grad():` instead.
  outputs = model(Variable(tempInputs, volatile=True))
Testing set size: 2100, 9000
######################################
Testing on Places365
Out-distribution: Places365-small
/gpfs/accounts/sunwbgt_root/sunwbgt98/xysong/deep_Mahalanobis_detector/lib_generation.py:255: UserWarning: volatile was removed and now has no effect. Use `with torch.no_grad():` instead.
  outputs = model(Variable(tempInputs, volatile=True))
Testing set size: 2100, 35500
######################################
Testing on iSUN
Out-distribution: iSUN
/gpfs/accounts/sunwbgt_root/sunwbgt98/xysong/deep_Mahalanobis_detector/lib_generation.py:255: UserWarning: volatile was removed and now has no effect. Use `with torch.no_grad():` instead.
  outputs = model(Variable(tempInputs, volatile=True))
Testing set size: 2100, 7925
Using downloaded and verified file: ./data/svhn-data/train_32x32.mat
Using downloaded and verified file: ./data/svhn-data/test_32x32.mat
Out-distribution: svhn
/gpfs/accounts/sunwbgt_root/sunwbgt98/xysong/deep_Mahalanobis_detector/lib_generation.py:255: UserWarning: volatile was removed and now has no effect. Use `with torch.no_grad():` instead.
  outputs = model(Variable(tempInputs, volatile=True))
Testing set size: 2100, 25032
/gpfs/accounts/sunwbgt_root/sunwbgt98/xysong/deep_Mahalanobis_detector/lib_generation.py:255: UserWarning: volatile was removed and now has no effect. Use `with torch.no_grad():` instead.
  outputs = model(Variable(tempInputs, volatile=True))
Temperature: 1 / noise: 0.0005
######################################
Testing on DTD Texture
Out-distribution: DTD
Testing set size: 2100, 4640
######################################
Testing on LSUN-C
Out-distribution: LSUN-C
/gpfs/accounts/sunwbgt_root/sunwbgt98/xysong/deep_Mahalanobis_detector/lib_generation.py:255: UserWarning: volatile was removed and now has no effect. Use `with torch.no_grad():` instead.
  outputs = model(Variable(tempInputs, volatile=True))
Testing set size: 2100, 9000
######################################
Testing on LSUN-R
Out-distribution: LSUN-R
/gpfs/accounts/sunwbgt_root/sunwbgt98/xysong/deep_Mahalanobis_detector/lib_generation.py:255: UserWarning: volatile was removed and now has no effect. Use `with torch.no_grad():` instead.
  outputs = model(Variable(tempInputs, volatile=True))
Testing set size: 2100, 9000
######################################
Testing on Places365
Out-distribution: Places365-small
/gpfs/accounts/sunwbgt_root/sunwbgt98/xysong/deep_Mahalanobis_detector/lib_generation.py:255: UserWarning: volatile was removed and now has no effect. Use `with torch.no_grad():` instead.
  outputs = model(Variable(tempInputs, volatile=True))
Testing set size: 2100, 35500
######################################
Testing on iSUN
Out-distribution: iSUN
/gpfs/accounts/sunwbgt_root/sunwbgt98/xysong/deep_Mahalanobis_detector/lib_generation.py:255: UserWarning: volatile was removed and now has no effect. Use `with torch.no_grad():` instead.
  outputs = model(Variable(tempInputs, volatile=True))
Testing set size: 2100, 7925
Using downloaded and verified file: ./data/svhn-data/train_32x32.mat
Using downloaded and verified file: ./data/svhn-data/test_32x32.mat
Out-distribution: svhn
/gpfs/accounts/sunwbgt_root/sunwbgt98/xysong/deep_Mahalanobis_detector/lib_generation.py:255: UserWarning: volatile was removed and now has no effect. Use `with torch.no_grad():` instead.
  outputs = model(Variable(tempInputs, volatile=True))
Testing set size: 2100, 25032
/gpfs/accounts/sunwbgt_root/sunwbgt98/xysong/deep_Mahalanobis_detector/lib_generation.py:255: UserWarning: volatile was removed and now has no effect. Use `with torch.no_grad():` instead.
  outputs = model(Variable(tempInputs, volatile=True))
Temperature: 1 / noise: 0.001
######################################
Testing on DTD Texture
Out-distribution: DTD
Testing set size: 2100, 4640
######################################
Testing on LSUN-C
Out-distribution: LSUN-C
/gpfs/accounts/sunwbgt_root/sunwbgt98/xysong/deep_Mahalanobis_detector/lib_generation.py:255: UserWarning: volatile was removed and now has no effect. Use `with torch.no_grad():` instead.
  outputs = model(Variable(tempInputs, volatile=True))
Testing set size: 2100, 9000
######################################
Testing on LSUN-R
Out-distribution: LSUN-R
/gpfs/accounts/sunwbgt_root/sunwbgt98/xysong/deep_Mahalanobis_detector/lib_generation.py:255: UserWarning: volatile was removed and now has no effect. Use `with torch.no_grad():` instead.
  outputs = model(Variable(tempInputs, volatile=True))
Testing set size: 2100, 9000
######################################
Testing on Places365
Out-distribution: Places365-small
/gpfs/accounts/sunwbgt_root/sunwbgt98/xysong/deep_Mahalanobis_detector/lib_generation.py:255: UserWarning: volatile was removed and now has no effect. Use `with torch.no_grad():` instead.
  outputs = model(Variable(tempInputs, volatile=True))
Testing set size: 2100, 35500
######################################
Testing on iSUN
Out-distribution: iSUN
/gpfs/accounts/sunwbgt_root/sunwbgt98/xysong/deep_Mahalanobis_detector/lib_generation.py:255: UserWarning: volatile was removed and now has no effect. Use `with torch.no_grad():` instead.
  outputs = model(Variable(tempInputs, volatile=True))
Testing set size: 2100, 7925
Using downloaded and verified file: ./data/svhn-data/train_32x32.mat
Using downloaded and verified file: ./data/svhn-data/test_32x32.mat
Out-distribution: svhn
/gpfs/accounts/sunwbgt_root/sunwbgt98/xysong/deep_Mahalanobis_detector/lib_generation.py:255: UserWarning: volatile was removed and now has no effect. Use `with torch.no_grad():` instead.
  outputs = model(Variable(tempInputs, volatile=True))
Testing set size: 2100, 25032
/gpfs/accounts/sunwbgt_root/sunwbgt98/xysong/deep_Mahalanobis_detector/lib_generation.py:255: UserWarning: volatile was removed and now has no effect. Use `with torch.no_grad():` instead.
  outputs = model(Variable(tempInputs, volatile=True))
Temperature: 1 / noise: 0.0014
######################################
Testing on DTD Texture
Out-distribution: DTD
Testing set size: 2100, 4640
######################################
Testing on LSUN-C
Out-distribution: LSUN-C
/gpfs/accounts/sunwbgt_root/sunwbgt98/xysong/deep_Mahalanobis_detector/lib_generation.py:255: UserWarning: volatile was removed and now has no effect. Use `with torch.no_grad():` instead.
  outputs = model(Variable(tempInputs, volatile=True))
Testing set size: 2100, 9000
######################################
Testing on LSUN-R
Out-distribution: LSUN-R
/gpfs/accounts/sunwbgt_root/sunwbgt98/xysong/deep_Mahalanobis_detector/lib_generation.py:255: UserWarning: volatile was removed and now has no effect. Use `with torch.no_grad():` instead.
  outputs = model(Variable(tempInputs, volatile=True))
Testing set size: 2100, 9000
######################################
Testing on Places365
Out-distribution: Places365-small
/gpfs/accounts/sunwbgt_root/sunwbgt98/xysong/deep_Mahalanobis_detector/lib_generation.py:255: UserWarning: volatile was removed and now has no effect. Use `with torch.no_grad():` instead.
  outputs = model(Variable(tempInputs, volatile=True))
Testing set size: 2100, 35500
######################################
Testing on iSUN
Out-distribution: iSUN
/gpfs/accounts/sunwbgt_root/sunwbgt98/xysong/deep_Mahalanobis_detector/lib_generation.py:255: UserWarning: volatile was removed and now has no effect. Use `with torch.no_grad():` instead.
  outputs = model(Variable(tempInputs, volatile=True))
Testing set size: 2100, 7925
Using downloaded and verified file: ./data/svhn-data/train_32x32.mat
Using downloaded and verified file: ./data/svhn-data/test_32x32.mat
Out-distribution: svhn
/gpfs/accounts/sunwbgt_root/sunwbgt98/xysong/deep_Mahalanobis_detector/lib_generation.py:255: UserWarning: volatile was removed and now has no effect. Use `with torch.no_grad():` instead.
  outputs = model(Variable(tempInputs, volatile=True))
Testing set size: 2100, 25032
/gpfs/accounts/sunwbgt_root/sunwbgt98/xysong/deep_Mahalanobis_detector/lib_generation.py:255: UserWarning: volatile was removed and now has no effect. Use `with torch.no_grad():` instead.
  outputs = model(Variable(tempInputs, volatile=True))
Temperature: 1 / noise: 0.002
######################################
Testing on DTD Texture
Out-distribution: DTD
Testing set size: 2100, 4640
######################################
Testing on LSUN-C
Out-distribution: LSUN-C
/gpfs/accounts/sunwbgt_root/sunwbgt98/xysong/deep_Mahalanobis_detector/lib_generation.py:255: UserWarning: volatile was removed and now has no effect. Use `with torch.no_grad():` instead.
  outputs = model(Variable(tempInputs, volatile=True))
Testing set size: 2100, 9000
######################################
Testing on LSUN-R
Out-distribution: LSUN-R
/gpfs/accounts/sunwbgt_root/sunwbgt98/xysong/deep_Mahalanobis_detector/lib_generation.py:255: UserWarning: volatile was removed and now has no effect. Use `with torch.no_grad():` instead.
  outputs = model(Variable(tempInputs, volatile=True))
Testing set size: 2100, 9000
######################################
Testing on Places365
Out-distribution: Places365-small
/gpfs/accounts/sunwbgt_root/sunwbgt98/xysong/deep_Mahalanobis_detector/lib_generation.py:255: UserWarning: volatile was removed and now has no effect. Use `with torch.no_grad():` instead.
  outputs = model(Variable(tempInputs, volatile=True))
Testing set size: 2100, 35500
######################################
Testing on iSUN
Out-distribution: iSUN
/gpfs/accounts/sunwbgt_root/sunwbgt98/xysong/deep_Mahalanobis_detector/lib_generation.py:255: UserWarning: volatile was removed and now has no effect. Use `with torch.no_grad():` instead.
  outputs = model(Variable(tempInputs, volatile=True))
Testing set size: 2100, 7925
Using downloaded and verified file: ./data/svhn-data/train_32x32.mat
Using downloaded and verified file: ./data/svhn-data/test_32x32.mat
Out-distribution: svhn
/gpfs/accounts/sunwbgt_root/sunwbgt98/xysong/deep_Mahalanobis_detector/lib_generation.py:255: UserWarning: volatile was removed and now has no effect. Use `with torch.no_grad():` instead.
  outputs = model(Variable(tempInputs, volatile=True))
Testing set size: 2100, 25032
/gpfs/accounts/sunwbgt_root/sunwbgt98/xysong/deep_Mahalanobis_detector/lib_generation.py:255: UserWarning: volatile was removed and now has no effect. Use `with torch.no_grad():` instead.
  outputs = model(Variable(tempInputs, volatile=True))
Temperature: 1 / noise: 0.0024
######################################
Testing on DTD Texture
Out-distribution: DTD
Testing set size: 2100, 4640
######################################
Testing on LSUN-C
Out-distribution: LSUN-C
/gpfs/accounts/sunwbgt_root/sunwbgt98/xysong/deep_Mahalanobis_detector/lib_generation.py:255: UserWarning: volatile was removed and now has no effect. Use `with torch.no_grad():` instead.
  outputs = model(Variable(tempInputs, volatile=True))
Testing set size: 2100, 9000
######################################
Testing on LSUN-R
Out-distribution: LSUN-R
/gpfs/accounts/sunwbgt_root/sunwbgt98/xysong/deep_Mahalanobis_detector/lib_generation.py:255: UserWarning: volatile was removed and now has no effect. Use `with torch.no_grad():` instead.
  outputs = model(Variable(tempInputs, volatile=True))
Testing set size: 2100, 9000
######################################
Testing on Places365
Out-distribution: Places365-small
/gpfs/accounts/sunwbgt_root/sunwbgt98/xysong/deep_Mahalanobis_detector/lib_generation.py:255: UserWarning: volatile was removed and now has no effect. Use `with torch.no_grad():` instead.
  outputs = model(Variable(tempInputs, volatile=True))
Testing set size: 2100, 35500
######################################
Testing on iSUN
Out-distribution: iSUN
/gpfs/accounts/sunwbgt_root/sunwbgt98/xysong/deep_Mahalanobis_detector/lib_generation.py:255: UserWarning: volatile was removed and now has no effect. Use `with torch.no_grad():` instead.
  outputs = model(Variable(tempInputs, volatile=True))
Testing set size: 2100, 7925
Using downloaded and verified file: ./data/svhn-data/train_32x32.mat
Using downloaded and verified file: ./data/svhn-data/test_32x32.mat
Out-distribution: svhn
/gpfs/accounts/sunwbgt_root/sunwbgt98/xysong/deep_Mahalanobis_detector/lib_generation.py:255: UserWarning: volatile was removed and now has no effect. Use `with torch.no_grad():` instead.
  outputs = model(Variable(tempInputs, volatile=True))
Testing set size: 2100, 25032
/gpfs/accounts/sunwbgt_root/sunwbgt98/xysong/deep_Mahalanobis_detector/lib_generation.py:255: UserWarning: volatile was removed and now has no effect. Use `with torch.no_grad():` instead.
  outputs = model(Variable(tempInputs, volatile=True))
Temperature: 1 / noise: 0.005
######################################
Testing on DTD Texture
Out-distribution: DTD
Testing set size: 2100, 4640
######################################
Testing on LSUN-C
Out-distribution: LSUN-C
/gpfs/accounts/sunwbgt_root/sunwbgt98/xysong/deep_Mahalanobis_detector/lib_generation.py:255: UserWarning: volatile was removed and now has no effect. Use `with torch.no_grad():` instead.
  outputs = model(Variable(tempInputs, volatile=True))
Testing set size: 2100, 9000
######################################
Testing on LSUN-R
Out-distribution: LSUN-R
/gpfs/accounts/sunwbgt_root/sunwbgt98/xysong/deep_Mahalanobis_detector/lib_generation.py:255: UserWarning: volatile was removed and now has no effect. Use `with torch.no_grad():` instead.
  outputs = model(Variable(tempInputs, volatile=True))
Testing set size: 2100, 9000
######################################
Testing on Places365
Out-distribution: Places365-small
/gpfs/accounts/sunwbgt_root/sunwbgt98/xysong/deep_Mahalanobis_detector/lib_generation.py:255: UserWarning: volatile was removed and now has no effect. Use `with torch.no_grad():` instead.
  outputs = model(Variable(tempInputs, volatile=True))
Testing set size: 2100, 35500
######################################
Testing on iSUN
Out-distribution: iSUN
/gpfs/accounts/sunwbgt_root/sunwbgt98/xysong/deep_Mahalanobis_detector/lib_generation.py:255: UserWarning: volatile was removed and now has no effect. Use `with torch.no_grad():` instead.
  outputs = model(Variable(tempInputs, volatile=True))
Testing set size: 2100, 7925
Using downloaded and verified file: ./data/svhn-data/train_32x32.mat
Using downloaded and verified file: ./data/svhn-data/test_32x32.mat
Out-distribution: svhn
/gpfs/accounts/sunwbgt_root/sunwbgt98/xysong/deep_Mahalanobis_detector/lib_generation.py:255: UserWarning: volatile was removed and now has no effect. Use `with torch.no_grad():` instead.
  outputs = model(Variable(tempInputs, volatile=True))
Testing set size: 2100, 25032
/gpfs/accounts/sunwbgt_root/sunwbgt98/xysong/deep_Mahalanobis_detector/lib_generation.py:255: UserWarning: volatile was removed and now has no effect. Use `with torch.no_grad():` instead.
  outputs = model(Variable(tempInputs, volatile=True))
Temperature: 1 / noise: 0.01
######################################
Testing on DTD Texture
Out-distribution: DTD
Testing set size: 2100, 4640
######################################
Testing on LSUN-C
Out-distribution: LSUN-C
/gpfs/accounts/sunwbgt_root/sunwbgt98/xysong/deep_Mahalanobis_detector/lib_generation.py:255: UserWarning: volatile was removed and now has no effect. Use `with torch.no_grad():` instead.
  outputs = model(Variable(tempInputs, volatile=True))
Testing set size: 2100, 9000
######################################
Testing on LSUN-R
Out-distribution: LSUN-R
/gpfs/accounts/sunwbgt_root/sunwbgt98/xysong/deep_Mahalanobis_detector/lib_generation.py:255: UserWarning: volatile was removed and now has no effect. Use `with torch.no_grad():` instead.
  outputs = model(Variable(tempInputs, volatile=True))
Testing set size: 2100, 9000
######################################
Testing on Places365
Out-distribution: Places365-small
/gpfs/accounts/sunwbgt_root/sunwbgt98/xysong/deep_Mahalanobis_detector/lib_generation.py:255: UserWarning: volatile was removed and now has no effect. Use `with torch.no_grad():` instead.
  outputs = model(Variable(tempInputs, volatile=True))
Testing set size: 2100, 35500
######################################
Testing on iSUN
Out-distribution: iSUN
/gpfs/accounts/sunwbgt_root/sunwbgt98/xysong/deep_Mahalanobis_detector/lib_generation.py:255: UserWarning: volatile was removed and now has no effect. Use `with torch.no_grad():` instead.
  outputs = model(Variable(tempInputs, volatile=True))
Testing set size: 2100, 7925
Using downloaded and verified file: ./data/svhn-data/train_32x32.mat
Using downloaded and verified file: ./data/svhn-data/test_32x32.mat
Out-distribution: svhn
/gpfs/accounts/sunwbgt_root/sunwbgt98/xysong/deep_Mahalanobis_detector/lib_generation.py:255: UserWarning: volatile was removed and now has no effect. Use `with torch.no_grad():` instead.
  outputs = model(Variable(tempInputs, volatile=True))
Testing set size: 2100, 25032
/gpfs/accounts/sunwbgt_root/sunwbgt98/xysong/deep_Mahalanobis_detector/lib_generation.py:255: UserWarning: volatile was removed and now has no effect. Use `with torch.no_grad():` instead.
  outputs = model(Variable(tempInputs, volatile=True))
Temperature: 1 / noise: 0.05
######################################
Testing on DTD Texture
Out-distribution: DTD
Testing set size: 2100, 4640
######################################
Testing on LSUN-C
Out-distribution: LSUN-C
/gpfs/accounts/sunwbgt_root/sunwbgt98/xysong/deep_Mahalanobis_detector/lib_generation.py:255: UserWarning: volatile was removed and now has no effect. Use `with torch.no_grad():` instead.
  outputs = model(Variable(tempInputs, volatile=True))
Testing set size: 2100, 9000
######################################
Testing on LSUN-R
Out-distribution: LSUN-R
/gpfs/accounts/sunwbgt_root/sunwbgt98/xysong/deep_Mahalanobis_detector/lib_generation.py:255: UserWarning: volatile was removed and now has no effect. Use `with torch.no_grad():` instead.
  outputs = model(Variable(tempInputs, volatile=True))
Testing set size: 2100, 9000
######################################
Testing on Places365
Out-distribution: Places365-small
/gpfs/accounts/sunwbgt_root/sunwbgt98/xysong/deep_Mahalanobis_detector/lib_generation.py:255: UserWarning: volatile was removed and now has no effect. Use `with torch.no_grad():` instead.
  outputs = model(Variable(tempInputs, volatile=True))
Testing set size: 2100, 35500
######################################
Testing on iSUN
Out-distribution: iSUN
/gpfs/accounts/sunwbgt_root/sunwbgt98/xysong/deep_Mahalanobis_detector/lib_generation.py:255: UserWarning: volatile was removed and now has no effect. Use `with torch.no_grad():` instead.
  outputs = model(Variable(tempInputs, volatile=True))
Testing set size: 2100, 7925
Using downloaded and verified file: ./data/svhn-data/train_32x32.mat
Using downloaded and verified file: ./data/svhn-data/test_32x32.mat
Out-distribution: svhn
/gpfs/accounts/sunwbgt_root/sunwbgt98/xysong/deep_Mahalanobis_detector/lib_generation.py:255: UserWarning: volatile was removed and now has no effect. Use `with torch.no_grad():` instead.
  outputs = model(Variable(tempInputs, volatile=True))
Testing set size: 2100, 25032
/gpfs/accounts/sunwbgt_root/sunwbgt98/xysong/deep_Mahalanobis_detector/lib_generation.py:255: UserWarning: volatile was removed and now has no effect. Use `with torch.no_grad():` instead.
  outputs = model(Variable(tempInputs, volatile=True))
Temperature: 1 / noise: 0.1
######################################
Testing on DTD Texture
Out-distribution: DTD
Testing set size: 2100, 4640
######################################
Testing on LSUN-C
Out-distribution: LSUN-C
/gpfs/accounts/sunwbgt_root/sunwbgt98/xysong/deep_Mahalanobis_detector/lib_generation.py:255: UserWarning: volatile was removed and now has no effect. Use `with torch.no_grad():` instead.
  outputs = model(Variable(tempInputs, volatile=True))
Testing set size: 2100, 9000
######################################
Testing on LSUN-R
Out-distribution: LSUN-R
/gpfs/accounts/sunwbgt_root/sunwbgt98/xysong/deep_Mahalanobis_detector/lib_generation.py:255: UserWarning: volatile was removed and now has no effect. Use `with torch.no_grad():` instead.
  outputs = model(Variable(tempInputs, volatile=True))
Testing set size: 2100, 9000
######################################
Testing on Places365
Out-distribution: Places365-small
/gpfs/accounts/sunwbgt_root/sunwbgt98/xysong/deep_Mahalanobis_detector/lib_generation.py:255: UserWarning: volatile was removed and now has no effect. Use `with torch.no_grad():` instead.
  outputs = model(Variable(tempInputs, volatile=True))
Testing set size: 2100, 35500
######################################
Testing on iSUN
Out-distribution: iSUN
/gpfs/accounts/sunwbgt_root/sunwbgt98/xysong/deep_Mahalanobis_detector/lib_generation.py:255: UserWarning: volatile was removed and now has no effect. Use `with torch.no_grad():` instead.
  outputs = model(Variable(tempInputs, volatile=True))
Testing set size: 2100, 7925
Using downloaded and verified file: ./data/svhn-data/train_32x32.mat
Using downloaded and verified file: ./data/svhn-data/test_32x32.mat
Out-distribution: svhn
/gpfs/accounts/sunwbgt_root/sunwbgt98/xysong/deep_Mahalanobis_detector/lib_generation.py:255: UserWarning: volatile was removed and now has no effect. Use `with torch.no_grad():` instead.
  outputs = model(Variable(tempInputs, volatile=True))
Testing set size: 2100, 25032
/gpfs/accounts/sunwbgt_root/sunwbgt98/xysong/deep_Mahalanobis_detector/lib_generation.py:255: UserWarning: volatile was removed and now has no effect. Use `with torch.no_grad():` instead.
  outputs = model(Variable(tempInputs, volatile=True))
Temperature: 1 / noise: 0.2
######################################
Testing on DTD Texture
Out-distribution: DTD
Testing set size: 2100, 4640
######################################
Testing on LSUN-C
Out-distribution: LSUN-C
/gpfs/accounts/sunwbgt_root/sunwbgt98/xysong/deep_Mahalanobis_detector/lib_generation.py:255: UserWarning: volatile was removed and now has no effect. Use `with torch.no_grad():` instead.
  outputs = model(Variable(tempInputs, volatile=True))
Testing set size: 2100, 9000
######################################
Testing on LSUN-R
Out-distribution: LSUN-R
/gpfs/accounts/sunwbgt_root/sunwbgt98/xysong/deep_Mahalanobis_detector/lib_generation.py:255: UserWarning: volatile was removed and now has no effect. Use `with torch.no_grad():` instead.
  outputs = model(Variable(tempInputs, volatile=True))
Testing set size: 2100, 9000
######################################
Testing on Places365
Out-distribution: Places365-small
/gpfs/accounts/sunwbgt_root/sunwbgt98/xysong/deep_Mahalanobis_detector/lib_generation.py:255: UserWarning: volatile was removed and now has no effect. Use `with torch.no_grad():` instead.
  outputs = model(Variable(tempInputs, volatile=True))
Testing set size: 2100, 35500
######################################
Testing on iSUN
Out-distribution: iSUN
/gpfs/accounts/sunwbgt_root/sunwbgt98/xysong/deep_Mahalanobis_detector/lib_generation.py:255: UserWarning: volatile was removed and now has no effect. Use `with torch.no_grad():` instead.
  outputs = model(Variable(tempInputs, volatile=True))
Testing set size: 2100, 7925
Using downloaded and verified file: ./data/svhn-data/train_32x32.mat
Using downloaded and verified file: ./data/svhn-data/test_32x32.mat
Out-distribution: svhn
/gpfs/accounts/sunwbgt_root/sunwbgt98/xysong/deep_Mahalanobis_detector/lib_generation.py:255: UserWarning: volatile was removed and now has no effect. Use `with torch.no_grad():` instead.
  outputs = model(Variable(tempInputs, volatile=True))
 25%|██▌       | 1/4 [24:03<1:12:09, 1443.20s/it]Testing set size: 2100, 25032
/gpfs/accounts/sunwbgt_root/sunwbgt98/xysong/deep_Mahalanobis_detector/lib_generation.py:255: UserWarning: volatile was removed and now has no effect. Use `with torch.no_grad():` instead.
  outputs = model(Variable(tempInputs, volatile=True))
Temperature: 10 / noise: 0
######################################
Testing on DTD Texture
Out-distribution: DTD
Testing set size: 2100, 4640
######################################
Testing on LSUN-C
Out-distribution: LSUN-C
/gpfs/accounts/sunwbgt_root/sunwbgt98/xysong/deep_Mahalanobis_detector/lib_generation.py:255: UserWarning: volatile was removed and now has no effect. Use `with torch.no_grad():` instead.
  outputs = model(Variable(tempInputs, volatile=True))
Testing set size: 2100, 9000
######################################
Testing on LSUN-R
Out-distribution: LSUN-R
/gpfs/accounts/sunwbgt_root/sunwbgt98/xysong/deep_Mahalanobis_detector/lib_generation.py:255: UserWarning: volatile was removed and now has no effect. Use `with torch.no_grad():` instead.
  outputs = model(Variable(tempInputs, volatile=True))
Testing set size: 2100, 9000
######################################
Testing on Places365
Out-distribution: Places365-small
/gpfs/accounts/sunwbgt_root/sunwbgt98/xysong/deep_Mahalanobis_detector/lib_generation.py:255: UserWarning: volatile was removed and now has no effect. Use `with torch.no_grad():` instead.
  outputs = model(Variable(tempInputs, volatile=True))
Testing set size: 2100, 35500
######################################
Testing on iSUN
Out-distribution: iSUN
/gpfs/accounts/sunwbgt_root/sunwbgt98/xysong/deep_Mahalanobis_detector/lib_generation.py:255: UserWarning: volatile was removed and now has no effect. Use `with torch.no_grad():` instead.
  outputs = model(Variable(tempInputs, volatile=True))
Testing set size: 2100, 7925
Using downloaded and verified file: ./data/svhn-data/train_32x32.mat
Using downloaded and verified file: ./data/svhn-data/test_32x32.mat
Out-distribution: svhn
/gpfs/accounts/sunwbgt_root/sunwbgt98/xysong/deep_Mahalanobis_detector/lib_generation.py:255: UserWarning: volatile was removed and now has no effect. Use `with torch.no_grad():` instead.
  outputs = model(Variable(tempInputs, volatile=True))
Testing set size: 2100, 25032
/gpfs/accounts/sunwbgt_root/sunwbgt98/xysong/deep_Mahalanobis_detector/lib_generation.py:255: UserWarning: volatile was removed and now has no effect. Use `with torch.no_grad():` instead.
  outputs = model(Variable(tempInputs, volatile=True))
Temperature: 10 / noise: 0.0005
######################################
Testing on DTD Texture
Out-distribution: DTD
Testing set size: 2100, 4640
######################################
Testing on LSUN-C
Out-distribution: LSUN-C
/gpfs/accounts/sunwbgt_root/sunwbgt98/xysong/deep_Mahalanobis_detector/lib_generation.py:255: UserWarning: volatile was removed and now has no effect. Use `with torch.no_grad():` instead.
  outputs = model(Variable(tempInputs, volatile=True))
Testing set size: 2100, 9000
######################################
Testing on LSUN-R
Out-distribution: LSUN-R
/gpfs/accounts/sunwbgt_root/sunwbgt98/xysong/deep_Mahalanobis_detector/lib_generation.py:255: UserWarning: volatile was removed and now has no effect. Use `with torch.no_grad():` instead.
  outputs = model(Variable(tempInputs, volatile=True))
Testing set size: 2100, 9000
######################################
Testing on Places365
Out-distribution: Places365-small
/gpfs/accounts/sunwbgt_root/sunwbgt98/xysong/deep_Mahalanobis_detector/lib_generation.py:255: UserWarning: volatile was removed and now has no effect. Use `with torch.no_grad():` instead.
  outputs = model(Variable(tempInputs, volatile=True))
Testing set size: 2100, 35500
######################################
Testing on iSUN
Out-distribution: iSUN
/gpfs/accounts/sunwbgt_root/sunwbgt98/xysong/deep_Mahalanobis_detector/lib_generation.py:255: UserWarning: volatile was removed and now has no effect. Use `with torch.no_grad():` instead.
  outputs = model(Variable(tempInputs, volatile=True))
Testing set size: 2100, 7925
Using downloaded and verified file: ./data/svhn-data/train_32x32.mat
Using downloaded and verified file: ./data/svhn-data/test_32x32.mat
Out-distribution: svhn
/gpfs/accounts/sunwbgt_root/sunwbgt98/xysong/deep_Mahalanobis_detector/lib_generation.py:255: UserWarning: volatile was removed and now has no effect. Use `with torch.no_grad():` instead.
  outputs = model(Variable(tempInputs, volatile=True))
Testing set size: 2100, 25032
/gpfs/accounts/sunwbgt_root/sunwbgt98/xysong/deep_Mahalanobis_detector/lib_generation.py:255: UserWarning: volatile was removed and now has no effect. Use `with torch.no_grad():` instead.
  outputs = model(Variable(tempInputs, volatile=True))
Temperature: 10 / noise: 0.001
######################################
Testing on DTD Texture
Out-distribution: DTD
Testing set size: 2100, 4640
######################################
Testing on LSUN-C
Out-distribution: LSUN-C
/gpfs/accounts/sunwbgt_root/sunwbgt98/xysong/deep_Mahalanobis_detector/lib_generation.py:255: UserWarning: volatile was removed and now has no effect. Use `with torch.no_grad():` instead.
  outputs = model(Variable(tempInputs, volatile=True))
Testing set size: 2100, 9000
######################################
Testing on LSUN-R
Out-distribution: LSUN-R
/gpfs/accounts/sunwbgt_root/sunwbgt98/xysong/deep_Mahalanobis_detector/lib_generation.py:255: UserWarning: volatile was removed and now has no effect. Use `with torch.no_grad():` instead.
  outputs = model(Variable(tempInputs, volatile=True))
Testing set size: 2100, 9000
######################################
Testing on Places365
Out-distribution: Places365-small
/gpfs/accounts/sunwbgt_root/sunwbgt98/xysong/deep_Mahalanobis_detector/lib_generation.py:255: UserWarning: volatile was removed and now has no effect. Use `with torch.no_grad():` instead.
  outputs = model(Variable(tempInputs, volatile=True))
Testing set size: 2100, 35500
######################################
Testing on iSUN
Out-distribution: iSUN
/gpfs/accounts/sunwbgt_root/sunwbgt98/xysong/deep_Mahalanobis_detector/lib_generation.py:255: UserWarning: volatile was removed and now has no effect. Use `with torch.no_grad():` instead.
  outputs = model(Variable(tempInputs, volatile=True))
Testing set size: 2100, 7925
Using downloaded and verified file: ./data/svhn-data/train_32x32.mat
Using downloaded and verified file: ./data/svhn-data/test_32x32.mat
Out-distribution: svhn
/gpfs/accounts/sunwbgt_root/sunwbgt98/xysong/deep_Mahalanobis_detector/lib_generation.py:255: UserWarning: volatile was removed and now has no effect. Use `with torch.no_grad():` instead.
  outputs = model(Variable(tempInputs, volatile=True))
Testing set size: 2100, 25032
/gpfs/accounts/sunwbgt_root/sunwbgt98/xysong/deep_Mahalanobis_detector/lib_generation.py:255: UserWarning: volatile was removed and now has no effect. Use `with torch.no_grad():` instead.
  outputs = model(Variable(tempInputs, volatile=True))
Temperature: 10 / noise: 0.0014
######################################
Testing on DTD Texture
Out-distribution: DTD
Testing set size: 2100, 4640
######################################
Testing on LSUN-C
Out-distribution: LSUN-C
/gpfs/accounts/sunwbgt_root/sunwbgt98/xysong/deep_Mahalanobis_detector/lib_generation.py:255: UserWarning: volatile was removed and now has no effect. Use `with torch.no_grad():` instead.
  outputs = model(Variable(tempInputs, volatile=True))
Testing set size: 2100, 9000
######################################
Testing on LSUN-R
Out-distribution: LSUN-R
