Namespace(net_type='densenet', ind_dset='imagenet10', nf=32)
In-distribution:  imagenet10
0it [00:00, ?it/s]Out-of-distribution:  DTD
Counter({1.0: 3100})
Counter({0.0: 3100})
Counter({0.0: 1500, 1.0: 1500})
Counter({0.0: 1600, 1.0: 1600})
1it [00:04,  4.74s/it]2it [00:05,  2.57s/it]3it [00:06,  1.76s/it]4it [00:07,  1.32s/it]5it [00:07,  1.11s/it]6it [00:08,  1.05s/it]6it [00:08,  1.48s/it]
1500
Testing set size: 1600, 1600
Counter({1.0: 3100})
Counter({0.0: 3100})
Counter({0.0: 1500, 1.0: 1500})
Counter({0.0: 1600, 1.0: 1600})
1500
Testing set size: 1600, 1600
Counter({1.0: 3100})
Counter({0.0: 3100})
Counter({0.0: 1500, 1.0: 1500})
Counter({0.0: 1600, 1.0: 1600})
1500
Testing set size: 1600, 1600
Counter({1.0: 3100})
Counter({0.0: 3100})
Counter({0.0: 1500, 1.0: 1500})
Counter({0.0: 1600, 1.0: 1600})
1500
Testing set size: 1600, 1600
Counter({1.0: 3100})
Counter({0.0: 3100})
Counter({0.0: 1500, 1.0: 1500})
Counter({0.0: 1600, 1.0: 1600})
1500
Testing set size: 1600, 1600
Counter({1.0: 3100})
Counter({0.0: 3100})
Counter({0.0: 1500, 1.0: 1500})
Counter({0.0: 1600, 1.0: 1600})
1500
Testing set size: 1600, 1600
Counter({1.0: 3100})
Counter({0.0: 3100})
Counter({0.0: 1500, 1.0: 1500})
Counter({0.0: 1600, 1.0: 1600})
1500
Testing set size: 1600, 1600
Out-of-distribution:  LSUN-C
Counter({1.0: 3100})
Counter({0.0: 3100})
Counter({0.0: 1500, 1.0: 1500})
Counter({0.0: 1600, 1.0: 1600})
1500
Testing set size: 1600, 1600
Counter({1.0: 3100})
Counter({0.0: 3100})
Counter({0.0: 1500, 1.0: 1500})
Counter({0.0: 1600, 1.0: 1600})
1500
Testing set size: 1600, 1600
Counter({1.0: 3100})
Counter({0.0: 3100})
Counter({0.0: 1500, 1.0: 1500})
Counter({0.0: 1600, 1.0: 1600})
1500
Testing set size: 1600, 1600
Counter({1.0: 3100})
Counter({0.0: 3100})
Counter({0.0: 1500, 1.0: 1500})
Counter({0.0: 1600, 1.0: 1600})
1500
Testing set size: 1600, 1600
Counter({1.0: 3100})
Counter({0.0: 3100})
Counter({0.0: 1500, 1.0: 1500})
Counter({0.0: 1600, 1.0: 1600})
1500
Testing set size: 1600, 1600
Counter({1.0: 3100})
Counter({0.0: 3100})
Counter({0.0: 1500, 1.0: 1500})
Counter({0.0: 1600, 1.0: 1600})
1500
Testing set size: 1600, 1600
Counter({1.0: 3100})
Counter({0.0: 3100})
Counter({0.0: 1500, 1.0: 1500})
Counter({0.0: 1600, 1.0: 1600})
1500
Testing set size: 1600, 1600
Out-of-distribution:  LSUN-R
Counter({1.0: 3100})
Counter({0.0: 3100})
Counter({0.0: 1500, 1.0: 1500})
Counter({0.0: 1600, 1.0: 1600})
1500
Testing set size: 1600, 1600
Counter({1.0: 3100})
Counter({0.0: 3100})
Counter({0.0: 1500, 1.0: 1500})
Counter({0.0: 1600, 1.0: 1600})
1500
Testing set size: 1600, 1600
Counter({1.0: 3100})
Counter({0.0: 3100})
Counter({0.0: 1500, 1.0: 1500})
Counter({0.0: 1600, 1.0: 1600})
1500
Testing set size: 1600, 1600
Counter({1.0: 3100})
Counter({0.0: 3100})
Counter({0.0: 1500, 1.0: 1500})
Counter({0.0: 1600, 1.0: 1600})
1500
Testing set size: 1600, 1600
Counter({1.0: 3100})
Counter({0.0: 3100})
Counter({0.0: 1500, 1.0: 1500})
Counter({0.0: 1600, 1.0: 1600})
1500
Testing set size: 1600, 1600
Counter({1.0: 3100})
Counter({0.0: 3100})
Counter({0.0: 1500, 1.0: 1500})
Counter({0.0: 1600, 1.0: 1600})
1500
Testing set size: 1600, 1600
Counter({1.0: 3100})
Counter({0.0: 3100})
Counter({0.0: 1500, 1.0: 1500})
Counter({0.0: 1600, 1.0: 1600})
1500
Testing set size: 1600, 1600
Out-of-distribution:  Places365-small
Counter({1.0: 3100})
Counter({0.0: 3100})
Counter({0.0: 1500, 1.0: 1500})
Counter({0.0: 1600, 1.0: 1600})
1500
Testing set size: 1600, 1600
Counter({1.0: 3100})
Counter({0.0: 3100})
Counter({0.0: 1500, 1.0: 1500})
Counter({0.0: 1600, 1.0: 1600})
1500
Testing set size: 1600, 1600
Counter({1.0: 3100})
Counter({0.0: 3100})
Counter({0.0: 1500, 1.0: 1500})
Counter({0.0: 1600, 1.0: 1600})
1500
Testing set size: 1600, 1600
Counter({1.0: 3100})
Counter({0.0: 3100})
Counter({0.0: 1500, 1.0: 1500})
Counter({0.0: 1600, 1.0: 1600})
1500
Testing set size: 1600, 1600
Counter({1.0: 3100})
Counter({0.0: 3100})
Counter({0.0: 1500, 1.0: 1500})
Counter({0.0: 1600, 1.0: 1600})
1500
Testing set size: 1600, 1600
Counter({1.0: 3100})
Counter({0.0: 3100})
Counter({0.0: 1500, 1.0: 1500})
Counter({0.0: 1600, 1.0: 1600})
1500
Testing set size: 1600, 1600
Counter({1.0: 3100})
Counter({0.0: 3100})
Counter({0.0: 1500, 1.0: 1500})
Counter({0.0: 1600, 1.0: 1600})
1500
Testing set size: 1600, 1600
Out-of-distribution:  iSUN
Counter({1.0: 3100})
Counter({0.0: 3100})
Counter({0.0: 1500, 1.0: 1500})
Counter({0.0: 1600, 1.0: 1600})
1500
Testing set size: 1600, 1600
Counter({1.0: 3100})
Counter({0.0: 3100})
Counter({0.0: 1500, 1.0: 1500})
Counter({0.0: 1600, 1.0: 1600})
1500
Testing set size: 1600, 1600
Counter({1.0: 3100})
Counter({0.0: 3100})
Counter({0.0: 1500, 1.0: 1500})
Counter({0.0: 1600, 1.0: 1600})
1500
Testing set size: 1600, 1600
Counter({1.0: 3100})
Counter({0.0: 3100})
Counter({0.0: 1500, 1.0: 1500})
Counter({0.0: 1600, 1.0: 1600})
1500
Testing set size: 1600, 1600
Counter({1.0: 3100})
Counter({0.0: 3100})
Counter({0.0: 1500, 1.0: 1500})
Counter({0.0: 1600, 1.0: 1600})
1500
Testing set size: 1600, 1600
Counter({1.0: 3100})
Counter({0.0: 3100})
Counter({0.0: 1500, 1.0: 1500})
Counter({0.0: 1600, 1.0: 1600})
1500
Testing set size: 1600, 1600
Counter({1.0: 3100})
Counter({0.0: 3100})
Counter({0.0: 1500, 1.0: 1500})
Counter({0.0: 1600, 1.0: 1600})
1500
Testing set size: 1600, 1600
Out-of-distribution:  svhn
Counter({1.0: 3100})
Counter({0.0: 3100})
Counter({0.0: 1500, 1.0: 1500})
Counter({0.0: 1600, 1.0: 1600})
1500
Testing set size: 1600, 1600
Counter({1.0: 3100})
Counter({0.0: 3100})
Counter({0.0: 1500, 1.0: 1500})
Counter({0.0: 1600, 1.0: 1600})
1500
Testing set size: 1600, 1600
Counter({1.0: 3100})
Counter({0.0: 3100})
Counter({0.0: 1500, 1.0: 1500})
Counter({0.0: 1600, 1.0: 1600})
1500
Testing set size: 1600, 1600
Counter({1.0: 3100})
Counter({0.0: 3100})
Counter({0.0: 1500, 1.0: 1500})
Counter({0.0: 1600, 1.0: 1600})
1500
Testing set size: 1600, 1600
Counter({1.0: 3100})
Counter({0.0: 3100})
Counter({0.0: 1500, 1.0: 1500})
Counter({0.0: 1600, 1.0: 1600})
1500
Testing set size: 1600, 1600
Counter({1.0: 3100})
Counter({0.0: 3100})
Counter({0.0: 1500, 1.0: 1500})
Counter({0.0: 1600, 1.0: 1600})
1500
Testing set size: 1600, 1600
Counter({1.0: 3100})
Counter({0.0: 3100})
Counter({0.0: 1500, 1.0: 1500})
Counter({0.0: 1600, 1.0: 1600})
1500
Testing set size: 1600, 1600
OOD dataset: DTD
IND ACC
[94.938 94.812 95.188 94.938 95.    94.75  94.5  ]
94.875
OOD ACC
[67.25  49.188 55.    61.438 61.312 65.688 67.125]
61.0
AUROC
[91.802 86.923 88.473 90.804 89.948 90.905 91.342]
90.02799999999999
OOD dataset: LSUN-C
IND ACC
[94.    95.188 95.125 93.625 94.25  93.875 94.125]
94.312
OOD ACC
[94.938 59.125 79.    94.062 94.    95.375 95.25 ]
87.393
AUROC
[98.253 94.126 96.747 98.152 98.236 98.235 98.289]
97.434
OOD dataset: LSUN-R
IND ACC
[95.25  95.562 95.5   95.188 95.438 95.812 95.062]
95.402
OOD ACC
[77.688 28.188 52.188 78.    79.438 78.688 78.688]
67.554
AUROC
[96.276 82.773 89.69  95.815 96.316 96.283 96.249]
93.343
OOD dataset: Places365-small
IND ACC
[95.188 95.562 95.125 94.625 94.875 94.125 94.812]
94.902
OOD ACC
[12.375  7.187  9.25  11.875 11.5   13.625 12.562]
11.196
AUROC
[67.209 60.43  61.734 65.301 65.642 65.958 65.554]
64.547
OOD dataset: iSUN
IND ACC
[95.125 95.875 94.75  94.375 94.875 95.25  94.875]
95.018
OOD ACC
[74.25  35.438 63.188 75.812 74.75  75.562 74.375]
67.625
AUROC
[95.328 82.617 92.335 94.88  95.213 95.415 94.861]
92.95
OOD dataset: svhn
IND ACC
[94.75  95.375 95.125 94.562 95.25  94.812 95.125]
95.0
OOD ACC
[70.    74.625 77.375 64.625 56.688 54.312 56.25 ]
64.839
AUROC
[94.572 95.532 95.718 93.661 92.349 92.485 92.478]
93.828
