Namespace(net_type='densenet', ind_dset='imagenet10', nf=64, n_test=5000)
In-distribution:  imagenet10
0it [00:00, ?it/s]Out-of-distribution:  DTD
Counter({1.0: 5000})
Counter({0.0: 3100})
Counter({0.0: 1000, 1.0: 1000})
Counter({1.0: 4000, 0.0: 2100})
1it [00:05,  5.30s/it]2it [00:06,  2.81s/it]3it [00:07,  1.92s/it]4it [00:08,  1.54s/it]5it [00:09,  1.37s/it]6it [00:10,  1.27s/it]6it [00:10,  1.72s/it]
1000
Testing set size: 2100, 4000
Counter({1.0: 5000})
Counter({0.0: 3100})
Counter({0.0: 1000, 1.0: 1000})
Counter({1.0: 4000, 0.0: 2100})
1000
Testing set size: 2100, 4000
Counter({1.0: 5000})
Counter({0.0: 3100})
Counter({0.0: 1000, 1.0: 1000})
Counter({1.0: 4000, 0.0: 2100})
1000
Testing set size: 2100, 4000
Counter({1.0: 5000})
Counter({0.0: 3100})
Counter({0.0: 1000, 1.0: 1000})
Counter({1.0: 4000, 0.0: 2100})
1000
Testing set size: 2100, 4000
Counter({1.0: 5000})
Counter({0.0: 3100})
Counter({0.0: 1000, 1.0: 1000})
Counter({1.0: 4000, 0.0: 2100})
1000
Testing set size: 2100, 4000
Counter({1.0: 5000})
Counter({0.0: 3100})
Counter({0.0: 1000, 1.0: 1000})
Counter({1.0: 4000, 0.0: 2100})
1000
Testing set size: 2100, 4000
Counter({1.0: 5000})
Counter({0.0: 3100})
Counter({0.0: 1000, 1.0: 1000})
Counter({1.0: 4000, 0.0: 2100})
1000
Testing set size: 2100, 4000
Out-of-distribution:  LSUN-C
Counter({1.0: 5000})
Counter({0.0: 3100})
Counter({0.0: 1000, 1.0: 1000})
Counter({1.0: 4000, 0.0: 2100})
1000
Testing set size: 2100, 4000
Counter({1.0: 5000})
Counter({0.0: 3100})
Counter({0.0: 1000, 1.0: 1000})
Counter({1.0: 4000, 0.0: 2100})
1000
Testing set size: 2100, 4000
Counter({1.0: 5000})
Counter({0.0: 3100})
Counter({0.0: 1000, 1.0: 1000})
Counter({1.0: 4000, 0.0: 2100})
1000
Testing set size: 2100, 4000
Counter({1.0: 5000})
Counter({0.0: 3100})
Counter({0.0: 1000, 1.0: 1000})
Counter({1.0: 4000, 0.0: 2100})
1000
Testing set size: 2100, 4000
Counter({1.0: 5000})
Counter({0.0: 3100})
Counter({0.0: 1000, 1.0: 1000})
Counter({1.0: 4000, 0.0: 2100})
1000
Testing set size: 2100, 4000
Counter({1.0: 5000})
Counter({0.0: 3100})
Counter({0.0: 1000, 1.0: 1000})
Counter({1.0: 4000, 0.0: 2100})
1000
Testing set size: 2100, 4000
Counter({1.0: 5000})
Counter({0.0: 3100})
Counter({0.0: 1000, 1.0: 1000})
Counter({1.0: 4000, 0.0: 2100})
1000
Testing set size: 2100, 4000
Out-of-distribution:  LSUN-R
Counter({1.0: 5000})
Counter({0.0: 3100})
Counter({0.0: 1000, 1.0: 1000})
Counter({1.0: 4000, 0.0: 2100})
1000
Testing set size: 2100, 4000
Counter({1.0: 5000})
Counter({0.0: 3100})
Counter({0.0: 1000, 1.0: 1000})
Counter({1.0: 4000, 0.0: 2100})
1000
Testing set size: 2100, 4000
Counter({1.0: 5000})
Counter({0.0: 3100})
Counter({0.0: 1000, 1.0: 1000})
Counter({1.0: 4000, 0.0: 2100})
1000
Testing set size: 2100, 4000
Counter({1.0: 5000})
Counter({0.0: 3100})
Counter({0.0: 1000, 1.0: 1000})
Counter({1.0: 4000, 0.0: 2100})
1000
Testing set size: 2100, 4000
Counter({1.0: 5000})
Counter({0.0: 3100})
Counter({0.0: 1000, 1.0: 1000})
Counter({1.0: 4000, 0.0: 2100})
1000
Testing set size: 2100, 4000
Counter({1.0: 5000})
Counter({0.0: 3100})
Counter({0.0: 1000, 1.0: 1000})
Counter({1.0: 4000, 0.0: 2100})
1000
Testing set size: 2100, 4000
Counter({1.0: 5000})
Counter({0.0: 3100})
Counter({0.0: 1000, 1.0: 1000})
Counter({1.0: 4000, 0.0: 2100})
1000
Testing set size: 2100, 4000
Out-of-distribution:  Places365-small
Counter({1.0: 5000})
Counter({0.0: 3100})
Counter({0.0: 1000, 1.0: 1000})
Counter({1.0: 4000, 0.0: 2100})
1000
Testing set size: 2100, 4000
Counter({1.0: 5000})
Counter({0.0: 3100})
Counter({0.0: 1000, 1.0: 1000})
Counter({1.0: 4000, 0.0: 2100})
1000
Testing set size: 2100, 4000
Counter({1.0: 5000})
Counter({0.0: 3100})
Counter({0.0: 1000, 1.0: 1000})
Counter({1.0: 4000, 0.0: 2100})
1000
Testing set size: 2100, 4000
Counter({1.0: 5000})
Counter({0.0: 3100})
Counter({0.0: 1000, 1.0: 1000})
Counter({1.0: 4000, 0.0: 2100})
1000
Testing set size: 2100, 4000
Counter({1.0: 5000})
Counter({0.0: 3100})
Counter({0.0: 1000, 1.0: 1000})
Counter({1.0: 4000, 0.0: 2100})
1000
Testing set size: 2100, 4000
Counter({1.0: 5000})
Counter({0.0: 3100})
Counter({0.0: 1000, 1.0: 1000})
Counter({1.0: 4000, 0.0: 2100})
1000
Testing set size: 2100, 4000
Counter({1.0: 5000})
Counter({0.0: 3100})
Counter({0.0: 1000, 1.0: 1000})
Counter({1.0: 4000, 0.0: 2100})
1000
Testing set size: 2100, 4000
Out-of-distribution:  iSUN
Counter({1.0: 5000})
Counter({0.0: 3100})
Counter({0.0: 1000, 1.0: 1000})
Counter({1.0: 4000, 0.0: 2100})
1000
Testing set size: 2100, 4000
Counter({1.0: 5000})
Counter({0.0: 3100})
Counter({0.0: 1000, 1.0: 1000})
Counter({1.0: 4000, 0.0: 2100})
1000
Testing set size: 2100, 4000
Counter({1.0: 5000})
Counter({0.0: 3100})
Counter({0.0: 1000, 1.0: 1000})
Counter({1.0: 4000, 0.0: 2100})
1000
Testing set size: 2100, 4000
Counter({1.0: 5000})
Counter({0.0: 3100})
Counter({0.0: 1000, 1.0: 1000})
Counter({1.0: 4000, 0.0: 2100})
1000
Testing set size: 2100, 4000
Counter({1.0: 5000})
Counter({0.0: 3100})
Counter({0.0: 1000, 1.0: 1000})
Counter({1.0: 4000, 0.0: 2100})
1000
Testing set size: 2100, 4000
Counter({1.0: 5000})
Counter({0.0: 3100})
Counter({0.0: 1000, 1.0: 1000})
Counter({1.0: 4000, 0.0: 2100})
1000
Testing set size: 2100, 4000
Counter({1.0: 5000})
Counter({0.0: 3100})
Counter({0.0: 1000, 1.0: 1000})
Counter({1.0: 4000, 0.0: 2100})
1000
Testing set size: 2100, 4000
Out-of-distribution:  svhn
Counter({1.0: 5000})
Counter({0.0: 3100})
Counter({0.0: 1000, 1.0: 1000})
Counter({1.0: 4000, 0.0: 2100})
1000
Testing set size: 2100, 4000
Counter({1.0: 5000})
Counter({0.0: 3100})
Counter({0.0: 1000, 1.0: 1000})
Counter({1.0: 4000, 0.0: 2100})
1000
Testing set size: 2100, 4000
Counter({1.0: 5000})
Counter({0.0: 3100})
Counter({0.0: 1000, 1.0: 1000})
Counter({1.0: 4000, 0.0: 2100})
1000
Testing set size: 2100, 4000
Counter({1.0: 5000})
Counter({0.0: 3100})
Counter({0.0: 1000, 1.0: 1000})
Counter({1.0: 4000, 0.0: 2100})
1000
Testing set size: 2100, 4000
Counter({1.0: 5000})
Counter({0.0: 3100})
Counter({0.0: 1000, 1.0: 1000})
Counter({1.0: 4000, 0.0: 2100})
1000
Testing set size: 2100, 4000
Counter({1.0: 5000})
Counter({0.0: 3100})
Counter({0.0: 1000, 1.0: 1000})
Counter({1.0: 4000, 0.0: 2100})
1000
Testing set size: 2100, 4000
Counter({1.0: 5000})
Counter({0.0: 3100})
Counter({0.0: 1000, 1.0: 1000})
Counter({1.0: 4000, 0.0: 2100})
1000
Testing set size: 2100, 4000
OOD dataset: DTD
IND ACC
[94. 94. 94. 94. 95. 94. 95.]
94.0
OOD ACC
[67. 49. 54. 64. 64. 66. 66.]
62.0
AUROC
[90. 86. 87. 89. 90. 90. 90.]
89.0
OOD dataset: LSUN-C
IND ACC
[94. 94. 95. 94. 94. 94. 94.]
94.0
OOD ACC
[96. 66. 87. 96. 96. 96. 96.]
91.0
AUROC
[99. 95. 98. 99. 99. 99. 98.]
98.0
OOD dataset: LSUN-R
IND ACC
[94. 94. 95. 95. 95. 95. 94.]
95.0
OOD ACC
[87. 48. 71. 84. 85. 85. 88.]
78.0
AUROC
[97. 87. 94. 97. 97. 97. 97.]
95.0
OOD dataset: Places365-small
IND ACC
[93. 94. 94. 94. 94. 94. 93.]
94.0
OOD ACC
[16.  7.  8. 14. 14. 15. 16.]
13.0
AUROC
[65. 56. 60. 64. 64. 65. 65.]
63.0
OOD dataset: iSUN
IND ACC
[94. 94. 95. 95. 95. 94. 93.]
94.0
OOD ACC
[82. 48. 68. 79. 80. 82. 84.]
75.0
AUROC
[96. 86. 93. 96. 96. 96. 96.]
94.0
OOD dataset: svhn
IND ACC
[94. 94. 94. 94. 95. 94. 94.]
94.0
OOD ACC
[77. 66. 66. 70. 65. 68. 72.]
69.0
AUROC
[95. 94. 94. 94. 94. 94. 95.]
94.0
