Namespace(net_type='densenet', ind_dset='imagenet10', nf=64)
In-distribution:  imagenet10
0it [00:00, ?it/s]Out-of-distribution:  DTD
Counter({1.0: 3100})
Counter({0.0: 3100})
Counter({0.0: 1500, 1.0: 1500})
Counter({0.0: 1600, 1.0: 1600})
1it [00:04,  4.49s/it]2it [00:05,  2.32s/it]3it [00:06,  1.69s/it]4it [00:07,  1.43s/it]5it [00:08,  1.31s/it]6it [00:09,  1.24s/it]6it [00:09,  1.58s/it]
1500
Testing set size: 1600, 1600
Counter({1.0: 3100})
Counter({0.0: 3100})
Counter({0.0: 1500, 1.0: 1500})
Counter({0.0: 1600, 1.0: 1600})
1500
Testing set size: 1600, 1600
Counter({1.0: 3100})
Counter({0.0: 3100})
Counter({0.0: 1500, 1.0: 1500})
Counter({0.0: 1600, 1.0: 1600})
1500
Testing set size: 1600, 1600
Counter({1.0: 3100})
Counter({0.0: 3100})
Counter({0.0: 1500, 1.0: 1500})
Counter({0.0: 1600, 1.0: 1600})
1500
Testing set size: 1600, 1600
Counter({1.0: 3100})
Counter({0.0: 3100})
Counter({0.0: 1500, 1.0: 1500})
Counter({0.0: 1600, 1.0: 1600})
1500
Testing set size: 1600, 1600
Counter({1.0: 3100})
Counter({0.0: 3100})
Counter({0.0: 1500, 1.0: 1500})
Counter({0.0: 1600, 1.0: 1600})
1500
Testing set size: 1600, 1600
Counter({1.0: 3100})
Counter({0.0: 3100})
Counter({0.0: 1500, 1.0: 1500})
Counter({0.0: 1600, 1.0: 1600})
1500
Testing set size: 1600, 1600
Out-of-distribution:  LSUN-C
Counter({1.0: 3100})
Counter({0.0: 3100})
Counter({0.0: 1500, 1.0: 1500})
Counter({0.0: 1600, 1.0: 1600})
1500
Testing set size: 1600, 1600
Counter({1.0: 3100})
Counter({0.0: 3100})
Counter({0.0: 1500, 1.0: 1500})
Counter({0.0: 1600, 1.0: 1600})
1500
Testing set size: 1600, 1600
Counter({1.0: 3100})
Counter({0.0: 3100})
Counter({0.0: 1500, 1.0: 1500})
Counter({0.0: 1600, 1.0: 1600})
1500
Testing set size: 1600, 1600
Counter({1.0: 3100})
Counter({0.0: 3100})
Counter({0.0: 1500, 1.0: 1500})
Counter({0.0: 1600, 1.0: 1600})
1500
Testing set size: 1600, 1600
Counter({1.0: 3100})
Counter({0.0: 3100})
Counter({0.0: 1500, 1.0: 1500})
Counter({0.0: 1600, 1.0: 1600})
1500
Testing set size: 1600, 1600
Counter({1.0: 3100})
Counter({0.0: 3100})
Counter({0.0: 1500, 1.0: 1500})
Counter({0.0: 1600, 1.0: 1600})
1500
Testing set size: 1600, 1600
Counter({1.0: 3100})
Counter({0.0: 3100})
Counter({0.0: 1500, 1.0: 1500})
Counter({0.0: 1600, 1.0: 1600})
1500
Testing set size: 1600, 1600
Out-of-distribution:  LSUN-R
Counter({1.0: 3100})
Counter({0.0: 3100})
Counter({0.0: 1500, 1.0: 1500})
Counter({0.0: 1600, 1.0: 1600})
1500
Testing set size: 1600, 1600
Counter({1.0: 3100})
Counter({0.0: 3100})
Counter({0.0: 1500, 1.0: 1500})
Counter({0.0: 1600, 1.0: 1600})
1500
Testing set size: 1600, 1600
Counter({1.0: 3100})
Counter({0.0: 3100})
Counter({0.0: 1500, 1.0: 1500})
Counter({0.0: 1600, 1.0: 1600})
1500
Testing set size: 1600, 1600
Counter({1.0: 3100})
Counter({0.0: 3100})
Counter({0.0: 1500, 1.0: 1500})
Counter({0.0: 1600, 1.0: 1600})
1500
Testing set size: 1600, 1600
Counter({1.0: 3100})
Counter({0.0: 3100})
Counter({0.0: 1500, 1.0: 1500})
Counter({0.0: 1600, 1.0: 1600})
1500
Testing set size: 1600, 1600
Counter({1.0: 3100})
Counter({0.0: 3100})
Counter({0.0: 1500, 1.0: 1500})
Counter({0.0: 1600, 1.0: 1600})
1500
Testing set size: 1600, 1600
Counter({1.0: 3100})
Counter({0.0: 3100})
Counter({0.0: 1500, 1.0: 1500})
Counter({0.0: 1600, 1.0: 1600})
1500
Testing set size: 1600, 1600
Out-of-distribution:  Places365-small
Counter({1.0: 3100})
Counter({0.0: 3100})
Counter({0.0: 1500, 1.0: 1500})
Counter({0.0: 1600, 1.0: 1600})
1500
Testing set size: 1600, 1600
Counter({1.0: 3100})
Counter({0.0: 3100})
Counter({0.0: 1500, 1.0: 1500})
Counter({0.0: 1600, 1.0: 1600})
1500
Testing set size: 1600, 1600
Counter({1.0: 3100})
Counter({0.0: 3100})
Counter({0.0: 1500, 1.0: 1500})
Counter({0.0: 1600, 1.0: 1600})
1500
Testing set size: 1600, 1600
Counter({1.0: 3100})
Counter({0.0: 3100})
Counter({0.0: 1500, 1.0: 1500})
Counter({0.0: 1600, 1.0: 1600})
1500
Testing set size: 1600, 1600
Counter({1.0: 3100})
Counter({0.0: 3100})
Counter({0.0: 1500, 1.0: 1500})
Counter({0.0: 1600, 1.0: 1600})
1500
Testing set size: 1600, 1600
Counter({1.0: 3100})
Counter({0.0: 3100})
Counter({0.0: 1500, 1.0: 1500})
Counter({0.0: 1600, 1.0: 1600})
1500
Testing set size: 1600, 1600
Counter({1.0: 3100})
Counter({0.0: 3100})
Counter({0.0: 1500, 1.0: 1500})
Counter({0.0: 1600, 1.0: 1600})
1500
Testing set size: 1600, 1600
Out-of-distribution:  iSUN
Counter({1.0: 3100})
Counter({0.0: 3100})
Counter({0.0: 1500, 1.0: 1500})
Counter({0.0: 1600, 1.0: 1600})
1500
Testing set size: 1600, 1600
Counter({1.0: 3100})
Counter({0.0: 3100})
Counter({0.0: 1500, 1.0: 1500})
Counter({0.0: 1600, 1.0: 1600})
1500
Testing set size: 1600, 1600
Counter({1.0: 3100})
Counter({0.0: 3100})
Counter({0.0: 1500, 1.0: 1500})
Counter({0.0: 1600, 1.0: 1600})
1500
Testing set size: 1600, 1600
Counter({1.0: 3100})
Counter({0.0: 3100})
Counter({0.0: 1500, 1.0: 1500})
Counter({0.0: 1600, 1.0: 1600})
1500
Testing set size: 1600, 1600
Counter({1.0: 3100})
Counter({0.0: 3100})
Counter({0.0: 1500, 1.0: 1500})
Counter({0.0: 1600, 1.0: 1600})
1500
Testing set size: 1600, 1600
Counter({1.0: 3100})
Counter({0.0: 3100})
Counter({0.0: 1500, 1.0: 1500})
Counter({0.0: 1600, 1.0: 1600})
1500
Testing set size: 1600, 1600
Counter({1.0: 3100})
Counter({0.0: 3100})
Counter({0.0: 1500, 1.0: 1500})
Counter({0.0: 1600, 1.0: 1600})
1500
Testing set size: 1600, 1600
Out-of-distribution:  svhn
Counter({1.0: 3100})
Counter({0.0: 3100})
Counter({0.0: 1500, 1.0: 1500})
Counter({0.0: 1600, 1.0: 1600})
1500
Testing set size: 1600, 1600
Counter({1.0: 3100})
Counter({0.0: 3100})
Counter({0.0: 1500, 1.0: 1500})
Counter({0.0: 1600, 1.0: 1600})
1500
Testing set size: 1600, 1600
Counter({1.0: 3100})
Counter({0.0: 3100})
Counter({0.0: 1500, 1.0: 1500})
Counter({0.0: 1600, 1.0: 1600})
1500
Testing set size: 1600, 1600
Counter({1.0: 3100})
Counter({0.0: 3100})
Counter({0.0: 1500, 1.0: 1500})
Counter({0.0: 1600, 1.0: 1600})
1500
Testing set size: 1600, 1600
Counter({1.0: 3100})
Counter({0.0: 3100})
Counter({0.0: 1500, 1.0: 1500})
Counter({0.0: 1600, 1.0: 1600})
1500
Testing set size: 1600, 1600
Counter({1.0: 3100})
Counter({0.0: 3100})
Counter({0.0: 1500, 1.0: 1500})
Counter({0.0: 1600, 1.0: 1600})
1500
Testing set size: 1600, 1600
Counter({1.0: 3100})
Counter({0.0: 3100})
Counter({0.0: 1500, 1.0: 1500})
Counter({0.0: 1600, 1.0: 1600})
1500
Testing set size: 1600, 1600
OOD dataset: DTD
IND ACC
[93.625 94.25  94.188 93.562 94.125 94.    93.75 ]
93.929
OOD ACC
[71.625 52.188 56.875 68.812 69.188 70.375 70.938]
65.714
AUROC
[92.495 87.581 89.241 91.48  91.867 92.172 92.487]
91.046
OOD dataset: LSUN-C
IND ACC
[93.312 93.625 94.188 93.188 93.625 93.625 93.5  ]
93.58
OOD ACC
[97.375 66.625 88.812 95.938 95.875 96.25  96.562]
91.063
AUROC
[98.464 94.832 97.826 98.442 98.44  98.46  98.439]
97.843
OOD dataset: LSUN-R
IND ACC
[93.875 94.    94.125 94.062 93.812 94.5   93.438]
93.973
OOD ACC
[87.125 46.062 72.75  86.125 86.625 86.438 88.062]
79.027
AUROC
[96.718 87.619 94.548 96.67  96.895 96.831 96.786]
95.152
OOD dataset: Places365-small
IND ACC
[93.562 94.75  94.5   94.375 94.438 93.812 93.5  ]
94.134
OOD ACC
[15.25   7.25   8.312 13.75  13.375 14.125 14.562]
12.375
AUROC
[65.856 56.542 62.159 64.094 65.312 65.308 65.948]
63.603
OOD dataset: iSUN
IND ACC
[93.812 94.312 93.938 94.125 93.875 94.125 93.312]
93.929
OOD ACC
[82.188 45.875 69.5   81.062 82.25  81.75  82.938]
75.08
AUROC
[96.086 86.903 93.416 95.908 96.122 96.18  96.092]
94.387
OOD dataset: svhn
IND ACC
[93.25  93.938 94.438 94.    93.938 94.    93.438]
93.857
OOD ACC
[77.75  63.625 65.438 69.812 67.5   68.25  73.75 ]
69.446
AUROC
[95.136 94.206 94.287 93.919 93.999 94.138 94.611]
94.328
