Namespace(batch_size=100, dataset='mnist', ckpt='mnist-32', nf=32, n_test=5000, dataroot='./data', outf='output/', num_classes=10, net_type='densenet', gpu=0)
load model: densenet
load target data:  mnist

  0%|          | 0/4 [00:00<?, ?it/s]/gpfs/accounts/sunwbgt_root/sunwbgt98/xysong/deep_Mahalanobis_detector/lib_generation.py:254: UserWarning: This overload of add is deprecated:
	add(Tensor input, Number alpha, Tensor other, *, Tensor out)
Consider using one of the following signatures instead:
	add(Tensor input, Tensor other, *, Number alpha, Tensor out) (Triggered internally at ../torch/csrc/utils/python_arg_parser.cpp:1485.)
  tempInputs = torch.add(data.data,  -magnitude, gradient)
/gpfs/accounts/sunwbgt_root/sunwbgt98/xysong/deep_Mahalanobis_detector/lib_generation.py:255: UserWarning: volatile was removed and now has no effect. Use `with torch.no_grad():` instead.
  outputs = model(Variable(tempInputs, volatile=True))
Temperature: 1 / noise: 0
Out-distribution: fm
Testing set size: 5000, 4000
Using downloaded and verified file: ./data/svhn-data/train_32x32.mat
Using downloaded and verified file: ./data/svhn-data/test_32x32.mat
Out-distribution: svhn
/gpfs/accounts/sunwbgt_root/sunwbgt98/xysong/deep_Mahalanobis_detector/lib_generation.py:255: UserWarning: volatile was removed and now has no effect. Use `with torch.no_grad():` instead.
  outputs = model(Variable(tempInputs, volatile=True))
/gpfs/accounts/sunwbgt_root/sunwbgt98/xysong/deep_Mahalanobis_detector/lib_generation.py:255: UserWarning: volatile was removed and now has no effect. Use `with torch.no_grad():` instead.
  outputs = model(Variable(tempInputs, volatile=True))
Testing set size: 5000, 5000
######################################
Testing on ImageNet-c
Out-distribution: imagenet-c
Testing set size: 5000, 4000
Files already downloaded and verified
Files already downloaded and verified
Out-distribution: cifar10
/gpfs/accounts/sunwbgt_root/sunwbgt98/xysong/deep_Mahalanobis_detector/lib_generation.py:255: UserWarning: volatile was removed and now has no effect. Use `with torch.no_grad():` instead.
  outputs = model(Variable(tempInputs, volatile=True))
Testing set size: 5000, 5000
/gpfs/accounts/sunwbgt_root/sunwbgt98/xysong/deep_Mahalanobis_detector/lib_generation.py:255: UserWarning: volatile was removed and now has no effect. Use `with torch.no_grad():` instead.
  outputs = model(Variable(tempInputs, volatile=True))
Temperature: 1 / noise: 0.0005
Out-distribution: fm
Testing set size: 5000, 4000
Using downloaded and verified file: ./data/svhn-data/train_32x32.mat
Using downloaded and verified file: ./data/svhn-data/test_32x32.mat
Out-distribution: svhn
/gpfs/accounts/sunwbgt_root/sunwbgt98/xysong/deep_Mahalanobis_detector/lib_generation.py:255: UserWarning: volatile was removed and now has no effect. Use `with torch.no_grad():` instead.
  outputs = model(Variable(tempInputs, volatile=True))
/gpfs/accounts/sunwbgt_root/sunwbgt98/xysong/deep_Mahalanobis_detector/lib_generation.py:255: UserWarning: volatile was removed and now has no effect. Use `with torch.no_grad():` instead.
  outputs = model(Variable(tempInputs, volatile=True))
Testing set size: 5000, 5000
######################################
Testing on ImageNet-c
Out-distribution: imagenet-c
Testing set size: 5000, 4000
Files already downloaded and verified
Files already downloaded and verified
Out-distribution: cifar10
/gpfs/accounts/sunwbgt_root/sunwbgt98/xysong/deep_Mahalanobis_detector/lib_generation.py:255: UserWarning: volatile was removed and now has no effect. Use `with torch.no_grad():` instead.
  outputs = model(Variable(tempInputs, volatile=True))
Testing set size: 5000, 5000
/gpfs/accounts/sunwbgt_root/sunwbgt98/xysong/deep_Mahalanobis_detector/lib_generation.py:255: UserWarning: volatile was removed and now has no effect. Use `with torch.no_grad():` instead.
  outputs = model(Variable(tempInputs, volatile=True))
Temperature: 1 / noise: 0.001
Out-distribution: fm
Testing set size: 5000, 4000
Using downloaded and verified file: ./data/svhn-data/train_32x32.mat
Using downloaded and verified file: ./data/svhn-data/test_32x32.mat
Out-distribution: svhn
/gpfs/accounts/sunwbgt_root/sunwbgt98/xysong/deep_Mahalanobis_detector/lib_generation.py:255: UserWarning: volatile was removed and now has no effect. Use `with torch.no_grad():` instead.
  outputs = model(Variable(tempInputs, volatile=True))
/gpfs/accounts/sunwbgt_root/sunwbgt98/xysong/deep_Mahalanobis_detector/lib_generation.py:255: UserWarning: volatile was removed and now has no effect. Use `with torch.no_grad():` instead.
  outputs = model(Variable(tempInputs, volatile=True))
Testing set size: 5000, 5000
######################################
Testing on ImageNet-c
Out-distribution: imagenet-c
Testing set size: 5000, 4000
Files already downloaded and verified
Files already downloaded and verified
Out-distribution: cifar10
/gpfs/accounts/sunwbgt_root/sunwbgt98/xysong/deep_Mahalanobis_detector/lib_generation.py:255: UserWarning: volatile was removed and now has no effect. Use `with torch.no_grad():` instead.
  outputs = model(Variable(tempInputs, volatile=True))
Testing set size: 5000, 5000
/gpfs/accounts/sunwbgt_root/sunwbgt98/xysong/deep_Mahalanobis_detector/lib_generation.py:255: UserWarning: volatile was removed and now has no effect. Use `with torch.no_grad():` instead.
  outputs = model(Variable(tempInputs, volatile=True))
Temperature: 1 / noise: 0.0014
Out-distribution: fm
Testing set size: 5000, 4000
Using downloaded and verified file: ./data/svhn-data/train_32x32.mat
Using downloaded and verified file: ./data/svhn-data/test_32x32.mat
Out-distribution: svhn
/gpfs/accounts/sunwbgt_root/sunwbgt98/xysong/deep_Mahalanobis_detector/lib_generation.py:255: UserWarning: volatile was removed and now has no effect. Use `with torch.no_grad():` instead.
  outputs = model(Variable(tempInputs, volatile=True))
/gpfs/accounts/sunwbgt_root/sunwbgt98/xysong/deep_Mahalanobis_detector/lib_generation.py:255: UserWarning: volatile was removed and now has no effect. Use `with torch.no_grad():` instead.
  outputs = model(Variable(tempInputs, volatile=True))
Testing set size: 5000, 5000
######################################
Testing on ImageNet-c
Out-distribution: imagenet-c
Testing set size: 5000, 4000
Files already downloaded and verified
Files already downloaded and verified
Out-distribution: cifar10
/gpfs/accounts/sunwbgt_root/sunwbgt98/xysong/deep_Mahalanobis_detector/lib_generation.py:255: UserWarning: volatile was removed and now has no effect. Use `with torch.no_grad():` instead.
  outputs = model(Variable(tempInputs, volatile=True))
Testing set size: 5000, 5000
/gpfs/accounts/sunwbgt_root/sunwbgt98/xysong/deep_Mahalanobis_detector/lib_generation.py:255: UserWarning: volatile was removed and now has no effect. Use `with torch.no_grad():` instead.
  outputs = model(Variable(tempInputs, volatile=True))
Temperature: 1 / noise: 0.002
Out-distribution: fm
Testing set size: 5000, 4000
Using downloaded and verified file: ./data/svhn-data/train_32x32.mat
Using downloaded and verified file: ./data/svhn-data/test_32x32.mat
Out-distribution: svhn
/gpfs/accounts/sunwbgt_root/sunwbgt98/xysong/deep_Mahalanobis_detector/lib_generation.py:255: UserWarning: volatile was removed and now has no effect. Use `with torch.no_grad():` instead.
  outputs = model(Variable(tempInputs, volatile=True))
/gpfs/accounts/sunwbgt_root/sunwbgt98/xysong/deep_Mahalanobis_detector/lib_generation.py:255: UserWarning: volatile was removed and now has no effect. Use `with torch.no_grad():` instead.
  outputs = model(Variable(tempInputs, volatile=True))
Testing set size: 5000, 5000
######################################
Testing on ImageNet-c
Out-distribution: imagenet-c
Testing set size: 5000, 4000
Files already downloaded and verified
Files already downloaded and verified
Out-distribution: cifar10
/gpfs/accounts/sunwbgt_root/sunwbgt98/xysong/deep_Mahalanobis_detector/lib_generation.py:255: UserWarning: volatile was removed and now has no effect. Use `with torch.no_grad():` instead.
  outputs = model(Variable(tempInputs, volatile=True))
Testing set size: 5000, 5000
/gpfs/accounts/sunwbgt_root/sunwbgt98/xysong/deep_Mahalanobis_detector/lib_generation.py:255: UserWarning: volatile was removed and now has no effect. Use `with torch.no_grad():` instead.
  outputs = model(Variable(tempInputs, volatile=True))
Temperature: 1 / noise: 0.0024
Out-distribution: fm
Testing set size: 5000, 4000
Using downloaded and verified file: ./data/svhn-data/train_32x32.mat
Using downloaded and verified file: ./data/svhn-data/test_32x32.mat
Out-distribution: svhn
/gpfs/accounts/sunwbgt_root/sunwbgt98/xysong/deep_Mahalanobis_detector/lib_generation.py:255: UserWarning: volatile was removed and now has no effect. Use `with torch.no_grad():` instead.
  outputs = model(Variable(tempInputs, volatile=True))
/gpfs/accounts/sunwbgt_root/sunwbgt98/xysong/deep_Mahalanobis_detector/lib_generation.py:255: UserWarning: volatile was removed and now has no effect. Use `with torch.no_grad():` instead.
  outputs = model(Variable(tempInputs, volatile=True))
Testing set size: 5000, 5000
######################################
Testing on ImageNet-c
Out-distribution: imagenet-c
Testing set size: 5000, 4000
Files already downloaded and verified
Files already downloaded and verified
Out-distribution: cifar10
/gpfs/accounts/sunwbgt_root/sunwbgt98/xysong/deep_Mahalanobis_detector/lib_generation.py:255: UserWarning: volatile was removed and now has no effect. Use `with torch.no_grad():` instead.
  outputs = model(Variable(tempInputs, volatile=True))
Testing set size: 5000, 5000
/gpfs/accounts/sunwbgt_root/sunwbgt98/xysong/deep_Mahalanobis_detector/lib_generation.py:255: UserWarning: volatile was removed and now has no effect. Use `with torch.no_grad():` instead.
  outputs = model(Variable(tempInputs, volatile=True))
Temperature: 1 / noise: 0.005
Out-distribution: fm
Testing set size: 5000, 4000
Using downloaded and verified file: ./data/svhn-data/train_32x32.mat
Using downloaded and verified file: ./data/svhn-data/test_32x32.mat
Out-distribution: svhn
/gpfs/accounts/sunwbgt_root/sunwbgt98/xysong/deep_Mahalanobis_detector/lib_generation.py:255: UserWarning: volatile was removed and now has no effect. Use `with torch.no_grad():` instead.
  outputs = model(Variable(tempInputs, volatile=True))
/gpfs/accounts/sunwbgt_root/sunwbgt98/xysong/deep_Mahalanobis_detector/lib_generation.py:255: UserWarning: volatile was removed and now has no effect. Use `with torch.no_grad():` instead.
  outputs = model(Variable(tempInputs, volatile=True))
Testing set size: 5000, 5000
######################################
Testing on ImageNet-c
Out-distribution: imagenet-c
Testing set size: 5000, 4000
Files already downloaded and verified
Files already downloaded and verified
Out-distribution: cifar10
/gpfs/accounts/sunwbgt_root/sunwbgt98/xysong/deep_Mahalanobis_detector/lib_generation.py:255: UserWarning: volatile was removed and now has no effect. Use `with torch.no_grad():` instead.
  outputs = model(Variable(tempInputs, volatile=True))
Testing set size: 5000, 5000
/gpfs/accounts/sunwbgt_root/sunwbgt98/xysong/deep_Mahalanobis_detector/lib_generation.py:255: UserWarning: volatile was removed and now has no effect. Use `with torch.no_grad():` instead.
  outputs = model(Variable(tempInputs, volatile=True))
Temperature: 1 / noise: 0.01
Out-distribution: fm
Testing set size: 5000, 4000
Using downloaded and verified file: ./data/svhn-data/train_32x32.mat
Using downloaded and verified file: ./data/svhn-data/test_32x32.mat
Out-distribution: svhn
/gpfs/accounts/sunwbgt_root/sunwbgt98/xysong/deep_Mahalanobis_detector/lib_generation.py:255: UserWarning: volatile was removed and now has no effect. Use `with torch.no_grad():` instead.
  outputs = model(Variable(tempInputs, volatile=True))
/gpfs/accounts/sunwbgt_root/sunwbgt98/xysong/deep_Mahalanobis_detector/lib_generation.py:255: UserWarning: volatile was removed and now has no effect. Use `with torch.no_grad():` instead.
  outputs = model(Variable(tempInputs, volatile=True))
Testing set size: 5000, 5000
######################################
Testing on ImageNet-c
Out-distribution: imagenet-c
Testing set size: 5000, 4000
Files already downloaded and verified
Files already downloaded and verified
Out-distribution: cifar10
/gpfs/accounts/sunwbgt_root/sunwbgt98/xysong/deep_Mahalanobis_detector/lib_generation.py:255: UserWarning: volatile was removed and now has no effect. Use `with torch.no_grad():` instead.
  outputs = model(Variable(tempInputs, volatile=True))
Testing set size: 5000, 5000
/gpfs/accounts/sunwbgt_root/sunwbgt98/xysong/deep_Mahalanobis_detector/lib_generation.py:255: UserWarning: volatile was removed and now has no effect. Use `with torch.no_grad():` instead.
  outputs = model(Variable(tempInputs, volatile=True))
Temperature: 1 / noise: 0.05
Out-distribution: fm
Testing set size: 5000, 4000
Using downloaded and verified file: ./data/svhn-data/train_32x32.mat
Using downloaded and verified file: ./data/svhn-data/test_32x32.mat
Out-distribution: svhn
/gpfs/accounts/sunwbgt_root/sunwbgt98/xysong/deep_Mahalanobis_detector/lib_generation.py:255: UserWarning: volatile was removed and now has no effect. Use `with torch.no_grad():` instead.
  outputs = model(Variable(tempInputs, volatile=True))
/gpfs/accounts/sunwbgt_root/sunwbgt98/xysong/deep_Mahalanobis_detector/lib_generation.py:255: UserWarning: volatile was removed and now has no effect. Use `with torch.no_grad():` instead.
  outputs = model(Variable(tempInputs, volatile=True))
Testing set size: 5000, 5000
######################################
Testing on ImageNet-c
Out-distribution: imagenet-c
Testing set size: 5000, 4000
Files already downloaded and verified
Files already downloaded and verified
Out-distribution: cifar10
/gpfs/accounts/sunwbgt_root/sunwbgt98/xysong/deep_Mahalanobis_detector/lib_generation.py:255: UserWarning: volatile was removed and now has no effect. Use `with torch.no_grad():` instead.
  outputs = model(Variable(tempInputs, volatile=True))
Testing set size: 5000, 5000
/gpfs/accounts/sunwbgt_root/sunwbgt98/xysong/deep_Mahalanobis_detector/lib_generation.py:255: UserWarning: volatile was removed and now has no effect. Use `with torch.no_grad():` instead.
  outputs = model(Variable(tempInputs, volatile=True))
Temperature: 1 / noise: 0.1
Out-distribution: fm
Testing set size: 5000, 4000
Using downloaded and verified file: ./data/svhn-data/train_32x32.mat
Using downloaded and verified file: ./data/svhn-data/test_32x32.mat
Out-distribution: svhn
/gpfs/accounts/sunwbgt_root/sunwbgt98/xysong/deep_Mahalanobis_detector/lib_generation.py:255: UserWarning: volatile was removed and now has no effect. Use `with torch.no_grad():` instead.
  outputs = model(Variable(tempInputs, volatile=True))
/gpfs/accounts/sunwbgt_root/sunwbgt98/xysong/deep_Mahalanobis_detector/lib_generation.py:255: UserWarning: volatile was removed and now has no effect. Use `with torch.no_grad():` instead.
  outputs = model(Variable(tempInputs, volatile=True))
Testing set size: 5000, 5000
######################################
Testing on ImageNet-c
Out-distribution: imagenet-c
Testing set size: 5000, 4000
Files already downloaded and verified
Files already downloaded and verified
Out-distribution: cifar10
/gpfs/accounts/sunwbgt_root/sunwbgt98/xysong/deep_Mahalanobis_detector/lib_generation.py:255: UserWarning: volatile was removed and now has no effect. Use `with torch.no_grad():` instead.
  outputs = model(Variable(tempInputs, volatile=True))
Testing set size: 5000, 5000
/gpfs/accounts/sunwbgt_root/sunwbgt98/xysong/deep_Mahalanobis_detector/lib_generation.py:255: UserWarning: volatile was removed and now has no effect. Use `with torch.no_grad():` instead.
  outputs = model(Variable(tempInputs, volatile=True))
Temperature: 1 / noise: 0.2
Out-distribution: fm
Testing set size: 5000, 4000
Using downloaded and verified file: ./data/svhn-data/train_32x32.mat
Using downloaded and verified file: ./data/svhn-data/test_32x32.mat
Out-distribution: svhn
/gpfs/accounts/sunwbgt_root/sunwbgt98/xysong/deep_Mahalanobis_detector/lib_generation.py:255: UserWarning: volatile was removed and now has no effect. Use `with torch.no_grad():` instead.
  outputs = model(Variable(tempInputs, volatile=True))
/gpfs/accounts/sunwbgt_root/sunwbgt98/xysong/deep_Mahalanobis_detector/lib_generation.py:255: UserWarning: volatile was removed and now has no effect. Use `with torch.no_grad():` instead.
  outputs = model(Variable(tempInputs, volatile=True))
Testing set size: 5000, 5000
######################################
Testing on ImageNet-c
Out-distribution: imagenet-c
Testing set size: 5000, 4000
Files already downloaded and verified
Files already downloaded and verified
Out-distribution: cifar10
/gpfs/accounts/sunwbgt_root/sunwbgt98/xysong/deep_Mahalanobis_detector/lib_generation.py:255: UserWarning: volatile was removed and now has no effect. Use `with torch.no_grad():` instead.
  outputs = model(Variable(tempInputs, volatile=True))

 25%|██▌       | 1/4 [12:28<37:26, 748.71s/it]Testing set size: 5000, 5000
/gpfs/accounts/sunwbgt_root/sunwbgt98/xysong/deep_Mahalanobis_detector/lib_generation.py:255: UserWarning: volatile was removed and now has no effect. Use `with torch.no_grad():` instead.
  outputs = model(Variable(tempInputs, volatile=True))
Temperature: 10 / noise: 0
Out-distribution: fm
Testing set size: 5000, 4000
Using downloaded and verified file: ./data/svhn-data/train_32x32.mat
Using downloaded and verified file: ./data/svhn-data/test_32x32.mat
Out-distribution: svhn
/gpfs/accounts/sunwbgt_root/sunwbgt98/xysong/deep_Mahalanobis_detector/lib_generation.py:255: UserWarning: volatile was removed and now has no effect. Use `with torch.no_grad():` instead.
  outputs = model(Variable(tempInputs, volatile=True))
/gpfs/accounts/sunwbgt_root/sunwbgt98/xysong/deep_Mahalanobis_detector/lib_generation.py:255: UserWarning: volatile was removed and now has no effect. Use `with torch.no_grad():` instead.
  outputs = model(Variable(tempInputs, volatile=True))
Testing set size: 5000, 5000
######################################
Testing on ImageNet-c
Out-distribution: imagenet-c
Testing set size: 5000, 4000
Files already downloaded and verified
Files already downloaded and verified
Out-distribution: cifar10
/gpfs/accounts/sunwbgt_root/sunwbgt98/xysong/deep_Mahalanobis_detector/lib_generation.py:255: UserWarning: volatile was removed and now has no effect. Use `with torch.no_grad():` instead.
  outputs = model(Variable(tempInputs, volatile=True))
Testing set size: 5000, 5000
/gpfs/accounts/sunwbgt_root/sunwbgt98/xysong/deep_Mahalanobis_detector/lib_generation.py:255: UserWarning: volatile was removed and now has no effect. Use `with torch.no_grad():` instead.
  outputs = model(Variable(tempInputs, volatile=True))
Temperature: 10 / noise: 0.0005
Out-distribution: fm
Testing set size: 5000, 4000
Using downloaded and verified file: ./data/svhn-data/train_32x32.mat
Using downloaded and verified file: ./data/svhn-data/test_32x32.mat
Out-distribution: svhn
/gpfs/accounts/sunwbgt_root/sunwbgt98/xysong/deep_Mahalanobis_detector/lib_generation.py:255: UserWarning: volatile was removed and now has no effect. Use `with torch.no_grad():` instead.
  outputs = model(Variable(tempInputs, volatile=True))
/gpfs/accounts/sunwbgt_root/sunwbgt98/xysong/deep_Mahalanobis_detector/lib_generation.py:255: UserWarning: volatile was removed and now has no effect. Use `with torch.no_grad():` instead.
  outputs = model(Variable(tempInputs, volatile=True))
Testing set size: 5000, 5000
######################################
Testing on ImageNet-c
Out-distribution: imagenet-c
Testing set size: 5000, 4000
Files already downloaded and verified
Files already downloaded and verified
Out-distribution: cifar10
/gpfs/accounts/sunwbgt_root/sunwbgt98/xysong/deep_Mahalanobis_detector/lib_generation.py:255: UserWarning: volatile was removed and now has no effect. Use `with torch.no_grad():` instead.
  outputs = model(Variable(tempInputs, volatile=True))
Testing set size: 5000, 5000
/gpfs/accounts/sunwbgt_root/sunwbgt98/xysong/deep_Mahalanobis_detector/lib_generation.py:255: UserWarning: volatile was removed and now has no effect. Use `with torch.no_grad():` instead.
  outputs = model(Variable(tempInputs, volatile=True))
Temperature: 10 / noise: 0.001
Out-distribution: fm
Testing set size: 5000, 4000
Using downloaded and verified file: ./data/svhn-data/train_32x32.mat
Using downloaded and verified file: ./data/svhn-data/test_32x32.mat
Out-distribution: svhn
/gpfs/accounts/sunwbgt_root/sunwbgt98/xysong/deep_Mahalanobis_detector/lib_generation.py:255: UserWarning: volatile was removed and now has no effect. Use `with torch.no_grad():` instead.
  outputs = model(Variable(tempInputs, volatile=True))
/gpfs/accounts/sunwbgt_root/sunwbgt98/xysong/deep_Mahalanobis_detector/lib_generation.py:255: UserWarning: volatile was removed and now has no effect. Use `with torch.no_grad():` instead.
  outputs = model(Variable(tempInputs, volatile=True))
Testing set size: 5000, 5000
######################################
Testing on ImageNet-c
Out-distribution: imagenet-c
Testing set size: 5000, 4000
Files already downloaded and verified
Files already downloaded and verified
Out-distribution: cifar10
/gpfs/accounts/sunwbgt_root/sunwbgt98/xysong/deep_Mahalanobis_detector/lib_generation.py:255: UserWarning: volatile was removed and now has no effect. Use `with torch.no_grad():` instead.
  outputs = model(Variable(tempInputs, volatile=True))
Testing set size: 5000, 5000
/gpfs/accounts/sunwbgt_root/sunwbgt98/xysong/deep_Mahalanobis_detector/lib_generation.py:255: UserWarning: volatile was removed and now has no effect. Use `with torch.no_grad():` instead.
  outputs = model(Variable(tempInputs, volatile=True))
Temperature: 10 / noise: 0.0014
Out-distribution: fm
Testing set size: 5000, 4000
Using downloaded and verified file: ./data/svhn-data/train_32x32.mat
Using downloaded and verified file: ./data/svhn-data/test_32x32.mat
Out-distribution: svhn
/gpfs/accounts/sunwbgt_root/sunwbgt98/xysong/deep_Mahalanobis_detector/lib_generation.py:255: UserWarning: volatile was removed and now has no effect. Use `with torch.no_grad():` instead.
  outputs = model(Variable(tempInputs, volatile=True))
/gpfs/accounts/sunwbgt_root/sunwbgt98/xysong/deep_Mahalanobis_detector/lib_generation.py:255: UserWarning: volatile was removed and now has no effect. Use `with torch.no_grad():` instead.
  outputs = model(Variable(tempInputs, volatile=True))
Testing set size: 5000, 5000
######################################
Testing on ImageNet-c
Out-distribution: imagenet-c
Testing set size: 5000, 4000
Files already downloaded and verified
Files already downloaded and verified
Out-distribution: cifar10
/gpfs/accounts/sunwbgt_root/sunwbgt98/xysong/deep_Mahalanobis_detector/lib_generation.py:255: UserWarning: volatile was removed and now has no effect. Use `with torch.no_grad():` instead.
  outputs = model(Variable(tempInputs, volatile=True))
Testing set size: 5000, 5000
/gpfs/accounts/sunwbgt_root/sunwbgt98/xysong/deep_Mahalanobis_detector/lib_generation.py:255: UserWarning: volatile was removed and now has no effect. Use `with torch.no_grad():` instead.
  outputs = model(Variable(tempInputs, volatile=True))
Temperature: 10 / noise: 0.002
Out-distribution: fm
Testing set size: 5000, 4000
Using downloaded and verified file: ./data/svhn-data/train_32x32.mat
Using downloaded and verified file: ./data/svhn-data/test_32x32.mat
Out-distribution: svhn
/gpfs/accounts/sunwbgt_root/sunwbgt98/xysong/deep_Mahalanobis_detector/lib_generation.py:255: UserWarning: volatile was removed and now has no effect. Use `with torch.no_grad():` instead.
  outputs = model(Variable(tempInputs, volatile=True))
/gpfs/accounts/sunwbgt_root/sunwbgt98/xysong/deep_Mahalanobis_detector/lib_generation.py:255: UserWarning: volatile was removed and now has no effect. Use `with torch.no_grad():` instead.
  outputs = model(Variable(tempInputs, volatile=True))
Testing set size: 5000, 5000
######################################
Testing on ImageNet-c
Out-distribution: imagenet-c
Testing set size: 5000, 4000
Files already downloaded and verified
Files already downloaded and verified
Out-distribution: cifar10
/gpfs/accounts/sunwbgt_root/sunwbgt98/xysong/deep_Mahalanobis_detector/lib_generation.py:255: UserWarning: volatile was removed and now has no effect. Use `with torch.no_grad():` instead.
  outputs = model(Variable(tempInputs, volatile=True))
Testing set size: 5000, 5000
/gpfs/accounts/sunwbgt_root/sunwbgt98/xysong/deep_Mahalanobis_detector/lib_generation.py:255: UserWarning: volatile was removed and now has no effect. Use `with torch.no_grad():` instead.
  outputs = model(Variable(tempInputs, volatile=True))
Temperature: 10 / noise: 0.0024
Out-distribution: fm
Testing set size: 5000, 4000
Using downloaded and verified file: ./data/svhn-data/train_32x32.mat
Using downloaded and verified file: ./data/svhn-data/test_32x32.mat
Out-distribution: svhn
/gpfs/accounts/sunwbgt_root/sunwbgt98/xysong/deep_Mahalanobis_detector/lib_generation.py:255: UserWarning: volatile was removed and now has no effect. Use `with torch.no_grad():` instead.
  outputs = model(Variable(tempInputs, volatile=True))
/gpfs/accounts/sunwbgt_root/sunwbgt98/xysong/deep_Mahalanobis_detector/lib_generation.py:255: UserWarning: volatile was removed and now has no effect. Use `with torch.no_grad():` instead.
  outputs = model(Variable(tempInputs, volatile=True))
Testing set size: 5000, 5000
######################################
Testing on ImageNet-c
Out-distribution: imagenet-c
Testing set size: 5000, 4000
Files already downloaded and verified
Files already downloaded and verified
Out-distribution: cifar10
/gpfs/accounts/sunwbgt_root/sunwbgt98/xysong/deep_Mahalanobis_detector/lib_generation.py:255: UserWarning: volatile was removed and now has no effect. Use `with torch.no_grad():` instead.
  outputs = model(Variable(tempInputs, volatile=True))
Testing set size: 5000, 5000
/gpfs/accounts/sunwbgt_root/sunwbgt98/xysong/deep_Mahalanobis_detector/lib_generation.py:255: UserWarning: volatile was removed and now has no effect. Use `with torch.no_grad():` instead.
  outputs = model(Variable(tempInputs, volatile=True))
Temperature: 10 / noise: 0.005
Out-distribution: fm
Testing set size: 5000, 4000
Using downloaded and verified file: ./data/svhn-data/train_32x32.mat
Using downloaded and verified file: ./data/svhn-data/test_32x32.mat
Out-distribution: svhn
/gpfs/accounts/sunwbgt_root/sunwbgt98/xysong/deep_Mahalanobis_detector/lib_generation.py:255: UserWarning: volatile was removed and now has no effect. Use `with torch.no_grad():` instead.
  outputs = model(Variable(tempInputs, volatile=True))
/gpfs/accounts/sunwbgt_root/sunwbgt98/xysong/deep_Mahalanobis_detector/lib_generation.py:255: UserWarning: volatile was removed and now has no effect. Use `with torch.no_grad():` instead.
  outputs = model(Variable(tempInputs, volatile=True))
Testing set size: 5000, 5000
######################################
Testing on ImageNet-c
Out-distribution: imagenet-c
Testing set size: 5000, 4000
Files already downloaded and verified
Files already downloaded and verified
Out-distribution: cifar10
/gpfs/accounts/sunwbgt_root/sunwbgt98/xysong/deep_Mahalanobis_detector/lib_generation.py:255: UserWarning: volatile was removed and now has no effect. Use `with torch.no_grad():` instead.
  outputs = model(Variable(tempInputs, volatile=True))
Testing set size: 5000, 5000
/gpfs/accounts/sunwbgt_root/sunwbgt98/xysong/deep_Mahalanobis_detector/lib_generation.py:255: UserWarning: volatile was removed and now has no effect. Use `with torch.no_grad():` instead.
  outputs = model(Variable(tempInputs, volatile=True))
Temperature: 10 / noise: 0.01
Out-distribution: fm
Testing set size: 5000, 4000
Using downloaded and verified file: ./data/svhn-data/train_32x32.mat
Using downloaded and verified file: ./data/svhn-data/test_32x32.mat
Out-distribution: svhn
/gpfs/accounts/sunwbgt_root/sunwbgt98/xysong/deep_Mahalanobis_detector/lib_generation.py:255: UserWarning: volatile was removed and now has no effect. Use `with torch.no_grad():` instead.
  outputs = model(Variable(tempInputs, volatile=True))
/gpfs/accounts/sunwbgt_root/sunwbgt98/xysong/deep_Mahalanobis_detector/lib_generation.py:255: UserWarning: volatile was removed and now has no effect. Use `with torch.no_grad():` instead.
  outputs = model(Variable(tempInputs, volatile=True))
Testing set size: 5000, 5000
######################################
Testing on ImageNet-c
Out-distribution: imagenet-c
Testing set size: 5000, 4000
Files already downloaded and verified
Files already downloaded and verified
Out-distribution: cifar10
/gpfs/accounts/sunwbgt_root/sunwbgt98/xysong/deep_Mahalanobis_detector/lib_generation.py:255: UserWarning: volatile was removed and now has no effect. Use `with torch.no_grad():` instead.
  outputs = model(Variable(tempInputs, volatile=True))
Testing set size: 5000, 5000
/gpfs/accounts/sunwbgt_root/sunwbgt98/xysong/deep_Mahalanobis_detector/lib_generation.py:255: UserWarning: volatile was removed and now has no effect. Use `with torch.no_grad():` instead.
  outputs = model(Variable(tempInputs, volatile=True))
Temperature: 10 / noise: 0.05
Out-distribution: fm
Testing set size: 5000, 4000
Using downloaded and verified file: ./data/svhn-data/train_32x32.mat
Using downloaded and verified file: ./data/svhn-data/test_32x32.mat
Out-distribution: svhn
/gpfs/accounts/sunwbgt_root/sunwbgt98/xysong/deep_Mahalanobis_detector/lib_generation.py:255: UserWarning: volatile was removed and now has no effect. Use `with torch.no_grad():` instead.
  outputs = model(Variable(tempInputs, volatile=True))
/gpfs/accounts/sunwbgt_root/sunwbgt98/xysong/deep_Mahalanobis_detector/lib_generation.py:255: UserWarning: volatile was removed and now has no effect. Use `with torch.no_grad():` instead.
  outputs = model(Variable(tempInputs, volatile=True))
Testing set size: 5000, 5000
######################################
Testing on ImageNet-c
Out-distribution: imagenet-c
Testing set size: 5000, 4000
Files already downloaded and verified
Files already downloaded and verified
Out-distribution: cifar10
/gpfs/accounts/sunwbgt_root/sunwbgt98/xysong/deep_Mahalanobis_detector/lib_generation.py:255: UserWarning: volatile was removed and now has no effect. Use `with torch.no_grad():` instead.
  outputs = model(Variable(tempInputs, volatile=True))
Testing set size: 5000, 5000
/gpfs/accounts/sunwbgt_root/sunwbgt98/xysong/deep_Mahalanobis_detector/lib_generation.py:255: UserWarning: volatile was removed and now has no effect. Use `with torch.no_grad():` instead.
  outputs = model(Variable(tempInputs, volatile=True))
Temperature: 10 / noise: 0.1
Out-distribution: fm
Testing set size: 5000, 4000
Using downloaded and verified file: ./data/svhn-data/train_32x32.mat
Using downloaded and verified file: ./data/svhn-data/test_32x32.mat
Out-distribution: svhn
/gpfs/accounts/sunwbgt_root/sunwbgt98/xysong/deep_Mahalanobis_detector/lib_generation.py:255: UserWarning: volatile was removed and now has no effect. Use `with torch.no_grad():` instead.
  outputs = model(Variable(tempInputs, volatile=True))
/gpfs/accounts/sunwbgt_root/sunwbgt98/xysong/deep_Mahalanobis_detector/lib_generation.py:255: UserWarning: volatile was removed and now has no effect. Use `with torch.no_grad():` instead.
  outputs = model(Variable(tempInputs, volatile=True))
Testing set size: 5000, 5000
######################################
Testing on ImageNet-c
Out-distribution: imagenet-c
Testing set size: 5000, 4000
Files already downloaded and verified
Files already downloaded and verified
Out-distribution: cifar10
/gpfs/accounts/sunwbgt_root/sunwbgt98/xysong/deep_Mahalanobis_detector/lib_generation.py:255: UserWarning: volatile was removed and now has no effect. Use `with torch.no_grad():` instead.
  outputs = model(Variable(tempInputs, volatile=True))
Testing set size: 5000, 5000
/gpfs/accounts/sunwbgt_root/sunwbgt98/xysong/deep_Mahalanobis_detector/lib_generation.py:255: UserWarning: volatile was removed and now has no effect. Use `with torch.no_grad():` instead.
  outputs = model(Variable(tempInputs, volatile=True))
Temperature: 10 / noise: 0.2
Out-distribution: fm
Testing set size: 5000, 4000
Using downloaded and verified file: ./data/svhn-data/train_32x32.mat
Using downloaded and verified file: ./data/svhn-data/test_32x32.mat
Out-distribution: svhn
/gpfs/accounts/sunwbgt_root/sunwbgt98/xysong/deep_Mahalanobis_detector/lib_generation.py:255: UserWarning: volatile was removed and now has no effect. Use `with torch.no_grad():` instead.
  outputs = model(Variable(tempInputs, volatile=True))
/gpfs/accounts/sunwbgt_root/sunwbgt98/xysong/deep_Mahalanobis_detector/lib_generation.py:255: UserWarning: volatile was removed and now has no effect. Use `with torch.no_grad():` instead.
  outputs = model(Variable(tempInputs, volatile=True))
Testing set size: 5000, 5000
######################################
Testing on ImageNet-c
Out-distribution: imagenet-c
Testing set size: 5000, 4000
Files already downloaded and verified
Files already downloaded and verified
Out-distribution: cifar10
/gpfs/accounts/sunwbgt_root/sunwbgt98/xysong/deep_Mahalanobis_detector/lib_generation.py:255: UserWarning: volatile was removed and now has no effect. Use `with torch.no_grad():` instead.
  outputs = model(Variable(tempInputs, volatile=True))

 50%|█████     | 2/4 [24:57<24:57, 748.50s/it]Testing set size: 5000, 5000
/gpfs/accounts/sunwbgt_root/sunwbgt98/xysong/deep_Mahalanobis_detector/lib_generation.py:255: UserWarning: volatile was removed and now has no effect. Use `with torch.no_grad():` instead.
  outputs = model(Variable(tempInputs, volatile=True))
Temperature: 100 / noise: 0
Out-distribution: fm
Testing set size: 5000, 4000
Using downloaded and verified file: ./data/svhn-data/train_32x32.mat
Using downloaded and verified file: ./data/svhn-data/test_32x32.mat
Out-distribution: svhn
/gpfs/accounts/sunwbgt_root/sunwbgt98/xysong/deep_Mahalanobis_detector/lib_generation.py:255: UserWarning: volatile was removed and now has no effect. Use `with torch.no_grad():` instead.
  outputs = model(Variable(tempInputs, volatile=True))
/gpfs/accounts/sunwbgt_root/sunwbgt98/xysong/deep_Mahalanobis_detector/lib_generation.py:255: UserWarning: volatile was removed and now has no effect. Use `with torch.no_grad():` instead.
  outputs = model(Variable(tempInputs, volatile=True))
Testing set size: 5000, 5000
######################################
Testing on ImageNet-c
Out-distribution: imagenet-c
Testing set size: 5000, 4000
Files already downloaded and verified
Files already downloaded and verified
Out-distribution: cifar10
/gpfs/accounts/sunwbgt_root/sunwbgt98/xysong/deep_Mahalanobis_detector/lib_generation.py:255: UserWarning: volatile was removed and now has no effect. Use `with torch.no_grad():` instead.
  outputs = model(Variable(tempInputs, volatile=True))
Testing set size: 5000, 5000
/gpfs/accounts/sunwbgt_root/sunwbgt98/xysong/deep_Mahalanobis_detector/lib_generation.py:255: UserWarning: volatile was removed and now has no effect. Use `with torch.no_grad():` instead.
  outputs = model(Variable(tempInputs, volatile=True))
Temperature: 100 / noise: 0.0005
Out-distribution: fm
Testing set size: 5000, 4000
Using downloaded and verified file: ./data/svhn-data/train_32x32.mat
Using downloaded and verified file: ./data/svhn-data/test_32x32.mat
Out-distribution: svhn
/gpfs/accounts/sunwbgt_root/sunwbgt98/xysong/deep_Mahalanobis_detector/lib_generation.py:255: UserWarning: volatile was removed and now has no effect. Use `with torch.no_grad():` instead.
  outputs = model(Variable(tempInputs, volatile=True))
/gpfs/accounts/sunwbgt_root/sunwbgt98/xysong/deep_Mahalanobis_detector/lib_generation.py:255: UserWarning: volatile was removed and now has no effect. Use `with torch.no_grad():` instead.
  outputs = model(Variable(tempInputs, volatile=True))
Testing set size: 5000, 5000
######################################
Testing on ImageNet-c
Out-distribution: imagenet-c
Testing set size: 5000, 4000
Files already downloaded and verified
Files already downloaded and verified
Out-distribution: cifar10
/gpfs/accounts/sunwbgt_root/sunwbgt98/xysong/deep_Mahalanobis_detector/lib_generation.py:255: UserWarning: volatile was removed and now has no effect. Use `with torch.no_grad():` instead.
  outputs = model(Variable(tempInputs, volatile=True))
Testing set size: 5000, 5000
/gpfs/accounts/sunwbgt_root/sunwbgt98/xysong/deep_Mahalanobis_detector/lib_generation.py:255: UserWarning: volatile was removed and now has no effect. Use `with torch.no_grad():` instead.
  outputs = model(Variable(tempInputs, volatile=True))
Temperature: 100 / noise: 0.001
Out-distribution: fm
Testing set size: 5000, 4000
Using downloaded and verified file: ./data/svhn-data/train_32x32.mat
Using downloaded and verified file: ./data/svhn-data/test_32x32.mat
Out-distribution: svhn
/gpfs/accounts/sunwbgt_root/sunwbgt98/xysong/deep_Mahalanobis_detector/lib_generation.py:255: UserWarning: volatile was removed and now has no effect. Use `with torch.no_grad():` instead.
  outputs = model(Variable(tempInputs, volatile=True))
/gpfs/accounts/sunwbgt_root/sunwbgt98/xysong/deep_Mahalanobis_detector/lib_generation.py:255: UserWarning: volatile was removed and now has no effect. Use `with torch.no_grad():` instead.
  outputs = model(Variable(tempInputs, volatile=True))
Testing set size: 5000, 5000
######################################
Testing on ImageNet-c
Out-distribution: imagenet-c
Testing set size: 5000, 4000
Files already downloaded and verified
Files already downloaded and verified
Out-distribution: cifar10
/gpfs/accounts/sunwbgt_root/sunwbgt98/xysong/deep_Mahalanobis_detector/lib_generation.py:255: UserWarning: volatile was removed and now has no effect. Use `with torch.no_grad():` instead.
  outputs = model(Variable(tempInputs, volatile=True))
Testing set size: 5000, 5000
/gpfs/accounts/sunwbgt_root/sunwbgt98/xysong/deep_Mahalanobis_detector/lib_generation.py:255: UserWarning: volatile was removed and now has no effect. Use `with torch.no_grad():` instead.
  outputs = model(Variable(tempInputs, volatile=True))
Temperature: 100 / noise: 0.0014
Out-distribution: fm
Testing set size: 5000, 4000
Using downloaded and verified file: ./data/svhn-data/train_32x32.mat
Using downloaded and verified file: ./data/svhn-data/test_32x32.mat
Out-distribution: svhn
/gpfs/accounts/sunwbgt_root/sunwbgt98/xysong/deep_Mahalanobis_detector/lib_generation.py:255: UserWarning: volatile was removed and now has no effect. Use `with torch.no_grad():` instead.
  outputs = model(Variable(tempInputs, volatile=True))
/gpfs/accounts/sunwbgt_root/sunwbgt98/xysong/deep_Mahalanobis_detector/lib_generation.py:255: UserWarning: volatile was removed and now has no effect. Use `with torch.no_grad():` instead.
  outputs = model(Variable(tempInputs, volatile=True))
Testing set size: 5000, 5000
######################################
Testing on ImageNet-c
Out-distribution: imagenet-c
Testing set size: 5000, 4000
Files already downloaded and verified
Files already downloaded and verified
Out-distribution: cifar10
/gpfs/accounts/sunwbgt_root/sunwbgt98/xysong/deep_Mahalanobis_detector/lib_generation.py:255: UserWarning: volatile was removed and now has no effect. Use `with torch.no_grad():` instead.
  outputs = model(Variable(tempInputs, volatile=True))
Testing set size: 5000, 5000
/gpfs/accounts/sunwbgt_root/sunwbgt98/xysong/deep_Mahalanobis_detector/lib_generation.py:255: UserWarning: volatile was removed and now has no effect. Use `with torch.no_grad():` instead.
  outputs = model(Variable(tempInputs, volatile=True))
Temperature: 100 / noise: 0.002
Out-distribution: fm
Testing set size: 5000, 4000
Using downloaded and verified file: ./data/svhn-data/train_32x32.mat
Using downloaded and verified file: ./data/svhn-data/test_32x32.mat
Out-distribution: svhn
/gpfs/accounts/sunwbgt_root/sunwbgt98/xysong/deep_Mahalanobis_detector/lib_generation.py:255: UserWarning: volatile was removed and now has no effect. Use `with torch.no_grad():` instead.
  outputs = model(Variable(tempInputs, volatile=True))
/gpfs/accounts/sunwbgt_root/sunwbgt98/xysong/deep_Mahalanobis_detector/lib_generation.py:255: UserWarning: volatile was removed and now has no effect. Use `with torch.no_grad():` instead.
  outputs = model(Variable(tempInputs, volatile=True))
Testing set size: 5000, 5000
######################################
Testing on ImageNet-c
Out-distribution: imagenet-c
Testing set size: 5000, 4000
Files already downloaded and verified
Files already downloaded and verified
Out-distribution: cifar10
/gpfs/accounts/sunwbgt_root/sunwbgt98/xysong/deep_Mahalanobis_detector/lib_generation.py:255: UserWarning: volatile was removed and now has no effect. Use `with torch.no_grad():` instead.
  outputs = model(Variable(tempInputs, volatile=True))
Testing set size: 5000, 5000
/gpfs/accounts/sunwbgt_root/sunwbgt98/xysong/deep_Mahalanobis_detector/lib_generation.py:255: UserWarning: volatile was removed and now has no effect. Use `with torch.no_grad():` instead.
  outputs = model(Variable(tempInputs, volatile=True))
Temperature: 100 / noise: 0.0024
Out-distribution: fm
Testing set size: 5000, 4000
Using downloaded and verified file: ./data/svhn-data/train_32x32.mat
Using downloaded and verified file: ./data/svhn-data/test_32x32.mat
Out-distribution: svhn
/gpfs/accounts/sunwbgt_root/sunwbgt98/xysong/deep_Mahalanobis_detector/lib_generation.py:255: UserWarning: volatile was removed and now has no effect. Use `with torch.no_grad():` instead.
  outputs = model(Variable(tempInputs, volatile=True))
/gpfs/accounts/sunwbgt_root/sunwbgt98/xysong/deep_Mahalanobis_detector/lib_generation.py:255: UserWarning: volatile was removed and now has no effect. Use `with torch.no_grad():` instead.
  outputs = model(Variable(tempInputs, volatile=True))
Testing set size: 5000, 5000
######################################
Testing on ImageNet-c
Out-distribution: imagenet-c
Testing set size: 5000, 4000
Files already downloaded and verified
Files already downloaded and verified
Out-distribution: cifar10
/gpfs/accounts/sunwbgt_root/sunwbgt98/xysong/deep_Mahalanobis_detector/lib_generation.py:255: UserWarning: volatile was removed and now has no effect. Use `with torch.no_grad():` instead.
  outputs = model(Variable(tempInputs, volatile=True))
Testing set size: 5000, 5000
/gpfs/accounts/sunwbgt_root/sunwbgt98/xysong/deep_Mahalanobis_detector/lib_generation.py:255: UserWarning: volatile was removed and now has no effect. Use `with torch.no_grad():` instead.
  outputs = model(Variable(tempInputs, volatile=True))
Temperature: 100 / noise: 0.005
Out-distribution: fm
Testing set size: 5000, 4000
Using downloaded and verified file: ./data/svhn-data/train_32x32.mat
Using downloaded and verified file: ./data/svhn-data/test_32x32.mat
Out-distribution: svhn
/gpfs/accounts/sunwbgt_root/sunwbgt98/xysong/deep_Mahalanobis_detector/lib_generation.py:255: UserWarning: volatile was removed and now has no effect. Use `with torch.no_grad():` instead.
  outputs = model(Variable(tempInputs, volatile=True))
/gpfs/accounts/sunwbgt_root/sunwbgt98/xysong/deep_Mahalanobis_detector/lib_generation.py:255: UserWarning: volatile was removed and now has no effect. Use `with torch.no_grad():` instead.
  outputs = model(Variable(tempInputs, volatile=True))
Testing set size: 5000, 5000
######################################
Testing on ImageNet-c
Out-distribution: imagenet-c
Testing set size: 5000, 4000
Files already downloaded and verified
Files already downloaded and verified
Out-distribution: cifar10
/gpfs/accounts/sunwbgt_root/sunwbgt98/xysong/deep_Mahalanobis_detector/lib_generation.py:255: UserWarning: volatile was removed and now has no effect. Use `with torch.no_grad():` instead.
  outputs = model(Variable(tempInputs, volatile=True))
Testing set size: 5000, 5000
/gpfs/accounts/sunwbgt_root/sunwbgt98/xysong/deep_Mahalanobis_detector/lib_generation.py:255: UserWarning: volatile was removed and now has no effect. Use `with torch.no_grad():` instead.
  outputs = model(Variable(tempInputs, volatile=True))
Temperature: 100 / noise: 0.01
Out-distribution: fm
Testing set size: 5000, 4000
Using downloaded and verified file: ./data/svhn-data/train_32x32.mat
Using downloaded and verified file: ./data/svhn-data/test_32x32.mat
Out-distribution: svhn
/gpfs/accounts/sunwbgt_root/sunwbgt98/xysong/deep_Mahalanobis_detector/lib_generation.py:255: UserWarning: volatile was removed and now has no effect. Use `with torch.no_grad():` instead.
  outputs = model(Variable(tempInputs, volatile=True))
/gpfs/accounts/sunwbgt_root/sunwbgt98/xysong/deep_Mahalanobis_detector/lib_generation.py:255: UserWarning: volatile was removed and now has no effect. Use `with torch.no_grad():` instead.
  outputs = model(Variable(tempInputs, volatile=True))
Testing set size: 5000, 5000
######################################
Testing on ImageNet-c
Out-distribution: imagenet-c
Testing set size: 5000, 4000
Files already downloaded and verified
Files already downloaded and verified
Out-distribution: cifar10
/gpfs/accounts/sunwbgt_root/sunwbgt98/xysong/deep_Mahalanobis_detector/lib_generation.py:255: UserWarning: volatile was removed and now has no effect. Use `with torch.no_grad():` instead.
  outputs = model(Variable(tempInputs, volatile=True))
Testing set size: 5000, 5000
/gpfs/accounts/sunwbgt_root/sunwbgt98/xysong/deep_Mahalanobis_detector/lib_generation.py:255: UserWarning: volatile was removed and now has no effect. Use `with torch.no_grad():` instead.
  outputs = model(Variable(tempInputs, volatile=True))
Temperature: 100 / noise: 0.05
Out-distribution: fm
Testing set size: 5000, 4000
Using downloaded and verified file: ./data/svhn-data/train_32x32.mat
Using downloaded and verified file: ./data/svhn-data/test_32x32.mat
Out-distribution: svhn
/gpfs/accounts/sunwbgt_root/sunwbgt98/xysong/deep_Mahalanobis_detector/lib_generation.py:255: UserWarning: volatile was removed and now has no effect. Use `with torch.no_grad():` instead.
  outputs = model(Variable(tempInputs, volatile=True))
/gpfs/accounts/sunwbgt_root/sunwbgt98/xysong/deep_Mahalanobis_detector/lib_generation.py:255: UserWarning: volatile was removed and now has no effect. Use `with torch.no_grad():` instead.
  outputs = model(Variable(tempInputs, volatile=True))
Testing set size: 5000, 5000
######################################
Testing on ImageNet-c
Out-distribution: imagenet-c
Testing set size: 5000, 4000
Files already downloaded and verified
Files already downloaded and verified
Out-distribution: cifar10
/gpfs/accounts/sunwbgt_root/sunwbgt98/xysong/deep_Mahalanobis_detector/lib_generation.py:255: UserWarning: volatile was removed and now has no effect. Use `with torch.no_grad():` instead.
  outputs = model(Variable(tempInputs, volatile=True))
Testing set size: 5000, 5000
/gpfs/accounts/sunwbgt_root/sunwbgt98/xysong/deep_Mahalanobis_detector/lib_generation.py:255: UserWarning: volatile was removed and now has no effect. Use `with torch.no_grad():` instead.
  outputs = model(Variable(tempInputs, volatile=True))
Temperature: 100 / noise: 0.1
Out-distribution: fm
Testing set size: 5000, 4000
Using downloaded and verified file: ./data/svhn-data/train_32x32.mat
Using downloaded and verified file: ./data/svhn-data/test_32x32.mat
Out-distribution: svhn
/gpfs/accounts/sunwbgt_root/sunwbgt98/xysong/deep_Mahalanobis_detector/lib_generation.py:255: UserWarning: volatile was removed and now has no effect. Use `with torch.no_grad():` instead.
  outputs = model(Variable(tempInputs, volatile=True))
/gpfs/accounts/sunwbgt_root/sunwbgt98/xysong/deep_Mahalanobis_detector/lib_generation.py:255: UserWarning: volatile was removed and now has no effect. Use `with torch.no_grad():` instead.
  outputs = model(Variable(tempInputs, volatile=True))
Testing set size: 5000, 5000
######################################
Testing on ImageNet-c
Out-distribution: imagenet-c
Testing set size: 5000, 4000
Files already downloaded and verified
Files already downloaded and verified
Out-distribution: cifar10
/gpfs/accounts/sunwbgt_root/sunwbgt98/xysong/deep_Mahalanobis_detector/lib_generation.py:255: UserWarning: volatile was removed and now has no effect. Use `with torch.no_grad():` instead.
  outputs = model(Variable(tempInputs, volatile=True))
Testing set size: 5000, 5000
/gpfs/accounts/sunwbgt_root/sunwbgt98/xysong/deep_Mahalanobis_detector/lib_generation.py:255: UserWarning: volatile was removed and now has no effect. Use `with torch.no_grad():` instead.
  outputs = model(Variable(tempInputs, volatile=True))
Temperature: 100 / noise: 0.2
Out-distribution: fm
Testing set size: 5000, 4000
Using downloaded and verified file: ./data/svhn-data/train_32x32.mat
Using downloaded and verified file: ./data/svhn-data/test_32x32.mat
Out-distribution: svhn
/gpfs/accounts/sunwbgt_root/sunwbgt98/xysong/deep_Mahalanobis_detector/lib_generation.py:255: UserWarning: volatile was removed and now has no effect. Use `with torch.no_grad():` instead.
  outputs = model(Variable(tempInputs, volatile=True))
/gpfs/accounts/sunwbgt_root/sunwbgt98/xysong/deep_Mahalanobis_detector/lib_generation.py:255: UserWarning: volatile was removed and now has no effect. Use `with torch.no_grad():` instead.
  outputs = model(Variable(tempInputs, volatile=True))
Testing set size: 5000, 5000
######################################
Testing on ImageNet-c
Out-distribution: imagenet-c
Testing set size: 5000, 4000
Files already downloaded and verified
Files already downloaded and verified
Out-distribution: cifar10
/gpfs/accounts/sunwbgt_root/sunwbgt98/xysong/deep_Mahalanobis_detector/lib_generation.py:255: UserWarning: volatile was removed and now has no effect. Use `with torch.no_grad():` instead.
  outputs = model(Variable(tempInputs, volatile=True))

 75%|███████▌  | 3/4 [37:25<12:28, 748.55s/it]Testing set size: 5000, 5000
/gpfs/accounts/sunwbgt_root/sunwbgt98/xysong/deep_Mahalanobis_detector/lib_generation.py:255: UserWarning: volatile was removed and now has no effect. Use `with torch.no_grad():` instead.
  outputs = model(Variable(tempInputs, volatile=True))
Temperature: 1000 / noise: 0
Out-distribution: fm
Testing set size: 5000, 4000
Using downloaded and verified file: ./data/svhn-data/train_32x32.mat
Using downloaded and verified file: ./data/svhn-data/test_32x32.mat
Out-distribution: svhn
/gpfs/accounts/sunwbgt_root/sunwbgt98/xysong/deep_Mahalanobis_detector/lib_generation.py:255: UserWarning: volatile was removed and now has no effect. Use `with torch.no_grad():` instead.
  outputs = model(Variable(tempInputs, volatile=True))
/gpfs/accounts/sunwbgt_root/sunwbgt98/xysong/deep_Mahalanobis_detector/lib_generation.py:255: UserWarning: volatile was removed and now has no effect. Use `with torch.no_grad():` instead.
  outputs = model(Variable(tempInputs, volatile=True))
Testing set size: 5000, 5000
######################################
Testing on ImageNet-c
Out-distribution: imagenet-c
Testing set size: 5000, 4000
Files already downloaded and verified
Files already downloaded and verified
Out-distribution: cifar10
/gpfs/accounts/sunwbgt_root/sunwbgt98/xysong/deep_Mahalanobis_detector/lib_generation.py:255: UserWarning: volatile was removed and now has no effect. Use `with torch.no_grad():` instead.
  outputs = model(Variable(tempInputs, volatile=True))
Testing set size: 5000, 5000
/gpfs/accounts/sunwbgt_root/sunwbgt98/xysong/deep_Mahalanobis_detector/lib_generation.py:255: UserWarning: volatile was removed and now has no effect. Use `with torch.no_grad():` instead.
  outputs = model(Variable(tempInputs, volatile=True))
Temperature: 1000 / noise: 0.0005
Out-distribution: fm
Testing set size: 5000, 4000
Using downloaded and verified file: ./data/svhn-data/train_32x32.mat
Using downloaded and verified file: ./data/svhn-data/test_32x32.mat
Out-distribution: svhn
/gpfs/accounts/sunwbgt_root/sunwbgt98/xysong/deep_Mahalanobis_detector/lib_generation.py:255: UserWarning: volatile was removed and now has no effect. Use `with torch.no_grad():` instead.
  outputs = model(Variable(tempInputs, volatile=True))
/gpfs/accounts/sunwbgt_root/sunwbgt98/xysong/deep_Mahalanobis_detector/lib_generation.py:255: UserWarning: volatile was removed and now has no effect. Use `with torch.no_grad():` instead.
  outputs = model(Variable(tempInputs, volatile=True))
Testing set size: 5000, 5000
######################################
Testing on ImageNet-c
Out-distribution: imagenet-c
Testing set size: 5000, 4000
Files already downloaded and verified
Files already downloaded and verified
Out-distribution: cifar10
/gpfs/accounts/sunwbgt_root/sunwbgt98/xysong/deep_Mahalanobis_detector/lib_generation.py:255: UserWarning: volatile was removed and now has no effect. Use `with torch.no_grad():` instead.
  outputs = model(Variable(tempInputs, volatile=True))
Testing set size: 5000, 5000
/gpfs/accounts/sunwbgt_root/sunwbgt98/xysong/deep_Mahalanobis_detector/lib_generation.py:255: UserWarning: volatile was removed and now has no effect. Use `with torch.no_grad():` instead.
  outputs = model(Variable(tempInputs, volatile=True))
Temperature: 1000 / noise: 0.001
Out-distribution: fm
Testing set size: 5000, 4000
Using downloaded and verified file: ./data/svhn-data/train_32x32.mat
Using downloaded and verified file: ./data/svhn-data/test_32x32.mat
Out-distribution: svhn
/gpfs/accounts/sunwbgt_root/sunwbgt98/xysong/deep_Mahalanobis_detector/lib_generation.py:255: UserWarning: volatile was removed and now has no effect. Use `with torch.no_grad():` instead.
  outputs = model(Variable(tempInputs, volatile=True))
/gpfs/accounts/sunwbgt_root/sunwbgt98/xysong/deep_Mahalanobis_detector/lib_generation.py:255: UserWarning: volatile was removed and now has no effect. Use `with torch.no_grad():` instead.
  outputs = model(Variable(tempInputs, volatile=True))
Testing set size: 5000, 5000
######################################
Testing on ImageNet-c
Out-distribution: imagenet-c
Testing set size: 5000, 4000
Files already downloaded and verified
Files already downloaded and verified
Out-distribution: cifar10
/gpfs/accounts/sunwbgt_root/sunwbgt98/xysong/deep_Mahalanobis_detector/lib_generation.py:255: UserWarning: volatile was removed and now has no effect. Use `with torch.no_grad():` instead.
  outputs = model(Variable(tempInputs, volatile=True))
Testing set size: 5000, 5000
/gpfs/accounts/sunwbgt_root/sunwbgt98/xysong/deep_Mahalanobis_detector/lib_generation.py:255: UserWarning: volatile was removed and now has no effect. Use `with torch.no_grad():` instead.
  outputs = model(Variable(tempInputs, volatile=True))
Temperature: 1000 / noise: 0.0014
Out-distribution: fm
Testing set size: 5000, 4000
Using downloaded and verified file: ./data/svhn-data/train_32x32.mat
Using downloaded and verified file: ./data/svhn-data/test_32x32.mat
Out-distribution: svhn
/gpfs/accounts/sunwbgt_root/sunwbgt98/xysong/deep_Mahalanobis_detector/lib_generation.py:255: UserWarning: volatile was removed and now has no effect. Use `with torch.no_grad():` instead.
  outputs = model(Variable(tempInputs, volatile=True))
/gpfs/accounts/sunwbgt_root/sunwbgt98/xysong/deep_Mahalanobis_detector/lib_generation.py:255: UserWarning: volatile was removed and now has no effect. Use `with torch.no_grad():` instead.
  outputs = model(Variable(tempInputs, volatile=True))
Testing set size: 5000, 5000
######################################
Testing on ImageNet-c
Out-distribution: imagenet-c
Testing set size: 5000, 4000
Files already downloaded and verified
Files already downloaded and verified
Out-distribution: cifar10
/gpfs/accounts/sunwbgt_root/sunwbgt98/xysong/deep_Mahalanobis_detector/lib_generation.py:255: UserWarning: volatile was removed and now has no effect. Use `with torch.no_grad():` instead.
  outputs = model(Variable(tempInputs, volatile=True))
Testing set size: 5000, 5000
/gpfs/accounts/sunwbgt_root/sunwbgt98/xysong/deep_Mahalanobis_detector/lib_generation.py:255: UserWarning: volatile was removed and now has no effect. Use `with torch.no_grad():` instead.
  outputs = model(Variable(tempInputs, volatile=True))
Temperature: 1000 / noise: 0.002
Out-distribution: fm
Testing set size: 5000, 4000
Using downloaded and verified file: ./data/svhn-data/train_32x32.mat
Using downloaded and verified file: ./data/svhn-data/test_32x32.mat
Out-distribution: svhn
/gpfs/accounts/sunwbgt_root/sunwbgt98/xysong/deep_Mahalanobis_detector/lib_generation.py:255: UserWarning: volatile was removed and now has no effect. Use `with torch.no_grad():` instead.
  outputs = model(Variable(tempInputs, volatile=True))
/gpfs/accounts/sunwbgt_root/sunwbgt98/xysong/deep_Mahalanobis_detector/lib_generation.py:255: UserWarning: volatile was removed and now has no effect. Use `with torch.no_grad():` instead.
  outputs = model(Variable(tempInputs, volatile=True))
Testing set size: 5000, 5000
######################################
Testing on ImageNet-c
Out-distribution: imagenet-c
Testing set size: 5000, 4000
Files already downloaded and verified
Files already downloaded and verified
Out-distribution: cifar10
/gpfs/accounts/sunwbgt_root/sunwbgt98/xysong/deep_Mahalanobis_detector/lib_generation.py:255: UserWarning: volatile was removed and now has no effect. Use `with torch.no_grad():` instead.
  outputs = model(Variable(tempInputs, volatile=True))
Testing set size: 5000, 5000
/gpfs/accounts/sunwbgt_root/sunwbgt98/xysong/deep_Mahalanobis_detector/lib_generation.py:255: UserWarning: volatile was removed and now has no effect. Use `with torch.no_grad():` instead.
  outputs = model(Variable(tempInputs, volatile=True))
Temperature: 1000 / noise: 0.0024
Out-distribution: fm
Testing set size: 5000, 4000
Using downloaded and verified file: ./data/svhn-data/train_32x32.mat
Using downloaded and verified file: ./data/svhn-data/test_32x32.mat
Out-distribution: svhn
/gpfs/accounts/sunwbgt_root/sunwbgt98/xysong/deep_Mahalanobis_detector/lib_generation.py:255: UserWarning: volatile was removed and now has no effect. Use `with torch.no_grad():` instead.
  outputs = model(Variable(tempInputs, volatile=True))
/gpfs/accounts/sunwbgt_root/sunwbgt98/xysong/deep_Mahalanobis_detector/lib_generation.py:255: UserWarning: volatile was removed and now has no effect. Use `with torch.no_grad():` instead.
  outputs = model(Variable(tempInputs, volatile=True))
Testing set size: 5000, 5000
######################################
Testing on ImageNet-c
Out-distribution: imagenet-c
Testing set size: 5000, 4000
Files already downloaded and verified
Files already downloaded and verified
Out-distribution: cifar10
/gpfs/accounts/sunwbgt_root/sunwbgt98/xysong/deep_Mahalanobis_detector/lib_generation.py:255: UserWarning: volatile was removed and now has no effect. Use `with torch.no_grad():` instead.
  outputs = model(Variable(tempInputs, volatile=True))
Testing set size: 5000, 5000
/gpfs/accounts/sunwbgt_root/sunwbgt98/xysong/deep_Mahalanobis_detector/lib_generation.py:255: UserWarning: volatile was removed and now has no effect. Use `with torch.no_grad():` instead.
  outputs = model(Variable(tempInputs, volatile=True))
Temperature: 1000 / noise: 0.005
Out-distribution: fm
Testing set size: 5000, 4000
Using downloaded and verified file: ./data/svhn-data/train_32x32.mat
Using downloaded and verified file: ./data/svhn-data/test_32x32.mat
Out-distribution: svhn
/gpfs/accounts/sunwbgt_root/sunwbgt98/xysong/deep_Mahalanobis_detector/lib_generation.py:255: UserWarning: volatile was removed and now has no effect. Use `with torch.no_grad():` instead.
  outputs = model(Variable(tempInputs, volatile=True))
/gpfs/accounts/sunwbgt_root/sunwbgt98/xysong/deep_Mahalanobis_detector/lib_generation.py:255: UserWarning: volatile was removed and now has no effect. Use `with torch.no_grad():` instead.
  outputs = model(Variable(tempInputs, volatile=True))
Testing set size: 5000, 5000
######################################
Testing on ImageNet-c
Out-distribution: imagenet-c
Testing set size: 5000, 4000
Files already downloaded and verified
Files already downloaded and verified
Out-distribution: cifar10
/gpfs/accounts/sunwbgt_root/sunwbgt98/xysong/deep_Mahalanobis_detector/lib_generation.py:255: UserWarning: volatile was removed and now has no effect. Use `with torch.no_grad():` instead.
  outputs = model(Variable(tempInputs, volatile=True))
Testing set size: 5000, 5000
/gpfs/accounts/sunwbgt_root/sunwbgt98/xysong/deep_Mahalanobis_detector/lib_generation.py:255: UserWarning: volatile was removed and now has no effect. Use `with torch.no_grad():` instead.
  outputs = model(Variable(tempInputs, volatile=True))
Temperature: 1000 / noise: 0.01
Out-distribution: fm
Testing set size: 5000, 4000
Using downloaded and verified file: ./data/svhn-data/train_32x32.mat
Using downloaded and verified file: ./data/svhn-data/test_32x32.mat
Out-distribution: svhn
/gpfs/accounts/sunwbgt_root/sunwbgt98/xysong/deep_Mahalanobis_detector/lib_generation.py:255: UserWarning: volatile was removed and now has no effect. Use `with torch.no_grad():` instead.
  outputs = model(Variable(tempInputs, volatile=True))
/gpfs/accounts/sunwbgt_root/sunwbgt98/xysong/deep_Mahalanobis_detector/lib_generation.py:255: UserWarning: volatile was removed and now has no effect. Use `with torch.no_grad():` instead.
  outputs = model(Variable(tempInputs, volatile=True))
Testing set size: 5000, 5000
######################################
Testing on ImageNet-c
Out-distribution: imagenet-c
Testing set size: 5000, 4000
Files already downloaded and verified
Files already downloaded and verified
Out-distribution: cifar10
/gpfs/accounts/sunwbgt_root/sunwbgt98/xysong/deep_Mahalanobis_detector/lib_generation.py:255: UserWarning: volatile was removed and now has no effect. Use `with torch.no_grad():` instead.
  outputs = model(Variable(tempInputs, volatile=True))
Testing set size: 5000, 5000
/gpfs/accounts/sunwbgt_root/sunwbgt98/xysong/deep_Mahalanobis_detector/lib_generation.py:255: UserWarning: volatile was removed and now has no effect. Use `with torch.no_grad():` instead.
  outputs = model(Variable(tempInputs, volatile=True))
Temperature: 1000 / noise: 0.05
Out-distribution: fm
Testing set size: 5000, 4000
Using downloaded and verified file: ./data/svhn-data/train_32x32.mat
Using downloaded and verified file: ./data/svhn-data/test_32x32.mat
Out-distribution: svhn
/gpfs/accounts/sunwbgt_root/sunwbgt98/xysong/deep_Mahalanobis_detector/lib_generation.py:255: UserWarning: volatile was removed and now has no effect. Use `with torch.no_grad():` instead.
  outputs = model(Variable(tempInputs, volatile=True))
/gpfs/accounts/sunwbgt_root/sunwbgt98/xysong/deep_Mahalanobis_detector/lib_generation.py:255: UserWarning: volatile was removed and now has no effect. Use `with torch.no_grad():` instead.
  outputs = model(Variable(tempInputs, volatile=True))
Testing set size: 5000, 5000
######################################
Testing on ImageNet-c
Out-distribution: imagenet-c
Testing set size: 5000, 4000
Files already downloaded and verified
Files already downloaded and verified
Out-distribution: cifar10
/gpfs/accounts/sunwbgt_root/sunwbgt98/xysong/deep_Mahalanobis_detector/lib_generation.py:255: UserWarning: volatile was removed and now has no effect. Use `with torch.no_grad():` instead.
  outputs = model(Variable(tempInputs, volatile=True))
Testing set size: 5000, 5000
/gpfs/accounts/sunwbgt_root/sunwbgt98/xysong/deep_Mahalanobis_detector/lib_generation.py:255: UserWarning: volatile was removed and now has no effect. Use `with torch.no_grad():` instead.
  outputs = model(Variable(tempInputs, volatile=True))
Temperature: 1000 / noise: 0.1
Out-distribution: fm
Testing set size: 5000, 4000
Using downloaded and verified file: ./data/svhn-data/train_32x32.mat
Using downloaded and verified file: ./data/svhn-data/test_32x32.mat
Out-distribution: svhn
/gpfs/accounts/sunwbgt_root/sunwbgt98/xysong/deep_Mahalanobis_detector/lib_generation.py:255: UserWarning: volatile was removed and now has no effect. Use `with torch.no_grad():` instead.
  outputs = model(Variable(tempInputs, volatile=True))
/gpfs/accounts/sunwbgt_root/sunwbgt98/xysong/deep_Mahalanobis_detector/lib_generation.py:255: UserWarning: volatile was removed and now has no effect. Use `with torch.no_grad():` instead.
  outputs = model(Variable(tempInputs, volatile=True))
Testing set size: 5000, 5000
######################################
Testing on ImageNet-c
Out-distribution: imagenet-c
Testing set size: 5000, 4000
Files already downloaded and verified
Files already downloaded and verified
Out-distribution: cifar10
/gpfs/accounts/sunwbgt_root/sunwbgt98/xysong/deep_Mahalanobis_detector/lib_generation.py:255: UserWarning: volatile was removed and now has no effect. Use `with torch.no_grad():` instead.
  outputs = model(Variable(tempInputs, volatile=True))
Testing set size: 5000, 5000
/gpfs/accounts/sunwbgt_root/sunwbgt98/xysong/deep_Mahalanobis_detector/lib_generation.py:255: UserWarning: volatile was removed and now has no effect. Use `with torch.no_grad():` instead.
  outputs = model(Variable(tempInputs, volatile=True))
Temperature: 1000 / noise: 0.2
Out-distribution: fm
Testing set size: 5000, 4000
Using downloaded and verified file: ./data/svhn-data/train_32x32.mat
Using downloaded and verified file: ./data/svhn-data/test_32x32.mat
Out-distribution: svhn
/gpfs/accounts/sunwbgt_root/sunwbgt98/xysong/deep_Mahalanobis_detector/lib_generation.py:255: UserWarning: volatile was removed and now has no effect. Use `with torch.no_grad():` instead.
  outputs = model(Variable(tempInputs, volatile=True))
/gpfs/accounts/sunwbgt_root/sunwbgt98/xysong/deep_Mahalanobis_detector/lib_generation.py:255: UserWarning: volatile was removed and now has no effect. Use `with torch.no_grad():` instead.
  outputs = model(Variable(tempInputs, volatile=True))
Testing set size: 5000, 5000
######################################
Testing on ImageNet-c
Out-distribution: imagenet-c
Testing set size: 5000, 4000
Files already downloaded and verified
Files already downloaded and verified
Out-distribution: cifar10
/gpfs/accounts/sunwbgt_root/sunwbgt98/xysong/deep_Mahalanobis_detector/lib_generation.py:255: UserWarning: volatile was removed and now has no effect. Use `with torch.no_grad():` instead.
  outputs = model(Variable(tempInputs, volatile=True))

100%|██████████| 4/4 [49:54<00:00, 748.67s/it]
100%|██████████| 4/4 [49:54<00:00, 748.64s/it]
Testing set size: 5000, 5000
Baseline method: in_distribution: mnist==========
out_distribution: fm
95.0
24.0
60.0
out_distribution: svhn
95.0
7.000000000000001
24.0
out_distribution: imagenet-c
95.0
5.0
16.0
out_distribution: cifar10
95.0
7.000000000000001
25.0
ODIN method: in_distribution: mnist==========
out_distribution: fm
IND ACC
[95. 95. 95. 94. 95. 94. 95. 95. 94. 96. 94. 94. 94. 95. 97. 95. 95. 94.
 95. 94. 95. 95. 95. 93. 94. 94. 94. 96. 96. 95. 95. 95. 94. 95. 95. 94.
 96. 95. 94. 97. 96. 95. 95.]
95.0
OOD ACC
[17. 13.  8.  5.  4.  1.  2.  2.  5.  7.  9.  7.  6.  5.  4.  4.  3.  2.
  0.  0. 12.  7.  6.  5.  4.  4.  3.  2.  2.  0.  1. 24.  8.  6.  5.  4.
  3.  3.  2.  2.  0.  1. 24.]
5.0
AUROC
[53. 43. 37. 30. 28. 25. 29. 34. 42. 53. 27. 25. 23. 22. 21. 20. 19. 19.
 18. 24. 50. 21. 20. 18. 18. 17. 17. 16. 15.  9. 20. 48. 21. 19. 18. 17.
 17. 17. 15. 15.  8. 20. 48.]
25.0
out_distribution: svhn
IND ACC
[95. 95. 95. 94. 95. 94. 95. 95. 94. 96. 94. 94. 94. 95. 97. 95. 95. 94.
 95. 94. 95. 95. 95. 93. 94. 94. 94. 96. 96. 95. 95. 95. 94. 95. 95. 94.
 96. 95. 94. 97. 96. 95. 95.]
95.0
OOD ACC
[ 2.  0.  0.  0.  0.  0.  0.  1.  3.  4.  0.  0.  0.  0.  0.  0.  0.  0.
  0.  0. 11.  0.  0.  0.  0.  0.  0.  0.  0.  0.  0. 37.  0.  0.  0.  0.
  0.  0.  0.  0.  0.  0. 41.]
2.0
AUROC
[16.  9.  5.  3.  2.  3.  6. 24. 34. 45.  1.  1.  1.  1.  1.  1.  1.  1.
  6. 17. 49.  1.  1.  0.  0.  0.  0.  0.  1.  0. 16. 58.  1.  0.  0.  0.
  0.  0.  0.  1.  0. 15. 63.]
9.0
out_distribution: imagenet-c
IND ACC
[95. 95. 95. 94. 95. 94. 95. 95. 94. 96. 94. 94. 94. 95. 97. 95. 95. 94.
 95. 94. 95. 95. 95. 93. 94. 94. 94. 96. 96. 95. 95. 95. 94. 95. 95. 94.
 96. 95. 94. 97. 96. 95. 95.]
95.0
OOD ACC
[3. 1. 0. 0. 0. 0. 1. 0. 3. 4. 0. 0. 0. 0. 0. 0. 0. 0. 0. 0. 2. 0. 0. 0.
 0. 0. 0. 0. 0. 0. 0. 0. 0. 0. 0. 0. 0. 0. 0. 0. 0. 0. 0.]
0.0
AUROC
[14. 10.  7.  4.  4.  5. 12. 16. 23. 45.  2.  1.  1.  1.  1.  1.  1.  1.
  2.  3. 14.  1.  1.  0.  0.  0.  0.  0.  0.  0.  1.  3.  0.  0.  0.  0.
  0.  0.  0.  0.  0.  1.  2.]
4.0
out_distribution: cifar10
IND ACC
[95. 95. 95. 94. 95. 94. 95. 95. 94. 96. 94. 94. 94. 95. 97. 95. 95. 94.
 95. 94. 95. 95. 95. 93. 94. 94. 94. 96. 96. 95. 95. 95. 94. 95. 95. 94.
 96. 95. 94. 97. 96. 95. 95.]
95.0
OOD ACC
[ 2.  0.  0.  0.  0.  0.  0.  0.  6.  9.  0.  0.  0.  0.  0.  0.  0.  0.
  0.  0. 21.  0.  0.  0.  0.  0.  0.  0.  0.  0.  0. 30.  0.  0.  0.  0.
  0.  0.  0.  0.  0.  0. 31.]
2.0
AUROC
[18. 10.  6.  3.  2.  3.  7. 19. 47. 57.  1.  1.  1.  1.  0.  0.  0.  1.
  3. 21. 70.  0.  0.  0.  0.  0.  0.  0.  0.  0.  4. 64.  0.  0.  0.  0.
  0.  0.  0.  0.  0.  4. 63.]
10.0
