ic| len(dset): 60000
ic| len(dset): 10000
/gpfs/accounts/sunwbgt_root/sunwbgt98/xysong/deep_Mahalanobis_detector/lib_generation.py:254: UserWarning: This overload of add is deprecated:
	add(Tensor input, Number alpha, Tensor other, *, Tensor out)
Consider using one of the following signatures instead:
	add(Tensor input, Tensor other, *, Number alpha, Tensor out) (Triggered internally at  ../torch/csrc/utils/python_arg_parser.cpp:1174.)
  tempInputs = torch.add(data.data,  -magnitude, gradient)
/gpfs/accounts/sunwbgt_root/sunwbgt98/xysong/deep_Mahalanobis_detector/lib_generation.py:255: UserWarning: volatile was removed and now has no effect. Use `with torch.no_grad():` instead.
  outputs = model(Variable(tempInputs, volatile=True))
ic| len(dset): 60000
ic| len(dset): 10000
ic| len(dset): 60000
ic| len(dset): 10000
ic| len(dset): 60000
ic| len(dset): 10000
ic| len(dset): 60000
ic| len(dset): 10000
ic| len(dset): 60000
ic| len(dset): 10000
ic| len(dset): 60000
ic| len(dset): 10000
ic| len(dset): 60000
ic| len(dset): 10000
ic| len(dset): 60000
ic| len(dset): 10000
ic| len(dset): 60000
ic| len(dset): 10000
ic| len(dset): 60000
ic| len(dset): 10000
ic| len(dset): 60000
ic| len(dset): 10000
ic| len(dset): 60000
ic| len(dset): 10000
ic| len(dset): 60000
ic| len(dset): 10000
ic| len(dset): 60000
ic| len(dset): 10000
ic| len(dset): 60000
ic| len(dset): 10000
ic| len(dset): 60000
ic| len(dset): 10000
ic| len(dset): 60000
ic| len(dset): 10000
ic| len(dset): 60000
ic| len(dset): 10000
ic| len(dset): 60000
ic| len(dset): 10000
ic| len(dset): 60000
ic| len(dset): 10000
ic| len(dset): 60000
ic| len(dset): 10000
ic| len(dset): 60000
ic| len(dset): 10000
ic| len(dset): 60000
ic| len(dset): 10000
ic| len(dset): 60000
ic| len(dset): 10000
ic| len(dset): 60000
ic| len(dset): 10000
ic| len(dset): 60000
ic| len(dset): 10000
ic| len(dset): 60000
ic| len(dset): 10000
ic| len(dset): 60000
ic| len(dset): 10000
ic| len(dset): 60000
ic| len(dset): 10000
ic| len(dset): 60000
ic| len(dset): 10000
ic| len(dset): 60000
ic| len(dset): 10000
ic| len(dset): 60000
ic| len(dset): 10000
ic| len(dset): 60000
ic| len(dset): 10000
ic| len(dset): 60000
ic| len(dset): 10000
ic| len(dset): 60000
ic| len(dset): 10000
ic| len(dset): 60000
ic| len(dset): 10000
ic| len(dset): 60000
ic| len(dset): 10000
ic| len(dset): 60000
ic| len(dset): 10000
ic| len(dset): 60000
ic| len(dset): 10000
ic| len(dset): 60000
ic| len(dset): 10000
ic| len(dset): 60000
ic| len(dset): 10000
ic| len(dset): 60000
ic| len(dset): 10000
ic| len(dset): 60000
ic| len(dset): 10000
ic| len(dset): 60000
ic| len(dset): 10000
Namespace(batch_size=200, dataset='mnist07', dataroot='./data', outf='output/', num_classes=10, net_type='densenet', gpu=0)
load model: densenet
load target data:  mnist07
Temperature: 1 / noise: 0
Out-distribution: mnist89
Temperature: 1 / noise: 0.0005
Out-distribution: mnist89
Temperature: 1 / noise: 0.001
Out-distribution: mnist89
Temperature: 1 / noise: 0.0014
Out-distribution: mnist89
Temperature: 1 / noise: 0.002
Out-distribution: mnist89
Temperature: 1 / noise: 0.0024
Out-distribution: mnist89
Temperature: 1 / noise: 0.005
Out-distribution: mnist89
Temperature: 1 / noise: 0.01
Out-distribution: mnist89
Temperature: 1 / noise: 0.05
Out-distribution: mnist89
Temperature: 1 / noise: 0.1
Out-distribution: mnist89
Temperature: 1 / noise: 0.2
Out-distribution: mnist89
Temperature: 10 / noise: 0
Out-distribution: mnist89
Temperature: 10 / noise: 0.0005
Out-distribution: mnist89
Temperature: 10 / noise: 0.001
Out-distribution: mnist89
Temperature: 10 / noise: 0.0014
Out-distribution: mnist89
Temperature: 10 / noise: 0.002
Out-distribution: mnist89
Temperature: 10 / noise: 0.0024
Out-distribution: mnist89
Temperature: 10 / noise: 0.005
Out-distribution: mnist89
Temperature: 10 / noise: 0.01
Out-distribution: mnist89
Temperature: 10 / noise: 0.05
Out-distribution: mnist89
Temperature: 10 / noise: 0.1
Out-distribution: mnist89
Temperature: 10 / noise: 0.2
Out-distribution: mnist89
Temperature: 100 / noise: 0
Out-distribution: mnist89
Temperature: 100 / noise: 0.0005
Out-distribution: mnist89
Temperature: 100 / noise: 0.001
Out-distribution: mnist89
Temperature: 100 / noise: 0.0014
Out-distribution: mnist89
Temperature: 100 / noise: 0.002
Out-distribution: mnist89
Temperature: 100 / noise: 0.0024
Out-distribution: mnist89
Temperature: 100 / noise: 0.005
Out-distribution: mnist89
Temperature: 100 / noise: 0.01
Out-distribution: mnist89
Temperature: 100 / noise: 0.05
Out-distribution: mnist89
Temperature: 100 / noise: 0.1
Out-distribution: mnist89
Temperature: 100 / noise: 0.2
Out-distribution: mnist89
Temperature: 1000 / noise: 0
Out-distribution: mnist89
Temperature: 1000 / noise: 0.0005
Out-distribution: mnist89
Temperature: 1000 / noise: 0.001
Out-distribution: mnist89
Temperature: 1000 / noise: 0.0014
Out-distribution: mnist89
Temperature: 1000 / noise: 0.002
Out-distribution: mnist89
Temperature: 1000 / noise: 0.0024
Out-distribution: mnist89
Temperature: 1000 / noise: 0.005
Out-distribution: mnist89
Temperature: 1000 / noise: 0.01
Out-distribution: mnist89
Temperature: 1000 / noise: 0.05
Out-distribution: mnist89
Temperature: 1000 / noise: 0.1
Out-distribution: mnist89
Temperature: 1000 / noise: 0.2
Out-distribution: mnist89
Baseline method: in_distribution: mnist07==========
out_distribution: mnist89
 TNR95  TNR99  AUROC  DTACC  AUIN   AUOUT 
 99.80  73.75  99.00  96.60  99.83  91.67

ODIN method: in_distribution: mnist07==========
out_distribution: mnist89
 TNR95  TNR99  AUROC  DTACC  AUIN   AUOUT 
 99.39  77.31  99.00  96.57  99.82  92.90
temperature: 1
magnitude: 0.002

Traceback (most recent call last):
  File "/gpfs/accounts/sunwbgt_root/sunwbgt98/xysong/deep_Mahalanobis_detector/OOD_Baseline_and_ODIN.py", line 231, in <module>
    main()
  File "/gpfs/accounts/sunwbgt_root/sunwbgt98/xysong/deep_Mahalanobis_detector/OOD_Baseline_and_ODIN.py", line 215, in main
    print('out_distribution: ' + out_dist_list[count_out])
IndexError: list index out of range
ic| len(dset): 60000
ic| len(dset): 10000
/gpfs/accounts/sunwbgt_root/sunwbgt98/xysong/deep_Mahalanobis_detector/lib_generation.py:70: UserWarning: volatile was removed and now has no effect. Use `with torch.no_grad():` instead.
  data = Variable(data, volatile=True)
/gpfs/accounts/sunwbgt_root/sunwbgt98/xysong/deep_Mahalanobis_detector/lib_generation.py:183: UserWarning: This overload of add is deprecated:
	add(Tensor input, Number alpha, Tensor other, *, Tensor out)
Consider using one of the following signatures instead:
	add(Tensor input, Tensor other, *, Number alpha, Tensor out) (Triggered internally at  ../torch/csrc/utils/python_arg_parser.cpp:1174.)
  tempInputs = torch.add(data.data, -magnitude, gradient)
/gpfs/accounts/sunwbgt_root/sunwbgt98/xysong/deep_Mahalanobis_detector/lib_generation.py:186: UserWarning: volatile was removed and now has no effect. Use `with torch.no_grad():` instead.
  noise_out_features = model.intermediate_forward(Variable(tempInputs, volatile=True), layer_index)
ic| len(dset): 60000
ic| len(dset): 10000
ic| len(dset): 60000
ic| len(dset): 10000
ic| len(dset): 60000
ic| len(dset): 10000
ic| len(dset): 60000
ic| len(dset): 10000
ic| len(dset): 60000
ic| len(dset): 10000
ic| len(dset): 60000
ic| len(dset): 10000
ic| len(dset): 60000
ic| len(dset): 10000
Namespace(batch_size=200, dataset='mnist07', dataroot='./data', outf='./output/', num_classes=8, net_type='densenet', gpu=0)
load model: densenet
load target data:  mnist07
get sample mean and covariance

 Training Accuracy:(100.00%)

get Mahalanobis scores
Noise: 0.0
Out-distribution: mnist89
Noise: 0.01
Out-distribution: mnist89
Noise: 0.005
Out-distribution: mnist89
Noise: 0.002
Out-distribution: mnist89
Noise: 0.0014
Out-distribution: mnist89
Noise: 0.001
Out-distribution: mnist89
Noise: 0.0005
Out-distribution: mnist89
Namespace(net_type='densenet', ind_dset='mnist07')
In-distribution:  mnist07
Out-of-distribution:  mnist89
in_distribution: mnist07==========
out_distribution: mnist89
 TNR95  TNR99  AUROC  DTACC  AUIN   AUOUT 
 99.69 88.30  99.45  96.96  99.91  96.54
Input noise: Mahalanobis_0.0

